Log file open, 03/23/20 17:02:20
LogWindows: Failed to load 'aqProf.dll' (GetLastError=126)
LogWindows: File 'aqProf.dll' does not exist
LogWindows: Failed to load 'VtuneApi.dll' (GetLastError=126)
LogWindows: File 'VtuneApi.dll' does not exist
LogWindows: Failed to load 'VtuneApi32e.dll' (GetLastError=126)
LogWindows: File 'VtuneApi32e.dll' does not exist
LogConsoleResponse: Display: Failed to find resolution value strings in scalability ini. Falling back to default.
LogInit: Display: Running engine for game: AdvancedVRFrameworkV22
LogPlatformFile: Not using cached read wrapper
LogTaskGraph: Started task graph with 5 named threads and 14 total threads with 3 sets of task threads.
LogStats: Stats thread started at 0.143558
LogD3D11RHI: Loaded GFSDK_Aftermath_Lib.x64.dll
LogICUInternationalization: ICU TimeZone Detection - Raw Offset: -8:00, Platform Override: ''
LogPluginManager: Mounting plugin Paper2D
LogPluginManager: Mounting plugin AISupport
LogPluginManager: Mounting plugin LightPropagationVolume
LogPluginManager: Mounting plugin ActorLayerUtilities
LogPluginManager: Mounting plugin AnimationSharing
LogPluginManager: Mounting plugin CLionSourceCodeAccess
LogPluginManager: Mounting plugin CodeLiteSourceCodeAccess
LogPluginManager: Mounting plugin GitSourceControl
LogPluginManager: Mounting plugin KDevelopSourceCodeAccess
LogPluginManager: Mounting plugin NullSourceCodeAccess
LogPluginManager: Mounting plugin PerforceSourceControl
LogPluginManager: Mounting plugin PlasticSourceControl
LogPluginManager: Mounting plugin SubversionSourceControl
LogPluginManager: Mounting plugin UObjectPlugin
LogPluginManager: Mounting plugin VisualStudioCodeSourceCodeAccess
LogPluginManager: Mounting plugin VisualStudioSourceCodeAccess
LogPluginManager: Mounting plugin XCodeSourceCodeAccess
LogPluginManager: Mounting plugin AssetManagerEditor
LogPluginManager: Mounting plugin CryptoKeys
LogPluginManager: Mounting plugin CurveEditorTools
LogPluginManager: Mounting plugin DataValidation
LogPluginManager: Mounting plugin FacialAnimation
LogPluginManager: Mounting plugin GameplayTagsEditor
LogPluginManager: Mounting plugin MacGraphicsSwitching
LogPluginManager: Mounting plugin MaterialAnalyzer
LogPluginManager: Mounting plugin MobileLauncherProfileWizard
LogPluginManager: Mounting plugin PluginBrowser
LogPluginManager: Mounting plugin SpeedTreeImporter
LogPluginManager: Mounting plugin DatasmithContent
LogPluginManager: Mounting plugin VariantManagerContent
LogPluginManager: Mounting plugin AlembicImporter
LogPluginManager: Mounting plugin AutomationUtils
LogPluginManager: Mounting plugin BackChannel
LogPluginManager: Mounting plugin CharacterAI
LogPluginManager: Mounting plugin GeometryCache
LogPluginManager: Mounting plugin PlatformCrypto
LogPluginManager: Mounting plugin ProxyLODPlugin
LogPluginManager: Mounting plugin SkeletalReduction
LogPluginManager: Mounting plugin MagicLeap
LogPluginManager: Mounting plugin MagicLeapMedia
LogPluginManager: Mounting plugin MLSDK
LogPluginManager: Mounting plugin AndroidMedia
LogPluginManager: Mounting plugin AvfMedia
LogPluginManager: Mounting plugin ImgMedia
LogPluginManager: Mounting plugin MediaCompositing
LogPluginManager: Mounting plugin MediaPlayerEditor
LogPluginManager: Mounting plugin WebMMedia
LogPluginManager: Mounting plugin WmfMedia
LogPluginManager: Mounting plugin TcpMessaging
LogPluginManager: Mounting plugin UdpMessaging
LogPluginManager: Mounting plugin ActorSequence
LogPluginManager: Mounting plugin LevelSequenceEditor
LogPluginManager: Mounting plugin MatineeToLevelSequence
LogPluginManager: Mounting plugin NetcodeUnitTest
LogPluginManager: Mounting plugin NUTUnrealEngine4
LogPluginManager: Mounting plugin OnlineSubsystemGooglePlay
LogPluginManager: Mounting plugin OnlineSubsystemIOS
LogPluginManager: Mounting plugin OnlineSubsystem
LogPluginManager: Mounting plugin OnlineSubsystemNull
LogPluginManager: Mounting plugin OnlineSubsystemUtils
LogPluginManager: Mounting plugin LauncherChunkInstaller
LogPluginManager: Mounting plugin AndroidDeviceProfileSelector
LogPluginManager: Mounting plugin AndroidMoviePlayer
LogPluginManager: Mounting plugin AndroidPermission
LogPluginManager: Mounting plugin ApexDestruction
LogPluginManager: Mounting plugin AppleImageUtils
LogPluginManager: Mounting plugin AppleMoviePlayer
LogPluginManager: Mounting plugin ArchVisCharacter
LogPluginManager: Mounting plugin AssetTags
LogPluginManager: Mounting plugin AudioCapture
LogPluginManager: Mounting plugin CableComponent
LogPluginManager: Mounting plugin CustomMeshComponent
LogPluginManager: Mounting plugin EditableMesh
LogPluginManager: Mounting plugin ExampleDeviceProfileSelector
LogPluginManager: Mounting plugin GoogleCloudMessaging
LogPluginManager: Mounting plugin IOSDeviceProfileSelector
LogPluginManager: Mounting plugin LinuxDeviceProfileSelector
LogPluginManager: Mounting plugin LocationServicesBPLibrary
LogPluginManager: Mounting plugin MobilePatchingUtils
LogPluginManager: Mounting plugin OculusVR
LogPluginManager: Mounting plugin PhysXVehicles
LogPluginManager: Mounting plugin PostSplashScreen
LogPluginManager: Mounting plugin ProceduralMeshComponent
LogPluginManager: Mounting plugin RuntimePhysXCooking
LogPluginManager: Mounting plugin SignificanceManager
LogPluginManager: Mounting plugin SteamVR
LogPluginManager: Mounting plugin WebBrowserWidget
LogPluginManager: Mounting plugin WebMMoviePlayer
LogPluginManager: Mounting plugin WindowsMoviePlayer
LogPluginManager: Mounting plugin ScreenshotTools
LogInit: Using libcurl 7.55.1-DEV
LogInit:  - built for x86_64-pc-win32
LogInit:  - supports SSL with OpenSSL/1.1.1
LogInit:  - supports HTTP deflate (compression) using libz 1.2.8
LogInit:  - other features:
LogInit:      CURL_VERSION_SSL
LogInit:      CURL_VERSION_LIBZ
LogInit:      CURL_VERSION_IPV6
LogInit:      CURL_VERSION_ASYNCHDNS
LogInit:      CURL_VERSION_LARGEFILE
LogInit:      CURL_VERSION_IDN
LogInit:  CurlRequestOptions (configurable via config and command line):
LogInit:  - bVerifyPeer = true  - Libcurl will verify peer certificate
LogInit:  - bUseHttpProxy = false  - Libcurl will NOT use HTTP proxy
LogInit:  - bDontReuseConnections = false  - Libcurl will reuse connections
LogInit:  - MaxHostConnections = 16  - Libcurl will limit the number of connections to a host
LogInit:  - LocalHostAddr = Default
LogInit:  - BufferSize = 65536
LogOnline: OSS: Creating online subsystem instance for: NULL
LogInit: WinSock: version 1.1 (2.2), MaxSocks=32767, MaxUdp=65467
LogOnline: OSS: TryLoadSubsystemAndSetDefault: Loaded subsystem for module [NULL]
LogInit: Build: ++UE4+Release-4.24-CL-11590370
LogInit: Engine Version: 4.24.3-11590370+++UE4+Release-4.24
LogInit: Compatible Engine Version: 4.24.0-10570792+++UE4+Release-4.24
LogInit: Net CL: 10570792
LogInit: OS: Windows 10 (Release 1903) (), CPU: Intel(R) Core(TM) i5-4690K CPU @ 3.50GHz, GPU: NVIDIA GeForce GTX 1660 Ti
LogInit: Compiled (64-bit): Feb 24 2020 15:39:18
LogInit: Compiled with Visual C++: 19.16.27032.01
LogInit: Build Configuration: Development
LogInit: Branch Name: ++UE4+Release-4.24
LogInit: Command Line: 
LogInit: Base Directory: D:/Epic Games/UE_4.24/Engine/Binaries/Win64/
LogInit: Installed Engine Build: 1
LogDevObjectVersion: Number of dev versions registered: 25
LogDevObjectVersion:   Dev-Blueprints (B0D832E4-1F89-4F0D-ACCF-7EB736FD4AA2): 10
LogDevObjectVersion:   Dev-Build (E1C64328-A22C-4D53-A36C-8E866417BD8C): 0
LogDevObjectVersion:   Dev-Core (375EC13C-06E4-48FB-B500-84F0262A717E): 3
LogDevObjectVersion:   Dev-Editor (E4B068ED-F494-42E9-A231-DA0B2E46BB41): 37
LogDevObjectVersion:   Dev-Framework (CFFC743F-43B0-4480-9391-14DF171D2073): 36
LogDevObjectVersion:   Dev-Mobile (B02B49B5-BB20-44E9-A304-32B752E40360): 2
LogDevObjectVersion:   Dev-Networking (A4E4105C-59A1-49B5-A7C5-40C4547EDFEE): 0
LogDevObjectVersion:   Dev-Online (39C831C9-5AE6-47DC-9A44-9C173E1C8E7C): 0
LogDevObjectVersion:   Dev-Physics (78F01B33-EBEA-4F98-B9B4-84EACCB95AA2): 2
LogDevObjectVersion:   Dev-Platform (6631380F-2D4D-43E0-8009-CF276956A95A): 0
LogDevObjectVersion:   Dev-Rendering (12F88B9F-8875-4AFC-A67C-D90C383ABD29): 36
LogDevObjectVersion:   Dev-Sequencer (7B5AE74C-D270-4C10-A958-57980B212A5A): 11
LogDevObjectVersion:   Dev-VR (D7296918-1DD6-4BDD-9DE2-64A83CC13884): 2
LogDevObjectVersion:   Dev-LoadTimes (C2A15278-BFE7-4AFE-6C17-90FF531DF755): 1
LogDevObjectVersion:   Private-Geometry (6EACA3D4-40EC-4CC1-B786-8BED09428FC5): 3
LogDevObjectVersion:   Dev-AnimPhys (29E575DD-E0A3-4627-9D10-D276232CDCEA): 17
LogDevObjectVersion:   Dev-Anim (AF43A65D-7FD3-4947-9873-3E8ED9C1BB05): 2
LogDevObjectVersion:   Dev-ReflectionCapture (6B266CEC-1EC7-4B8F-A30B-E4D90942FC07): 1
LogDevObjectVersion:   Dev-Automation (0DF73D61-A23F-47EA-B727-89E90C41499A): 1
LogDevObjectVersion:   FortniteMain (601D1886-AC64-4F84-AA16-D3DE0DEAC7D6): 31
LogDevObjectVersion:   Dev-Enterprise (9DFFBCD6-494F-0158-E221-12823C92A888): 8
LogDevObjectVersion:   Dev-Niagara (F2AED0AC-9AFE-416F-8664-AA7FFA26D6FC): 1
LogDevObjectVersion:   Dev-Destruction (174F1F0B-B4C6-45A5-B13F-2EE8D0FB917D): 9
LogDevObjectVersion:   Dev-Physics-Ext (35F94A83-E258-406C-A318-09F59610247C): 8
LogDevObjectVersion:   Dev-CineCamera (B2E18506-4273-CFC2-A54E-F4BB758BBA07): 1
LogInit: Presizing for max 25165824 objects, including 0 objects not considered by GC, pre-allocating 0 bytes for permanent pool.
LogInit: Object subsystem initialized
LogConfig: Setting CVar [[con.DebugEarlyDefault:1]]
LogConfig: Setting CVar [[r.setres:1280x720]]
[2020.03.24-00.02.20:588][  0]LogConfig: Setting CVar [[r.VSync:0]]
[2020.03.24-00.02.20:588][  0]LogConfig: Setting CVar [[r.RHICmdBypass:0]]
[2020.03.24-00.02.20:588][  0]LogConfig: Applying CVar settings from Section [/Script/Engine.RendererSettings] File [D:/GitHub/Le-VR-Project/Saved/Config/Windows/Engine.ini]
[2020.03.24-00.02.20:588][  0]LogConfig: Setting CVar [[r.GPUCrashDebugging:0]]
[2020.03.24-00.02.20:588][  0]LogConfig: Setting CVar [[r.CustomDepth:3]]
[2020.03.24-00.02.20:588][  0]LogConfig: Setting CVar [[r.DefaultFeature.Bloom:1]]
[2020.03.24-00.02.20:588][  0]LogConfig: Setting CVar [[r.DefaultFeature.AutoExposure:0]]
[2020.03.24-00.02.20:588][  0]LogConfig: Setting CVar [[vr.InstancedStereo:1]]
[2020.03.24-00.02.20:588][  0]LogConfig: Setting CVar [[r.ForwardShading:0]]
[2020.03.24-00.02.20:588][  0]LogConfig: Setting CVar [[r.DefaultFeature.MotionBlur:0]]
[2020.03.24-00.02.20:588][  0]LogConfig: Setting CVar [[r.CustomDepthTemporalAAJitter:1]]
[2020.03.24-00.02.20:588][  0]LogConfig: Setting CVar [[r.MobileMSAA:1]]
[2020.03.24-00.02.20:588][  0]LogConfig: Setting CVar [[r.TextureStreaming:0]]
[2020.03.24-00.02.20:588][  0]LogConfig: Setting CVar [[r.DefaultFeature.AmbientOcclusion:1]]
[2020.03.24-00.02.20:588][  0]LogConfig: Setting CVar [[r.DefaultFeature.AmbientOcclusionStaticFraction:1]]
[2020.03.24-00.02.20:588][  0]LogConfig: Setting CVar [[r.ReflectionCaptureResolution:256]]
[2020.03.24-00.02.20:588][  0]LogConfig: Setting CVar [[r.DefaultFeature.AutoExposure.Method:0]]
[2020.03.24-00.02.20:588][  0]LogConfig: Setting CVar [[r.AllowGlobalClipPlane:0]]
[2020.03.24-00.02.20:588][  0]LogConfig: Setting CVar [[r.NormalMapsForStaticLighting:1]]
[2020.03.24-00.02.20:588][  0]LogConfig: Setting CVar [[r.DefaultFeature.AntiAliasing:2]]
[2020.03.24-00.02.20:588][  0]LogConfig: Applying CVar settings from Section [/Script/Engine.RendererOverrideSettings] File [D:/GitHub/Le-VR-Project/Saved/Config/Windows/Engine.ini]
[2020.03.24-00.02.20:588][  0]LogConfig: Applying CVar settings from Section [/Script/Engine.StreamingSettings] File [D:/GitHub/Le-VR-Project/Saved/Config/Windows/Engine.ini]
[2020.03.24-00.02.20:588][  0]LogConfig: Setting CVar [[s.MinBulkDataSizeForAsyncLoading:131072]]
[2020.03.24-00.02.20:588][  0]LogConfig: Setting CVar [[s.AsyncLoadingThreadEnabled:0]]
[2020.03.24-00.02.20:588][  0]LogConfig: Setting CVar [[s.EventDrivenLoaderEnabled:1]]
[2020.03.24-00.02.20:588][  0]LogConfig: Setting CVar [[s.WarnIfTimeLimitExceeded:0]]
[2020.03.24-00.02.20:588][  0]LogConfig: Setting CVar [[s.TimeLimitExceededMultiplier:1.5]]
[2020.03.24-00.02.20:588][  0]LogConfig: Setting CVar [[s.TimeLimitExceededMinTime:0.005]]
[2020.03.24-00.02.20:588][  0]LogConfig: Setting CVar [[s.UseBackgroundLevelStreaming:1]]
[2020.03.24-00.02.20:588][  0]LogConfig: Setting CVar [[s.PriorityAsyncLoadingExtraTime:15.0]]
[2020.03.24-00.02.20:588][  0]LogConfig: Setting CVar [[s.LevelStreamingActorsUpdateTimeLimit:5.0]]
[2020.03.24-00.02.20:588][  0]LogConfig: Setting CVar [[s.PriorityLevelStreamingActorsUpdateExtraTime:5.0]]
[2020.03.24-00.02.20:588][  0]LogConfig: Setting CVar [[s.LevelStreamingComponentsRegistrationGranularity:10]]
[2020.03.24-00.02.20:588][  0]LogConfig: Setting CVar [[s.UnregisterComponentsTimeLimit:1.0]]
[2020.03.24-00.02.20:588][  0]LogConfig: Setting CVar [[s.LevelStreamingComponentsUnregistrationGranularity:5]]
[2020.03.24-00.02.20:588][  0]LogConfig: Setting CVar [[s.FlushStreamingOnExit:1]]
[2020.03.24-00.02.20:588][  0]LogConfig: Applying CVar settings from Section [/Script/Engine.GarbageCollectionSettings] File [D:/GitHub/Le-VR-Project/Saved/Config/Windows/Engine.ini]
[2020.03.24-00.02.20:588][  0]LogConfig: Setting CVar [[gc.MaxObjectsNotConsideredByGC:1]]
[2020.03.24-00.02.20:588][  0]LogConfig: Setting CVar [[gc.SizeOfPermanentObjectPool:0]]
[2020.03.24-00.02.20:588][  0]LogConfig: Setting CVar [[gc.FlushStreamingOnGC:0]]
[2020.03.24-00.02.20:588][  0]LogConfig: Setting CVar [[gc.NumRetriesBeforeForcingGC:10]]
[2020.03.24-00.02.20:588][  0]LogConfig: Setting CVar [[gc.AllowParallelGC:1]]
[2020.03.24-00.02.20:588][  0]LogConfig: Setting CVar [[gc.TimeBetweenPurgingPendingKillObjects:61.1]]
[2020.03.24-00.02.20:588][  0]LogConfig: Setting CVar [[gc.MaxObjectsInEditor:25165824]]
[2020.03.24-00.02.20:588][  0]LogConfig: Setting CVar [[gc.IncrementalBeginDestroyEnabled:1]]
[2020.03.24-00.02.20:588][  0]LogConfig: Setting CVar [[gc.CreateGCClusters:1]]
[2020.03.24-00.02.20:588][  0]LogConfig: Setting CVar [[gc.MinGCClusterSize:5]]
[2020.03.24-00.02.20:588][  0]LogConfig: Setting CVar [[gc.ActorClusteringEnabled:0]]
[2020.03.24-00.02.20:588][  0]LogConfig: Setting CVar [[gc.BlueprintClusteringEnabled:0]]
[2020.03.24-00.02.20:588][  0]LogConfig: Setting CVar [[gc.UseDisregardForGCOnDedicatedServers:0]]
[2020.03.24-00.02.20:588][  0]LogConfig: Applying CVar settings from Section [/Script/Engine.NetworkSettings] File [D:/GitHub/Le-VR-Project/Saved/Config/Windows/Engine.ini]
[2020.03.24-00.02.20:588][  0]LogConfig: Applying CVar settings from Section [/Script/UnrealEd.CookerSettings] File [D:/GitHub/Le-VR-Project/Saved/Config/Windows/Engine.ini]
[2020.03.24-00.02.20:593][  0]LogConfig: Applying CVar settings from Section [ViewDistanceQuality@3] File [D:/GitHub/Le-VR-Project/Saved/Config/Windows/Scalability.ini]
[2020.03.24-00.02.20:593][  0]LogConfig: Setting CVar [[r.SkeletalMeshLODBias:0]]
[2020.03.24-00.02.20:593][  0]LogConfig: Setting CVar [[r.ViewDistanceScale:1.0]]
[2020.03.24-00.02.20:593][  0]LogConfig: Applying CVar settings from Section [AntiAliasingQuality@3] File [D:/GitHub/Le-VR-Project/Saved/Config/Windows/Scalability.ini]
[2020.03.24-00.02.20:593][  0]LogConfig: Setting CVar [[r.PostProcessAAQuality:4]]
[2020.03.24-00.02.20:593][  0]LogConfig: Applying CVar settings from Section [ShadowQuality@3] File [D:/GitHub/Le-VR-Project/Saved/Config/Windows/Scalability.ini]
[2020.03.24-00.02.20:593][  0]LogConfig: Setting CVar [[r.LightFunctionQuality:1]]
[2020.03.24-00.02.20:593][  0]LogConfig: Setting CVar [[r.ShadowQuality:5]]
[2020.03.24-00.02.20:593][  0]LogConfig: Setting CVar [[r.Shadow.CSM.MaxCascades:10]]
[2020.03.24-00.02.20:593][  0]LogConfig: Setting CVar [[r.Shadow.MaxResolution:2048]]
[2020.03.24-00.02.20:593][  0]LogConfig: Setting CVar [[r.Shadow.MaxCSMResolution:2048]]
[2020.03.24-00.02.20:593][  0]LogConfig: Setting CVar [[r.Shadow.RadiusThreshold:0.01]]
[2020.03.24-00.02.20:593][  0]LogConfig: Setting CVar [[r.Shadow.DistanceScale:1.0]]
[2020.03.24-00.02.20:593][  0]LogConfig: Setting CVar [[r.Shadow.CSM.TransitionScale:1.0]]
[2020.03.24-00.02.20:593][  0]LogConfig: Setting CVar [[r.Shadow.PreShadowResolutionFactor:1.0]]
[2020.03.24-00.02.20:593][  0]LogConfig: Setting CVar [[r.DistanceFieldShadowing:1]]
[2020.03.24-00.02.20:593][  0]LogConfig: Setting CVar [[r.DistanceFieldAO:1]]
[2020.03.24-00.02.20:593][  0]LogConfig: Setting CVar [[r.AOQuality:2]]
[2020.03.24-00.02.20:593][  0]LogConfig: Setting CVar [[r.VolumetricFog:1]]
[2020.03.24-00.02.20:593][  0]LogConfig: Setting CVar [[r.VolumetricFog.GridPixelSize:8]]
[2020.03.24-00.02.20:593][  0]LogConfig: Setting CVar [[r.VolumetricFog.GridSizeZ:128]]
[2020.03.24-00.02.20:593][  0]LogConfig: Setting CVar [[r.VolumetricFog.HistoryMissSupersampleCount:4]]
[2020.03.24-00.02.20:593][  0]LogConfig: Setting CVar [[r.LightMaxDrawDistanceScale:1]]
[2020.03.24-00.02.20:593][  0]LogConfig: Setting CVar [[r.CapsuleShadows:1]]
[2020.03.24-00.02.20:593][  0]LogConfig: Applying CVar settings from Section [PostProcessQuality@3] File [D:/GitHub/Le-VR-Project/Saved/Config/Windows/Scalability.ini]
[2020.03.24-00.02.20:593][  0]LogConfig: Setting CVar [[r.MotionBlurQuality:4]]
[2020.03.24-00.02.20:593][  0]LogConfig: Setting CVar [[r.AmbientOcclusionMipLevelFactor:0.4]]
[2020.03.24-00.02.20:593][  0]LogConfig: Setting CVar [[r.AmbientOcclusionMaxQuality:100]]
[2020.03.24-00.02.20:593][  0]LogConfig: Setting CVar [[r.AmbientOcclusionLevels:-1]]
[2020.03.24-00.02.20:593][  0]LogConfig: Setting CVar [[r.AmbientOcclusionRadiusScale:1.0]]
[2020.03.24-00.02.20:593][  0]LogConfig: Setting CVar [[r.DepthOfFieldQuality:2]]
[2020.03.24-00.02.20:593][  0]LogConfig: Setting CVar [[r.RenderTargetPoolMin:400]]
[2020.03.24-00.02.20:593][  0]LogConfig: Setting CVar [[r.LensFlareQuality:2]]
[2020.03.24-00.02.20:593][  0]LogConfig: Setting CVar [[r.SceneColorFringeQuality:1]]
[2020.03.24-00.02.20:593][  0]LogConfig: Setting CVar [[r.EyeAdaptationQuality:2]]
[2020.03.24-00.02.20:593][  0]LogConfig: Setting CVar [[r.BloomQuality:5]]
[2020.03.24-00.02.20:593][  0]LogConfig: Setting CVar [[r.FastBlurThreshold:100]]
[2020.03.24-00.02.20:593][  0]LogConfig: Setting CVar [[r.Upscale.Quality:3]]
[2020.03.24-00.02.20:593][  0]LogConfig: Setting CVar [[r.Tonemapper.GrainQuantization:1]]
[2020.03.24-00.02.20:593][  0]LogConfig: Setting CVar [[r.LightShaftQuality:1]]
[2020.03.24-00.02.20:593][  0]LogConfig: Setting CVar [[r.Filter.SizeScale:1]]
[2020.03.24-00.02.20:593][  0]LogConfig: Setting CVar [[r.Tonemapper.Quality:5]]
[2020.03.24-00.02.20:593][  0]LogConfig: Setting CVar [[r.DOF.Gather.AccumulatorQuality:1        ; higher gathering accumulator quality]]
[2020.03.24-00.02.20:593][  0]LogConfig: Setting CVar [[r.DOF.Gather.PostfilterMethod:1          ; Median3x3 postfilering method]]
[2020.03.24-00.02.20:593][  0]LogConfig: Setting CVar [[r.DOF.Gather.EnableBokehSettings:0       ; no bokeh simulation when gathering]]
[2020.03.24-00.02.20:593][  0]LogConfig: Setting CVar [[r.DOF.Gather.RingCount:4                 ; medium number of samples when gathering]]
[2020.03.24-00.02.20:593][  0]LogConfig: Setting CVar [[r.DOF.Scatter.ForegroundCompositing:1    ; additive foreground scattering]]
[2020.03.24-00.02.20:593][  0]LogConfig: Setting CVar [[r.DOF.Scatter.BackgroundCompositing:2    ; additive background scattering]]
[2020.03.24-00.02.20:593][  0]LogConfig: Setting CVar [[r.DOF.Scatter.EnableBokehSettings:1      ; bokeh simulation when scattering]]
[2020.03.24-00.02.20:593][  0]LogConfig: Setting CVar [[r.DOF.Scatter.MaxSpriteRatio:0.1         ; only a maximum of 10% of scattered bokeh]]
[2020.03.24-00.02.20:593][  0]LogConfig: Setting CVar [[r.DOF.Recombine.Quality:1                ; cheap slight out of focus]]
[2020.03.24-00.02.20:593][  0]LogConfig: Setting CVar [[r.DOF.Recombine.EnableBokehSettings:0    ; no bokeh simulation on slight out of focus]]
[2020.03.24-00.02.20:593][  0]LogConfig: Setting CVar [[r.DOF.TemporalAAQuality:1                ; more stable temporal accumulation]]
[2020.03.24-00.02.20:593][  0]LogConfig: Setting CVar [[r.DOF.Kernel.MaxForegroundRadius:0.025]]
[2020.03.24-00.02.20:593][  0]LogConfig: Setting CVar [[r.DOF.Kernel.MaxBackgroundRadius:0.025]]
[2020.03.24-00.02.20:593][  0]LogConfig: Applying CVar settings from Section [TextureQuality@3] File [D:/GitHub/Le-VR-Project/Saved/Config/Windows/Scalability.ini]
[2020.03.24-00.02.20:593][  0]LogConfig: Setting CVar [[r.Streaming.MipBias:0]]
[2020.03.24-00.02.20:593][  0]LogConfig: Setting CVar [[r.Streaming.AmortizeCPUToGPUCopy:0]]
[2020.03.24-00.02.20:593][  0]LogConfig: Setting CVar [[r.Streaming.MaxNumTexturesToStreamPerFrame:0]]
[2020.03.24-00.02.20:593][  0]LogConfig: Setting CVar [[r.Streaming.Boost:1]]
[2020.03.24-00.02.20:593][  0]LogConfig: Setting CVar [[r.MaxAnisotropy:8]]
[2020.03.24-00.02.20:593][  0]LogConfig: Setting CVar [[r.VT.MaxAnisotropy:8]]
[2020.03.24-00.02.20:593][  0]LogConfig: Setting CVar [[r.Streaming.LimitPoolSizeToVRAM:0]]
[2020.03.24-00.02.20:593][  0]LogConfig: Setting CVar [[r.Streaming.PoolSize:1000]]
[2020.03.24-00.02.20:593][  0]LogConfig: Setting CVar [[r.Streaming.MaxEffectiveScreenSize:0]]
[2020.03.24-00.02.20:593][  0]LogConfig: Applying CVar settings from Section [EffectsQuality@3] File [D:/GitHub/Le-VR-Project/Saved/Config/Windows/Scalability.ini]
[2020.03.24-00.02.20:593][  0]LogConfig: Setting CVar [[r.TranslucencyLightingVolumeDim:64]]
[2020.03.24-00.02.20:593][  0]LogConfig: Setting CVar [[r.RefractionQuality:2]]
[2020.03.24-00.02.20:593][  0]LogConfig: Setting CVar [[r.SSR.Quality:3]]
[2020.03.24-00.02.20:593][  0]LogConfig: Setting CVar [[r.SSR.HalfResSceneColor:0]]
[2020.03.24-00.02.20:593][  0]LogConfig: Setting CVar [[r.SceneColorFormat:4]]
[2020.03.24-00.02.20:593][  0]LogConfig: Setting CVar [[r.DetailMode:2]]
[2020.03.24-00.02.20:593][  0]LogConfig: Setting CVar [[r.TranslucencyVolumeBlur:1]]
[2020.03.24-00.02.20:593][  0]LogConfig: Setting CVar [[r.MaterialQualityLevel:1 ; High quality]]
[2020.03.24-00.02.20:593][  0]LogConfig: Setting CVar [[r.SSS.Scale:1]]
[2020.03.24-00.02.20:593][  0]LogConfig: Setting CVar [[r.SSS.SampleSet:2]]
[2020.03.24-00.02.20:593][  0]LogConfig: Setting CVar [[r.SSS.Quality:1]]
[2020.03.24-00.02.20:593][  0]LogConfig: Setting CVar [[r.SSS.HalfRes:1]]
[2020.03.24-00.02.20:593][  0]LogConfig: Setting CVar [[r.SSGI.Quality:3]]
[2020.03.24-00.02.20:593][  0]LogConfig: Setting CVar [[r.EmitterSpawnRateScale:1.0]]
[2020.03.24-00.02.20:593][  0]LogConfig: Setting CVar [[r.ParticleLightQuality:2]]
[2020.03.24-00.02.20:593][  0]LogConfig: Setting CVar [[r.SkyAtmosphere.AerialPerspectiveLUT.FastApplyOnOpaque:1 ; Always have FastSkyLUT 1 in this case to avoid wrong sky]]
[2020.03.24-00.02.20:594][  0]LogConfig: Setting CVar [[r.SkyAtmosphere.AerialPerspectiveLUT.SampleCountPerSlice:1]]
[2020.03.24-00.02.20:594][  0]LogConfig: Setting CVar [[r.SkyAtmosphere.AerialPerspectiveLUT.DepthResolution:16.0]]
[2020.03.24-00.02.20:594][  0]LogConfig: Setting CVar [[r.SkyAtmosphere.FastSkyLUT:1]]
[2020.03.24-00.02.20:594][  0]LogConfig: Setting CVar [[r.SkyAtmosphere.FastSkyLUT.SampleCountMin:4.0]]
[2020.03.24-00.02.20:594][  0]LogConfig: Setting CVar [[r.SkyAtmosphere.FastSkyLUT.SampleCountMax:32.0]]
[2020.03.24-00.02.20:594][  0]LogConfig: Setting CVar [[r.SkyAtmosphere.SampleCountMin:4.0]]
[2020.03.24-00.02.20:594][  0]LogConfig: Setting CVar [[r.SkyAtmosphere.SampleCountMax:32.0]]
[2020.03.24-00.02.20:594][  0]LogConfig: Setting CVar [[r.SkyAtmosphere.TransmittanceLUT.UseSmallFormat:0]]
[2020.03.24-00.02.20:594][  0]LogConfig: Setting CVar [[r.SkyAtmosphere.TransmittanceLUT.SampleCount:10.0]]
[2020.03.24-00.02.20:594][  0]LogConfig: Setting CVar [[r.SkyAtmosphere.MultiScatteringLUT.SampleCount:15.0]]
[2020.03.24-00.02.20:594][  0]LogConfig: Applying CVar settings from Section [FoliageQuality@3] File [D:/GitHub/Le-VR-Project/Saved/Config/Windows/Scalability.ini]
[2020.03.24-00.02.20:594][  0]LogConfig: Setting CVar [[foliage.DensityScale:1.0]]
[2020.03.24-00.02.20:594][  0]LogConfig: Setting CVar [[grass.DensityScale:1.0]]
[2020.03.24-00.02.20:594][  0]LogConfig: Applying CVar settings from Section [ShadingQuality@3] File [D:/GitHub/Le-VR-Project/Saved/Config/Windows/Scalability.ini]
[2020.03.24-00.02.20:594][  0]LogConfig: Setting CVar [[r.HairStrands.SkyLighting.SampleCount:16]]
[2020.03.24-00.02.20:594][  0]LogConfig: Setting CVar [[r.HairStrands.SkyLighting.JitterIntegration:0]]
[2020.03.24-00.02.20:594][  0]LogConfig: Setting CVar [[r.HairStrands.SkyAO.SampleCount:16]]
[2020.03.24-00.02.20:594][  0]LogInit: Selected Device Profile: [Windows]
[2020.03.24-00.02.20:594][  0]LogInit: Applying CVar settings loaded from the selected device profile: [Windows]
[2020.03.24-00.02.20:596][  0]LogHAL: Display: Platform has ~ 16 GB [16981479424 / 17179869184 / 16], which maps to Larger [LargestMinGB=32, LargerMinGB=12, DefaultMinGB=8, SmallerMinGB=6, SmallestMinGB=0)
[2020.03.24-00.02.20:596][  0]LogInit: Going up to parent DeviceProfile []
[2020.03.24-00.02.20:596][  0]LogConfig: Applying CVar settings from Section [ViewDistanceQuality@3] File [D:/GitHub/Le-VR-Project/Saved/Config/Windows/Scalability.ini]
[2020.03.24-00.02.20:596][  0]LogConfig: Setting CVar [[r.SkeletalMeshLODBias:0]]
[2020.03.24-00.02.20:596][  0]LogConfig: Setting CVar [[r.ViewDistanceScale:1.0]]
[2020.03.24-00.02.20:596][  0]LogConfig: Applying CVar settings from Section [AntiAliasingQuality@3] File [D:/GitHub/Le-VR-Project/Saved/Config/Windows/Scalability.ini]
[2020.03.24-00.02.20:596][  0]LogConfig: Setting CVar [[r.PostProcessAAQuality:4]]
[2020.03.24-00.02.20:596][  0]LogConfig: Applying CVar settings from Section [ShadowQuality@3] File [D:/GitHub/Le-VR-Project/Saved/Config/Windows/Scalability.ini]
[2020.03.24-00.02.20:596][  0]LogConfig: Setting CVar [[r.LightFunctionQuality:1]]
[2020.03.24-00.02.20:596][  0]LogConfig: Setting CVar [[r.ShadowQuality:5]]
[2020.03.24-00.02.20:596][  0]LogConfig: Setting CVar [[r.Shadow.CSM.MaxCascades:10]]
[2020.03.24-00.02.20:596][  0]LogConfig: Setting CVar [[r.Shadow.MaxResolution:2048]]
[2020.03.24-00.02.20:596][  0]LogConfig: Setting CVar [[r.Shadow.MaxCSMResolution:2048]]
[2020.03.24-00.02.20:596][  0]LogConfig: Setting CVar [[r.Shadow.RadiusThreshold:0.01]]
[2020.03.24-00.02.20:596][  0]LogConfig: Setting CVar [[r.Shadow.DistanceScale:1.0]]
[2020.03.24-00.02.20:596][  0]LogConfig: Setting CVar [[r.Shadow.CSM.TransitionScale:1.0]]
[2020.03.24-00.02.20:596][  0]LogConfig: Setting CVar [[r.Shadow.PreShadowResolutionFactor:1.0]]
[2020.03.24-00.02.20:596][  0]LogConfig: Setting CVar [[r.DistanceFieldShadowing:1]]
[2020.03.24-00.02.20:596][  0]LogConfig: Setting CVar [[r.DistanceFieldAO:1]]
[2020.03.24-00.02.20:596][  0]LogConfig: Setting CVar [[r.AOQuality:2]]
[2020.03.24-00.02.20:596][  0]LogConfig: Setting CVar [[r.VolumetricFog:1]]
[2020.03.24-00.02.20:596][  0]LogConfig: Setting CVar [[r.VolumetricFog.GridPixelSize:8]]
[2020.03.24-00.02.20:596][  0]LogConfig: Setting CVar [[r.VolumetricFog.GridSizeZ:128]]
[2020.03.24-00.02.20:596][  0]LogConfig: Setting CVar [[r.VolumetricFog.HistoryMissSupersampleCount:4]]
[2020.03.24-00.02.20:596][  0]LogConfig: Setting CVar [[r.LightMaxDrawDistanceScale:1]]
[2020.03.24-00.02.20:596][  0]LogConfig: Setting CVar [[r.CapsuleShadows:1]]
[2020.03.24-00.02.20:596][  0]LogConfig: Applying CVar settings from Section [PostProcessQuality@3] File [D:/GitHub/Le-VR-Project/Saved/Config/Windows/Scalability.ini]
[2020.03.24-00.02.20:596][  0]LogConfig: Setting CVar [[r.MotionBlurQuality:4]]
[2020.03.24-00.02.20:596][  0]LogConfig: Setting CVar [[r.AmbientOcclusionMipLevelFactor:0.4]]
[2020.03.24-00.02.20:596][  0]LogConfig: Setting CVar [[r.AmbientOcclusionMaxQuality:100]]
[2020.03.24-00.02.20:596][  0]LogConfig: Setting CVar [[r.AmbientOcclusionLevels:-1]]
[2020.03.24-00.02.20:596][  0]LogConfig: Setting CVar [[r.AmbientOcclusionRadiusScale:1.0]]
[2020.03.24-00.02.20:596][  0]LogConfig: Setting CVar [[r.DepthOfFieldQuality:2]]
[2020.03.24-00.02.20:596][  0]LogConfig: Setting CVar [[r.RenderTargetPoolMin:400]]
[2020.03.24-00.02.20:596][  0]LogConfig: Setting CVar [[r.LensFlareQuality:2]]
[2020.03.24-00.02.20:596][  0]LogConfig: Setting CVar [[r.SceneColorFringeQuality:1]]
[2020.03.24-00.02.20:596][  0]LogConfig: Setting CVar [[r.EyeAdaptationQuality:2]]
[2020.03.24-00.02.20:596][  0]LogConfig: Setting CVar [[r.BloomQuality:5]]
[2020.03.24-00.02.20:596][  0]LogConfig: Setting CVar [[r.FastBlurThreshold:100]]
[2020.03.24-00.02.20:596][  0]LogConfig: Setting CVar [[r.Upscale.Quality:3]]
[2020.03.24-00.02.20:596][  0]LogConfig: Setting CVar [[r.Tonemapper.GrainQuantization:1]]
[2020.03.24-00.02.20:596][  0]LogConfig: Setting CVar [[r.LightShaftQuality:1]]
[2020.03.24-00.02.20:596][  0]LogConfig: Setting CVar [[r.Filter.SizeScale:1]]
[2020.03.24-00.02.20:596][  0]LogConfig: Setting CVar [[r.Tonemapper.Quality:5]]
[2020.03.24-00.02.20:596][  0]LogConfig: Setting CVar [[r.DOF.Gather.AccumulatorQuality:1        ; higher gathering accumulator quality]]
[2020.03.24-00.02.20:596][  0]LogConfig: Setting CVar [[r.DOF.Gather.PostfilterMethod:1          ; Median3x3 postfilering method]]
[2020.03.24-00.02.20:596][  0]LogConfig: Setting CVar [[r.DOF.Gather.EnableBokehSettings:0       ; no bokeh simulation when gathering]]
[2020.03.24-00.02.20:596][  0]LogConfig: Setting CVar [[r.DOF.Gather.RingCount:4                 ; medium number of samples when gathering]]
[2020.03.24-00.02.20:596][  0]LogConfig: Setting CVar [[r.DOF.Scatter.ForegroundCompositing:1    ; additive foreground scattering]]
[2020.03.24-00.02.20:596][  0]LogConfig: Setting CVar [[r.DOF.Scatter.BackgroundCompositing:2    ; additive background scattering]]
[2020.03.24-00.02.20:596][  0]LogConfig: Setting CVar [[r.DOF.Scatter.EnableBokehSettings:1      ; bokeh simulation when scattering]]
[2020.03.24-00.02.20:596][  0]LogConfig: Setting CVar [[r.DOF.Scatter.MaxSpriteRatio:0.1         ; only a maximum of 10% of scattered bokeh]]
[2020.03.24-00.02.20:596][  0]LogConfig: Setting CVar [[r.DOF.Recombine.Quality:1                ; cheap slight out of focus]]
[2020.03.24-00.02.20:596][  0]LogConfig: Setting CVar [[r.DOF.Recombine.EnableBokehSettings:0    ; no bokeh simulation on slight out of focus]]
[2020.03.24-00.02.20:596][  0]LogConfig: Setting CVar [[r.DOF.TemporalAAQuality:1                ; more stable temporal accumulation]]
[2020.03.24-00.02.20:596][  0]LogConfig: Setting CVar [[r.DOF.Kernel.MaxForegroundRadius:0.025]]
[2020.03.24-00.02.20:596][  0]LogConfig: Setting CVar [[r.DOF.Kernel.MaxBackgroundRadius:0.025]]
[2020.03.24-00.02.20:596][  0]LogConfig: Applying CVar settings from Section [TextureQuality@3] File [D:/GitHub/Le-VR-Project/Saved/Config/Windows/Scalability.ini]
[2020.03.24-00.02.20:596][  0]LogConfig: Setting CVar [[r.Streaming.MipBias:0]]
[2020.03.24-00.02.20:596][  0]LogConfig: Setting CVar [[r.Streaming.AmortizeCPUToGPUCopy:0]]
[2020.03.24-00.02.20:596][  0]LogConfig: Setting CVar [[r.Streaming.MaxNumTexturesToStreamPerFrame:0]]
[2020.03.24-00.02.20:596][  0]LogConfig: Setting CVar [[r.Streaming.Boost:1]]
[2020.03.24-00.02.20:596][  0]LogConfig: Setting CVar [[r.MaxAnisotropy:8]]
[2020.03.24-00.02.20:597][  0]LogConfig: Setting CVar [[r.VT.MaxAnisotropy:8]]
[2020.03.24-00.02.20:597][  0]LogConfig: Setting CVar [[r.Streaming.LimitPoolSizeToVRAM:0]]
[2020.03.24-00.02.20:597][  0]LogConfig: Setting CVar [[r.Streaming.PoolSize:1000]]
[2020.03.24-00.02.20:597][  0]LogConfig: Setting CVar [[r.Streaming.MaxEffectiveScreenSize:0]]
[2020.03.24-00.02.20:597][  0]LogConfig: Applying CVar settings from Section [EffectsQuality@3] File [D:/GitHub/Le-VR-Project/Saved/Config/Windows/Scalability.ini]
[2020.03.24-00.02.20:597][  0]LogConfig: Setting CVar [[r.TranslucencyLightingVolumeDim:64]]
[2020.03.24-00.02.20:597][  0]LogConfig: Setting CVar [[r.RefractionQuality:2]]
[2020.03.24-00.02.20:597][  0]LogConfig: Setting CVar [[r.SSR.Quality:3]]
[2020.03.24-00.02.20:597][  0]LogConfig: Setting CVar [[r.SSR.HalfResSceneColor:0]]
[2020.03.24-00.02.20:597][  0]LogConfig: Setting CVar [[r.SceneColorFormat:4]]
[2020.03.24-00.02.20:597][  0]LogConfig: Setting CVar [[r.DetailMode:2]]
[2020.03.24-00.02.20:597][  0]LogConfig: Setting CVar [[r.TranslucencyVolumeBlur:1]]
[2020.03.24-00.02.20:597][  0]LogConfig: Setting CVar [[r.MaterialQualityLevel:1 ; High quality]]
[2020.03.24-00.02.20:597][  0]LogConfig: Setting CVar [[r.SSS.Scale:1]]
[2020.03.24-00.02.20:597][  0]LogConfig: Setting CVar [[r.SSS.SampleSet:2]]
[2020.03.24-00.02.20:597][  0]LogConfig: Setting CVar [[r.SSS.Quality:1]]
[2020.03.24-00.02.20:597][  0]LogConfig: Setting CVar [[r.SSS.HalfRes:1]]
[2020.03.24-00.02.20:597][  0]LogConfig: Setting CVar [[r.SSGI.Quality:3]]
[2020.03.24-00.02.20:597][  0]LogConfig: Setting CVar [[r.EmitterSpawnRateScale:1.0]]
[2020.03.24-00.02.20:597][  0]LogConfig: Setting CVar [[r.ParticleLightQuality:2]]
[2020.03.24-00.02.20:597][  0]LogConfig: Setting CVar [[r.SkyAtmosphere.AerialPerspectiveLUT.FastApplyOnOpaque:1 ; Always have FastSkyLUT 1 in this case to avoid wrong sky]]
[2020.03.24-00.02.20:597][  0]LogConfig: Setting CVar [[r.SkyAtmosphere.AerialPerspectiveLUT.SampleCountPerSlice:1]]
[2020.03.24-00.02.20:597][  0]LogConfig: Setting CVar [[r.SkyAtmosphere.AerialPerspectiveLUT.DepthResolution:16.0]]
[2020.03.24-00.02.20:597][  0]LogConfig: Setting CVar [[r.SkyAtmosphere.FastSkyLUT:1]]
[2020.03.24-00.02.20:597][  0]LogConfig: Setting CVar [[r.SkyAtmosphere.FastSkyLUT.SampleCountMin:4.0]]
[2020.03.24-00.02.20:597][  0]LogConfig: Setting CVar [[r.SkyAtmosphere.FastSkyLUT.SampleCountMax:32.0]]
[2020.03.24-00.02.20:597][  0]LogConfig: Setting CVar [[r.SkyAtmosphere.SampleCountMin:4.0]]
[2020.03.24-00.02.20:597][  0]LogConfig: Setting CVar [[r.SkyAtmosphere.SampleCountMax:32.0]]
[2020.03.24-00.02.20:597][  0]LogConfig: Setting CVar [[r.SkyAtmosphere.TransmittanceLUT.UseSmallFormat:0]]
[2020.03.24-00.02.20:597][  0]LogConfig: Setting CVar [[r.SkyAtmosphere.TransmittanceLUT.SampleCount:10.0]]
[2020.03.24-00.02.20:597][  0]LogConfig: Setting CVar [[r.SkyAtmosphere.MultiScatteringLUT.SampleCount:15.0]]
[2020.03.24-00.02.20:597][  0]LogConfig: Applying CVar settings from Section [FoliageQuality@3] File [D:/GitHub/Le-VR-Project/Saved/Config/Windows/Scalability.ini]
[2020.03.24-00.02.20:597][  0]LogConfig: Setting CVar [[foliage.DensityScale:1.0]]
[2020.03.24-00.02.20:597][  0]LogConfig: Setting CVar [[grass.DensityScale:1.0]]
[2020.03.24-00.02.20:597][  0]LogConfig: Applying CVar settings from Section [ShadingQuality@3] File [D:/GitHub/Le-VR-Project/Saved/Config/Windows/Scalability.ini]
[2020.03.24-00.02.20:597][  0]LogConfig: Setting CVar [[r.HairStrands.SkyLighting.SampleCount:16]]
[2020.03.24-00.02.20:597][  0]LogConfig: Setting CVar [[r.HairStrands.SkyLighting.JitterIntegration:0]]
[2020.03.24-00.02.20:597][  0]LogConfig: Setting CVar [[r.HairStrands.SkyAO.SampleCount:16]]
[2020.03.24-00.02.20:597][  0]LogConfig: Applying CVar settings from Section [Startup] File [../../../Engine/Config/ConsoleVariables.ini]
[2020.03.24-00.02.20:597][  0]LogConfig: Setting CVar [[net.UseAdaptiveNetUpdateFrequency:0]]
[2020.03.24-00.02.20:597][  0]LogConfig: Setting CVar [[p.chaos.AllowCreatePhysxBodies:1]]
[2020.03.24-00.02.20:597][  0]LogConfig: Applying CVar settings from Section [ConsoleVariables] File [D:/GitHub/Le-VR-Project/Saved/Config/Windows/Engine.ini]
[2020.03.24-00.02.20:597][  0]LogInit: Computer: XENOSEMPIRE
[2020.03.24-00.02.20:597][  0]LogInit: User: Ralphy
[2020.03.24-00.02.20:597][  0]LogInit: CPU Page size=4096, Cores=4
[2020.03.24-00.02.20:597][  0]LogInit: High frequency timer resolution =10.000000 MHz
[2020.03.24-00.02.20:597][  0]LogMemory: Memory total: Physical=15.8GB (16GB approx)
[2020.03.24-00.02.20:597][  0]LogMemory: Platform Memory Stats for Windows
[2020.03.24-00.02.20:597][  0]LogMemory: Process Physical Memory: 110.42 MB used, 110.43 MB peak
[2020.03.24-00.02.20:597][  0]LogMemory: Process Virtual Memory: 106.71 MB used, 106.71 MB peak
[2020.03.24-00.02.20:597][  0]LogMemory: Physical Memory: 6729.34 MB used,  9465.46 MB free, 16194.80 MB total
[2020.03.24-00.02.20:598][  0]LogMemory: Virtual Memory: 5167.73 MB used,  134212560.00 MB free, 134217728.00 MB total
[2020.03.24-00.02.20:602][  0]LogWindows: WindowsPlatformFeatures enabled
[2020.03.24-00.02.20:618][  0]LogInit: Using OS detected language (en-US).
[2020.03.24-00.02.20:618][  0]LogInit: Using OS detected locale (en-US).
[2020.03.24-00.02.20:624][  0]LogTextLocalizationManager: No specific localization for 'en-US' exists, so the 'en' localization will be used.
[2020.03.24-00.02.20:787][  0]LogInit: Setting process to per monitor DPI aware
[2020.03.24-00.02.20:816][  0]LogSlate: New Slate User Created.  User Index 0, Is Virtual User: 0
[2020.03.24-00.02.20:816][  0]LogSlate: Slate User Registered.  User Index 0, Is Virtual User: 0
[2020.03.24-00.02.21:098][  0]LogD3D11RHI: D3D11 min allowed feature level: 11_0
[2020.03.24-00.02.21:098][  0]LogD3D11RHI: D3D11 max allowed feature level: 11_0
[2020.03.24-00.02.21:098][  0]LogD3D11RHI: D3D11 adapters:
[2020.03.24-00.02.21:176][  0]LogD3D11RHI:    0. 'NVIDIA GeForce GTX 1660 Ti' (Feature Level 11_0)
[2020.03.24-00.02.21:176][  0]LogD3D11RHI:       5991/0/8097 MB DedicatedVideo/DedicatedSystem/SharedSystem, Outputs:1, VendorId:0x10de
[2020.03.24-00.02.21:181][  0]LogD3D11RHI:    1. 'Intel(R) HD Graphics 4600' (Feature Level 11_0)
[2020.03.24-00.02.21:181][  0]LogD3D11RHI:       112/0/2048 MB DedicatedVideo/DedicatedSystem/SharedSystem, Outputs:1, VendorId:0x8086
[2020.03.24-00.02.21:184][  0]LogD3D11RHI:    2. 'Microsoft Basic Render Driver' (Feature Level 11_0)
[2020.03.24-00.02.21:184][  0]LogD3D11RHI:       0/0/8097 MB DedicatedVideo/DedicatedSystem/SharedSystem, Outputs:0, VendorId:0x1414
[2020.03.24-00.02.21:184][  0]LogD3D11RHI: Chosen D3D11 Adapter: 0
[2020.03.24-00.02.21:191][  0]LogD3D11RHI: Creating new Direct3DDevice
[2020.03.24-00.02.21:191][  0]LogD3D11RHI:     GPU DeviceId: 0x2182 (for the marketing name, search the web for "GPU Device Id")
[2020.03.24-00.02.21:191][  0]LogWindows: EnumDisplayDevices:
[2020.03.24-00.02.21:191][  0]LogWindows:    0. 'NVIDIA GeForce GTX 1660 Ti' (P:1 D:1)
[2020.03.24-00.02.21:191][  0]LogWindows:    1. 'NVIDIA GeForce GTX 1660 Ti' (P:0 D:0)
[2020.03.24-00.02.21:192][  0]LogWindows:    2. 'NVIDIA GeForce GTX 1660 Ti' (P:0 D:0)
[2020.03.24-00.02.21:192][  0]LogWindows:    3. 'NVIDIA GeForce GTX 1660 Ti' (P:0 D:0)
[2020.03.24-00.02.21:192][  0]LogWindows:    4. 'Intel(R) HD Graphics 4600' (P:0 D:1)
[2020.03.24-00.02.21:192][  0]LogWindows:    5. 'Intel(R) HD Graphics 4600' (P:0 D:0)
[2020.03.24-00.02.21:192][  0]LogWindows:    6. 'Intel(R) HD Graphics 4600' (P:0 D:0)
[2020.03.24-00.02.21:192][  0]LogWindows: DebugString: PrimaryIsNotTheChoosenAdapter PrimaryIsNotTheChoosenAdapter PrimaryIsNotTheChoosenAdapter FoundDriverCount:4 
[2020.03.24-00.02.21:192][  0]LogD3D11RHI:     Adapter Name: NVIDIA GeForce GTX 1660 Ti
[2020.03.24-00.02.21:192][  0]LogD3D11RHI:   Driver Version: 442.50 (internal:26.21.14.4250, unified:442.50)
[2020.03.24-00.02.21:192][  0]LogD3D11RHI:      Driver Date: 2-24-2020
[2020.03.24-00.02.21:192][  0]LogRHI: Texture pool is 4193 MB (70% of 5991 MB)
[2020.03.24-00.02.21:246][  0]LogD3D11RHI: RHI has support for 64 bit atomics
[2020.03.24-00.02.21:246][  0]LogD3D11RHI: Async texture creation enabled
[2020.03.24-00.02.21:271][  0]LogD3D11RHI: GPU Timing Frequency: 1000.000000 (Debug: 2 1)
[2020.03.24-00.02.21:973][  0]LogTargetPlatformManager: Display: Loaded TargetPlatform 'AllDesktop'
[2020.03.24-00.02.22:004][  0]LogTargetPlatformManager: Display: Loaded TargetPlatform 'Android'
[2020.03.24-00.02.22:004][  0]LogTargetPlatformManager: Display: Loaded TargetPlatform 'Android_ASTC'
[2020.03.24-00.02.22:004][  0]LogTargetPlatformManager: Display: Loaded TargetPlatform 'Android_ATC'
[2020.03.24-00.02.22:004][  0]LogTargetPlatformManager: Display: Loaded TargetPlatform 'Android_DXT'
[2020.03.24-00.02.22:004][  0]LogTargetPlatformManager: Display: Loaded TargetPlatform 'Android_ETC1'
[2020.03.24-00.02.22:004][  0]LogTargetPlatformManager: Display: Loaded TargetPlatform 'Android_ETC1a'
[2020.03.24-00.02.22:004][  0]LogTargetPlatformManager: Display: Loaded TargetPlatform 'Android_ETC2'
[2020.03.24-00.02.22:004][  0]LogTargetPlatformManager: Display: Loaded TargetPlatform 'Android_PVRTC'
[2020.03.24-00.02.22:004][  0]LogTargetPlatformManager: Display: Loaded TargetPlatform 'AndroidClient'
[2020.03.24-00.02.22:004][  0]LogTargetPlatformManager: Display: Loaded TargetPlatform 'Android_ASTCClient'
[2020.03.24-00.02.22:004][  0]LogTargetPlatformManager: Display: Loaded TargetPlatform 'Android_ATCClient'
[2020.03.24-00.02.22:004][  0]LogTargetPlatformManager: Display: Loaded TargetPlatform 'Android_DXTClient'
[2020.03.24-00.02.22:004][  0]LogTargetPlatformManager: Display: Loaded TargetPlatform 'Android_ETC1Client'
[2020.03.24-00.02.22:004][  0]LogTargetPlatformManager: Display: Loaded TargetPlatform 'Android_ETC1aClient'
[2020.03.24-00.02.22:004][  0]LogTargetPlatformManager: Display: Loaded TargetPlatform 'Android_ETC2Client'
[2020.03.24-00.02.22:004][  0]LogTargetPlatformManager: Display: Loaded TargetPlatform 'Android_PVRTCClient'
[2020.03.24-00.02.22:004][  0]LogTargetPlatformManager: Display: Loaded TargetPlatform 'Android_Multi'
[2020.03.24-00.02.22:004][  0]LogTargetPlatformManager: Display: Loaded TargetPlatform 'Android_MultiClient'
[2020.03.24-00.02.22:022][  0]LogTargetPlatformManager: Display: Loaded TargetPlatform 'IOSClient'
[2020.03.24-00.02.22:022][  0]LogTargetPlatformManager: Display: Loaded TargetPlatform 'IOS'
[2020.03.24-00.02.22:029][  0]LogTargetPlatformManager: Display: Loaded TargetPlatform 'LinuxNoEditor'
[2020.03.24-00.02.22:036][  0]LogTargetPlatformManager: Display: Loaded TargetPlatform 'LinuxClient'
[2020.03.24-00.02.22:042][  0]LogTargetPlatformManager: Display: Loaded TargetPlatform 'LinuxServer'
[2020.03.24-00.02.22:049][  0]LogTargetPlatformManager: Display: Loaded TargetPlatform 'LinuxAArch64NoEditor'
[2020.03.24-00.02.22:058][  0]LogTargetPlatformManager: Display: Loaded TargetPlatform 'LinuxAArch64Client'
[2020.03.24-00.02.22:064][  0]LogTargetPlatformManager: Display: Loaded TargetPlatform 'LinuxAArch64Server'
[2020.03.24-00.02.22:088][  0]LogTargetPlatformManager: Display: Loaded TargetPlatform 'Lumin'
[2020.03.24-00.02.22:088][  0]LogTargetPlatformManager: Display: Loaded TargetPlatform 'LuminClient'
[2020.03.24-00.02.22:101][  0]LogTargetPlatformManager: Display: Loaded TargetPlatform 'TVOSClient'
[2020.03.24-00.02.22:101][  0]LogTargetPlatformManager: Display: Loaded TargetPlatform 'TVOS'
[2020.03.24-00.02.22:108][  0]LogTargetPlatformManager: Display: Loaded TargetPlatform 'WindowsNoEditor'
[2020.03.24-00.02.22:115][  0]LogTargetPlatformManager: Display: Loaded TargetPlatform 'Windows'
[2020.03.24-00.02.22:123][  0]LogTargetPlatformManager: Display: Loaded TargetPlatform 'WindowsClient'
[2020.03.24-00.02.22:130][  0]LogTargetPlatformManager: Display: Loaded TargetPlatform 'WindowsServer'
[2020.03.24-00.02.22:130][  0]LogTargetPlatformManager: Display: Building Assets For Windows
[2020.03.24-00.02.22:132][  0]LogAudioDebug: Display: Lib vorbis DLL was dynamically loaded.
[2020.03.24-00.02.22:150][  0]LogShaderCompilers: Guid format shader working directory is -16 characters bigger than the processId version (../../../../../GitHub/Le-VR-Project/Intermediate/Shaders/WorkingDirectory/15424/).
[2020.03.24-00.02.22:150][  0]LogShaderCompilers: Cleaned the shader compiler working directory 'D:/Temp/UnrealShaderWorkingDir/CFB1F7F24A479FCC270EBE88B3F567C4/'.
[2020.03.24-00.02.22:150][  0]LogXGEController: Cleaning working directory: D:/Temp/UnrealXGEWorkingDir/
[2020.03.24-00.02.22:150][  0]LogXGEController: Cannot use XGE Controller as Incredibuild is not installed on this machine.
[2020.03.24-00.02.22:151][  0]LogShaderCompilers: Cannot use XGE Shader Compiler as Incredibuild is not installed on this machine.
[2020.03.24-00.02.22:151][  0]LogShaderCompilers: Display: Using Local Shader Compiler.
[2020.03.24-00.02.22:870][  0]LogDerivedDataCache: Display: Max Cache Size: 512 MB
[2020.03.24-00.02.22:956][  0]LogDerivedDataCache: Loaded boot cache 0.09s 124MB C:/Users/Ralphy/AppData/Local/UnrealEngine/4.24/DerivedDataCache/Boot.ddc.
[2020.03.24-00.02.22:956][  0]LogDerivedDataCache: Display: Loaded Boot cache: C:/Users/Ralphy/AppData/Local/UnrealEngine/4.24/DerivedDataCache/Boot.ddc
[2020.03.24-00.02.22:956][  0]LogDerivedDataCache: FDerivedDataBackendGraph:  Pak pak cache file ../../../../../GitHub/Le-VR-Project/DerivedDataCache/DDC.ddp not found, will not use a pak cache.
[2020.03.24-00.02.22:956][  0]LogDerivedDataCache: Unable to find inner node Pak for hierarchical cache Hierarchy.
[2020.03.24-00.02.22:956][  0]LogDerivedDataCache: FDerivedDataBackendGraph:  CompressedPak pak cache file ../../../../../GitHub/Le-VR-Project/DerivedDataCache/Compressed.ddp not found, will not use a pak cache.
[2020.03.24-00.02.22:956][  0]LogDerivedDataCache: Unable to find inner node CompressedPak for hierarchical cache Hierarchy.
[2020.03.24-00.02.22:966][  0]LogDerivedDataCache: Display: Pak cache opened for reading ../../../Engine/DerivedDataCache/Compressed.ddp.
[2020.03.24-00.02.22:966][  0]LogDerivedDataCache: FDerivedDataBackendGraph:  EnterprisePak pak cache file ../../../Enterprise/DerivedDataCache/Compressed.ddp not found, will not use a pak cache.
[2020.03.24-00.02.22:966][  0]LogDerivedDataCache: Unable to find inner node EnterprisePak for hierarchical cache Hierarchy.
[2020.03.24-00.02.22:967][  0]LogDerivedDataCache: Using Local data cache path C:/Users/Ralphy/AppData/Local/UnrealEngine/Common/DerivedDataCache: Writable
[2020.03.24-00.02.22:967][  0]LogDerivedDataCache: Shared data cache path not found in *engine.ini, will not use an Shared cache.
[2020.03.24-00.02.22:967][  0]LogDerivedDataCache: Unable to find inner node Shared for hierarchical cache Hierarchy.
[2020.03.24-00.02.22:993][  0]LogMaterial: Verifying Global Shaders for PCD3D_SM5
[2020.03.24-00.02.22:995][  0]LogSlate: Using FreeType 2.10.0
[2020.03.24-00.02.22:996][  0]LogSlate: SlateFontServices - WITH_FREETYPE: 1, WITH_HARFBUZZ: 1
[2020.03.24-00.02.23:054][  0]LogAssetRegistry: FAssetRegistry took 0.0057 seconds to start up
[2020.03.24-00.02.23:348][  0]LogInit: Selected Device Profile: [Windows]
[2020.03.24-00.02.23:498][  0]LogMeshReduction: Using QuadricMeshReduction for automatic static mesh reduction
[2020.03.24-00.02.23:498][  0]LogMeshReduction: Using SimplygonMeshReduction for automatic skeletal mesh reduction
[2020.03.24-00.02.23:498][  0]LogMeshReduction: Using ProxyLODMeshReduction for automatic mesh merging
[2020.03.24-00.02.23:498][  0]LogMeshReduction: No distributed automatic mesh merging module available
[2020.03.24-00.02.23:498][  0]LogMeshMerging: No distributed automatic mesh merging module available
[2020.03.24-00.02.23:513][  0]LogNetVersion: AdvancedVRFrameworkV22 1.0.0, NetCL: 10570792, EngineNetVer: 13, GameNetVer: 0 (Checksum: 3434068971)
[2020.03.24-00.02.27:443][  0]LogPackageLocalizationCache: Processed 11 localized package path(s) for 1 prioritized culture(s) in 0.046962 seconds
[2020.03.24-00.02.27:450][  0]LogUObjectArray: 46750 objects as part of root set at end of initial load.
[2020.03.24-00.02.27:450][  0]LogUObjectAllocator: 8137160 out of 0 bytes used by permanent object pool.
[2020.03.24-00.02.27:450][  0]LogUObjectArray: CloseDisregardForGC: 0/0 objects in disregard for GC pool
[2020.03.24-00.02.27:830][  0]LogTcpMessaging: Initializing TcpMessaging bridge
[2020.03.24-00.02.27:832][  0]LogUdpMessaging: Initializing bridge on interface 0.0.0.0:0 to multicast group 230.0.0.1:6666.
[2020.03.24-00.02.27:874][  0]LogLinker: Warning: Asset '../../Plugins/Runtime/WebBrowserWidget/Content/WebTexture_M.uasset' has been saved with empty engine version. The asset will be loaded but may be incompatible.
[2020.03.24-00.02.27:874][  0]LogLinker: Warning: Asset '../../Plugins/Runtime/WebBrowserWidget/Content/WebTexture_T.uasset' has been saved with empty engine version. The asset will be loaded but may be incompatible.
[2020.03.24-00.02.27:883][  0]LogLinker: Warning: Asset '../../Plugins/Runtime/WebBrowserWidget/Content/WebTexture_TM.uasset' has been saved with empty engine version. The asset will be loaded but may be incompatible.
[2020.03.24-00.02.27:963][  0]SourceControl: Source control is disabled
[2020.03.24-00.02.27:963][  0]SourceControl: Source control is disabled
[2020.03.24-00.02.27:964][  0]SourceControl: Source control is disabled
[2020.03.24-00.02.27:965][  0]SourceControl: Source control is disabled
[2020.03.24-00.02.27:966][  0]SourceControl: Source control is disabled
[2020.03.24-00.02.28:041][  0]LogAndroidPermission: UAndroidPermissionCallbackProxy::GetInstance
[2020.03.24-00.02.28:051][  0]LogAudioCaptureCore: Display: No Audio Capture implementations found. Audio input will be silent.
[2020.03.24-00.02.28:051][  0]LogAudioCaptureCore: Display: No Audio Capture implementations found. Audio input will be silent.
[2020.03.24-00.02.28:138][  0]LogOcInput: OculusInput pre-init called
[2020.03.24-00.02.28:842][  0]LogEngine: Initializing Engine...
[2020.03.24-00.02.28:842][  0]LogHMD: Oculus plugin initialized. Version: 4.24.3-11590370+++UE4+Release-4.24, OVRPlugin: 1.40.0
[2020.03.24-00.02.28:845][  0]LogStats: UGameplayTagsManager::InitializeManager -  0.002 s
[2020.03.24-00.02.29:174][  0]LogInit: Initializing FReadOnlyCVARCache
[2020.03.24-00.02.29:179][  0]LogAIModule: Creating AISystem for world Untitled
[2020.03.24-00.02.29:198][  0]LogAudioMixer: Display: Audio Mixer Platform Settings:
[2020.03.24-00.02.29:198][  0]LogAudioMixer: Display: 	Sample Rate:						  48000
[2020.03.24-00.02.29:198][  0]LogAudioMixer: Display: 	Callback Buffer Frame Size Requested: 1024
[2020.03.24-00.02.29:198][  0]LogAudioMixer: Display: 	Callback Buffer Frame Size To Use:	  1024
[2020.03.24-00.02.29:198][  0]LogAudioMixer: Display: 	Number of buffers to queue:			  2
[2020.03.24-00.02.29:198][  0]LogAudioMixer: Display: 	Max Channels (voices):				  32
[2020.03.24-00.02.29:198][  0]LogAudioMixer: Display: 	Number of Async Source Workers:		  0
[2020.03.24-00.02.29:198][  0]LogAudio: Display: AudioDevice MaxSources: 32
[2020.03.24-00.02.29:198][  0]LogAudio: Display: Using built-in audio occlusion.
[2020.03.24-00.02.29:198][  0]LogAudioMixer: Display: Initializing audio mixer.
[2020.03.24-00.02.29:247][  0]LogAudioMixer: Display: Audio Device Output Speaker Info:
[2020.03.24-00.02.29:248][  0]LogAudioMixer: Display: Name: Speakers (Realtek High Definition Audio)
[2020.03.24-00.02.29:248][  0]LogAudioMixer: Display: Is Default: Yes
[2020.03.24-00.02.29:248][  0]LogAudioMixer: Display: Sample Rate: 48000
[2020.03.24-00.02.29:248][  0]LogAudioMixer: Display: Channel Count Used: 2
[2020.03.24-00.02.29:248][  0]LogAudioMixer: Display: Device Channel Count: 2
[2020.03.24-00.02.29:248][  0]LogAudioMixer: Display: Channel Order:
[2020.03.24-00.02.29:248][  0]LogAudioMixer: Display: 0: FrontLeft
[2020.03.24-00.02.29:248][  0]LogAudioMixer: Display: 1: FrontRight
[2020.03.24-00.02.29:290][  0]LogAudioMixer: Display: Using Audio Device Speakers (Realtek High Definition Audio)
[2020.03.24-00.02.29:295][  0]LogInit: FAudioDevice initialized.
[2020.03.24-00.02.29:295][  0]LogNetVersion: Set ProjectVersion to 2.0. Version Checksum will be recalculated on next use.
[2020.03.24-00.02.29:489][  0]LogDerivedDataCache: Saved boot cache 0.19s 124MB C:/Users/Ralphy/AppData/Local/UnrealEngine/4.24/DerivedDataCache/Boot.ddc.
[2020.03.24-00.02.29:496][  0]LogInit: Texture streaming: Disabled
[2020.03.24-00.02.29:528][  0]LogEngineSessionManager: EngineSessionManager initialized
[2020.03.24-00.02.29:532][  0]LogEngineSessionManager: EngineSessionManager sent abnormal shutdown report. Type=Crashed, SessionId={1FF3B591-44E9-FC02-E037-83A7855C91DA}
[2020.03.24-00.02.29:532][  0]LogEditorSessionSummary: Verbose: Initializing EditorSessionSummaryWriter for editor session tracking
[2020.03.24-00.02.29:534][  0]LogEditorSessionSummary: EditorSessionSummaryWriter initialized
[2020.03.24-00.02.29:588][  0]LogInit: Transaction tracking system initialized
[2020.03.24-00.02.29:596][  0]BlueprintLog: New page: Editor Load
[2020.03.24-00.02.29:623][  0]LocalizationService: Localization service is disabled
[2020.03.24-00.02.29:995][  0]LogCook: Display: Max memory allowance for cook 16384mb min free memory 0mb
[2020.03.24-00.02.29:995][  0]LogCook: Display: Mobile HDR setting 1
[2020.03.24-00.02.30:070][  0]LogFileCache: Scanning file cache for directory 'D:/GitHub/Le-VR-Project/Content/' took 0.03s
[2020.03.24-00.02.30:696][  0]SourceControl: Source control is disabled
[2020.03.24-00.02.30:845][  0]LogSlate: Took 0.000218 seconds to synchronously load lazily loaded font '../../../Engine/Content/Slate/Fonts/Roboto-Regular.ttf' (155K)
[2020.03.24-00.03.49:201][  0]LogSlate: Window 'Restore Packages' being destroyed
[2020.03.24-00.03.49:212][  0]LogWindowsTextInputMethodSystem: Display: IME system now deactivated.
[2020.03.24-00.03.49:325][  0]LogWindowsTextInputMethodSystem: Display: IME system now deactivated.
[2020.03.24-00.03.52:059][  0]LogSlate: Window 'Unable to Check Out From Source Control!' being destroyed
[2020.03.24-00.03.52:060][  0]LogWindowsTextInputMethodSystem: Display: IME system now deactivated.
[2020.03.24-00.03.52:095][  0]LogWindowsTextInputMethodSystem: Display: IME system now deactivated.
[2020.03.24-00.03.52:097][  0]Cmd: MAP LOAD FILE="../../../../../GitHub/Le-VR-Project/Content/AVRFramework/Experiences/Demospace/Maps/Streaming/Map_Demo_Menu.umap" TEMPLATE=0 SHOWPROGRESS=1 FEATURELEVEL=3
[2020.03.24-00.03.52:097][  0]LightingResults: New page: Lighting Build
[2020.03.24-00.03.52:098][  0]LogWorld: UWorld::CleanupWorld for Untitled, bSessionEnded=true, bCleanupResources=true
[2020.03.24-00.03.52:098][  0]LogSlate: InvalidateAllWidgets triggered.  All widgets were invalidated
[2020.03.24-00.03.52:098][  0]MapCheck: New page: Map Check
[2020.03.24-00.03.52:098][  0]LightingResults: New page: Lighting Build
[2020.03.24-00.03.52:171][  0]LogUObjectHash: Compacting FUObjectHashTables data took   1.76ms
[2020.03.24-00.03.55:911][  0]LogBlueprint: Warning: [Compiler BP_Pawn_VR] GetInputAxisKey Value specifies FKey'MotionController_Left_Thumbstick_X' which has been deprecated for  Get MotionController (L) Thumbstick X
[2020.03.24-00.03.55:912][  0]LogBlueprint: Warning: [Compiler BP_Pawn_VR] GetInputAxisKey Value specifies FKey'MotionController_Right_Thumbstick_X' which has been deprecated for  Get MotionController (R) Thumbstick X
[2020.03.24-00.03.55:912][  0]LogBlueprint: Warning: [Compiler BP_Pawn_VR] GetInputAxisKey Value specifies FKey'MotionController_Left_Thumbstick_Y' which has been deprecated for  Get MotionController (L) Thumbstick Y
[2020.03.24-00.03.55:912][  0]LogBlueprint: Warning: [Compiler BP_Pawn_VR] GetInputAxisKey Value specifies FKey'MotionController_Right_Thumbstick_Y' which has been deprecated for  Get MotionController (R) Thumbstick Y
[2020.03.24-00.03.55:913][  0]LogBlueprint: Warning: [Compiler BP_Pawn_VR] InputAxisKey Event specifies FKey'MotionController_Right_TriggerAxis' which has been deprecated for  MotionController (R) TriggerAxis
[2020.03.24-00.03.55:913][  0]LogBlueprint: Warning: [Compiler BP_Pawn_VR] InputAxisKey Event specifies FKey'MotionController_Left_TriggerAxis' which has been deprecated for  MotionController (L) TriggerAxis
[2020.03.24-00.03.55:914][  0]LogBlueprint: Warning: [Compiler BP_Pawn_VR] InputKey Event specifies FKey'MotionController_Right_Thumbstick' which has been deprecated for  MotionController (R) Thumbstick
[2020.03.24-00.03.55:914][  0]LogBlueprint: Warning: [Compiler BP_Pawn_VR] InputAxisKey Event specifies FKey'MotionController_Right_Grip1Axis' which has been deprecated for  MotionController (R) Grip1 Axis
[2020.03.24-00.03.55:914][  0]LogBlueprint: Warning: [Compiler BP_Pawn_VR] InputAxisKey Event specifies FKey'OculusTouch_Right_ThumbUp' that is not blueprint bindable for  Oculus Touch (R) Thumb Up CapTouch
[2020.03.24-00.03.55:914][  0]LogBlueprint: Warning: [Compiler BP_Pawn_VR] InputAxisKey Event specifies FKey'OculusTouch_Right_IndexPointing' that is not blueprint bindable for  Oculus Touch (R) Pointing CapTouch
[2020.03.24-00.03.55:914][  0]LogBlueprint: Warning: [Compiler BP_Pawn_VR] InputAxisKey Event specifies FKey'MotionController_Left_Grip1Axis' which has been deprecated for  MotionController (L) Grip1 Axis
[2020.03.24-00.03.55:915][  0]LogBlueprint: Warning: [Compiler BP_Pawn_VR] InputAxisKey Event specifies FKey'OculusTouch_Left_ThumbUp' that is not blueprint bindable for  Oculus Touch (L) Thumb Up CapTouch
[2020.03.24-00.03.55:915][  0]LogBlueprint: Warning: [Compiler BP_Pawn_VR] InputAxisKey Event specifies FKey'OculusTouch_Left_IndexPointing' that is not blueprint bindable for  Oculus Touch (L) Pointing CapTouch
[2020.03.24-00.03.55:915][  0]LogBlueprint: Warning: [Compiler BP_Pawn_VR] InputKey Event specifies FKey'MotionController_Right_FaceButton4' which has been deprecated for  MotionController (R) FaceButton4
[2020.03.24-00.03.55:915][  0]LogBlueprint: Warning: [Compiler BP_Pawn_VR] InputKey Event specifies FKey'MotionController_Left_FaceButton4' which has been deprecated for  MotionController (L) FaceButton4
[2020.03.24-00.03.55:915][  0]LogBlueprint: Warning: [Compiler BP_Pawn_VR] InputKey Event specifies FKey'MotionController_Right_FaceButton2' which has been deprecated for  MotionController (R) FaceButton2
[2020.03.24-00.03.55:915][  0]LogBlueprint: Warning: [Compiler BP_Pawn_VR] InputKey Event specifies FKey'MotionController_Left_FaceButton2' which has been deprecated for  MotionController (L) FaceButton2
[2020.03.24-00.03.55:915][  0]LogBlueprint: Warning: [Compiler BP_Pawn_VR] InputKey Event specifies FKey'MotionController_Left_FaceButton1' which has been deprecated for  MotionController (L) FaceButton1
[2020.03.24-00.03.55:915][  0]LogBlueprint: Warning: [Compiler BP_Pawn_VR] InputKey Event specifies FKey'MotionController_Right_FaceButton3' which has been deprecated for  MotionController (R) FaceButton3
[2020.03.24-00.03.55:915][  0]LogBlueprint: Warning: [Compiler BP_Pawn_VR] InputKey Event specifies FKey'MotionController_Left_FaceButton3' which has been deprecated for  MotionController (L) FaceButton3
[2020.03.24-00.03.55:915][  0]LogBlueprint: Warning: [Compiler BP_Pawn_VR] InputKey Event specifies FKey'MotionController_Right_FaceButton1' which has been deprecated for  MotionController (R) FaceButton1
[2020.03.24-00.03.55:915][  0]LogBlueprint: Warning: [Compiler BP_Pawn_VR] InputKey Event specifies FKey'MotionController_Left_Trigger' which has been deprecated for  MotionController (L) Trigger
[2020.03.24-00.03.55:915][  0]LogBlueprint: Warning: [Compiler BP_Pawn_VR] InputKey Event specifies FKey'MotionController_Right_Trigger' which has been deprecated for  MotionController (R) Trigger
[2020.03.24-00.03.55:915][  0]LogBlueprint: Warning: [Compiler BP_Pawn_VR] InputKey Event specifies FKey'MotionController_Right_Grip1' which has been deprecated for  MotionController (R) Grip1
[2020.03.24-00.03.55:915][  0]LogBlueprint: Warning: [Compiler BP_Pawn_VR] InputKey Event specifies FKey'MotionController_Left_Grip1' which has been deprecated for  MotionController (L) Grip1
[2020.03.24-00.03.55:915][  0]LogBlueprint: Warning: [Compiler BP_Pawn_VR] InputKey Event specifies FKey'MotionController_Right_Shoulder' which has been deprecated for  MotionController (R) Shoulder
[2020.03.24-00.03.55:915][  0]LogBlueprint: Warning: [Compiler BP_Pawn_VR] InputKey Event specifies FKey'MotionController_Left_Shoulder' which has been deprecated for  MotionController (L) Shoulder
[2020.03.24-00.03.55:915][  0]LogBlueprint: Warning: [Compiler BP_Pawn_VR] InputKey Event specifies FKey'MotionController_Left_Thumbstick' which has been deprecated for  MotionController (L) Thumbstick
[2020.03.24-00.03.55:915][  0]LogBlueprint: Warning: [Compiler BP_Pawn_VR] GetInputAxisKey Value specifies FKey'MotionController_Right_Thumbstick_X' which has been deprecated for  Get MotionController (R) Thumbstick X
[2020.03.24-00.03.55:915][  0]LogBlueprint: Warning: [Compiler BP_Pawn_VR] GetInputAxisKey Value specifies FKey'MotionController_Right_Thumbstick_Y' which has been deprecated for  Get MotionController (R) Thumbstick Y
[2020.03.24-00.03.55:916][  0]LogBlueprint: Warning: [Compiler BP_Pawn_VR] GetInputAxisKey Value specifies FKey'MotionController_Left_Thumbstick_X' which has been deprecated for  Get MotionController (L) Thumbstick X
[2020.03.24-00.03.55:916][  0]LogBlueprint: Warning: [Compiler BP_Pawn_VR] GetInputAxisKey Value specifies FKey'MotionController_Left_Thumbstick_Y' which has been deprecated for  Get MotionController (L) Thumbstick Y
[2020.03.24-00.04.04:877][  0]LogAIModule: Creating AISystem for world Map_Demo_Menu
[2020.03.24-00.04.04:913][  0]LogEditorServer: Finished looking for orphan Actors (0.000 secs)
[2020.03.24-00.04.05:101][  0]LogUObjectHash: Compacting FUObjectHashTables data took  10.51ms
[2020.03.24-00.04.05:107][  0]Cmd: MAP CHECKDEP NOCLEARLOG
[2020.03.24-00.04.05:107][  0]MapCheck: Map check complete: 0 Error(s), 0 Warning(s), took 0.124ms to complete.
[2020.03.24-00.04.05:107][  0]LogFileHelpers: Loading map 'Map_Demo_Menu' took 13.010
[2020.03.24-00.04.05:207][  0]LogSlate: Updating window title bar state: overlay mode, drag disabled, window buttons hidden, title bar hidden
[2020.03.24-00.04.05:213][  0]LogSlate: Updating window title bar state: overlay mode, drag disabled, window buttons hidden, title bar hidden
[2020.03.24-00.04.05:220][  0]LogSlate: Updating window title bar state: overlay mode, drag disabled, window buttons hidden, title bar hidden
[2020.03.24-00.04.05:228][  0]LogSlate: Updating window title bar state: overlay mode, drag disabled, window buttons hidden, title bar hidden
[2020.03.24-00.04.05:233][  0]LogCollectionManager: Loaded 0 collections in 0.001735 seconds
[2020.03.24-00.04.05:246][  0]LogFileCache: Scanning file cache for directory 'D:/GitHub/Le-VR-Project/Saved/Collections/' took 0.00s
[2020.03.24-00.04.05:246][  0]LogFileCache: Scanning file cache for directory 'D:/GitHub/Le-VR-Project/Content/Developers/Ralphy/Collections/' took 0.00s
[2020.03.24-00.04.05:246][  0]LogFileCache: Scanning file cache for directory 'D:/GitHub/Le-VR-Project/Content/Collections/' took 0.00s
[2020.03.24-00.04.05:246][  0]LogContentBrowser: Native class hierarchy populated in 0.0081 seconds. Added 3031 classes and 733 folders.
[2020.03.24-00.04.05:248][  0]LogContentBrowser: Native class hierarchy updated for 'WidgetCarousel' in 0.0002 seconds. Added 0 classes and 0 folders.
[2020.03.24-00.04.05:317][  0]LogContentBrowser: Native class hierarchy updated for 'AddContentDialog' in 0.0002 seconds. Added 0 classes and 0 folders.
[2020.03.24-00.04.05:619][  0]LogSlate: Took 0.000250 seconds to synchronously load lazily loaded font '../../../Engine/Content/Slate/Fonts/Roboto-Bold.ttf' (160K)
[2020.03.24-00.04.05:624][  0]LogSlate: Took 0.000310 seconds to synchronously load lazily loaded font '../../../Engine/Content/Editor/Slate/Fonts/FontAwesome.ttf' (139K)
[2020.03.24-00.04.05:677][  0]LogRenderer: Reallocating scene render targets to support 1096x680 Format 10 NumSamples 1 (Frame:1).
[2020.03.24-00.04.05:806][  0]LogContentBrowser: Native class hierarchy updated for 'HierarchicalLODOutliner' in 0.0003 seconds. Added 0 classes and 0 folders.
[2020.03.24-00.04.05:806][  0]LogLoad: (Engine Initialization) Total time: 108.57 seconds
[2020.03.24-00.04.05:806][  0]LogLoad: (Engine Initialization) Total Blueprint compile time: 0.00 seconds
[2020.03.24-00.04.05:827][  0]LogOcInput: OculusInput is initialized
[2020.03.24-00.04.05:907][  0]LogSlate: Took 0.000270 seconds to synchronously load lazily loaded font '../../../Engine/Content/Slate/Fonts/Roboto-Light.ttf' (167K)
[2020.03.24-00.04.05:948][  0]LogSlate: Took 0.000204 seconds to synchronously load lazily loaded font '../../../Engine/Content/Slate/Fonts/Roboto-Light.ttf' (167K)
[2020.03.24-00.04.06:019][  1]LogFileCache: Retrieving MD5 hashes for directory 'D:/GitHub/Le-VR-Project/Content/' took 0.17s
[2020.03.24-00.04.06:140][  2]LogAssetRegistry: Asset discovery search completed in 103.0898 seconds
[2020.03.24-00.04.06:145][  2]LogCollectionManager: Fixed up redirectors for 0 collections in 0.000008 seconds (updated 0 objects)
[2020.03.24-00.04.36:771][164]LogAIModule: Creating AISystem for world BlockoutV4
[2020.03.24-00.04.36:785][164]LogAssetEditorSubsystem: Opening Asset editor for World /Game/Areiazo/Maps/BlockoutV4.BlockoutV4
[2020.03.24-00.04.36:825][164]LogUObjectHash: Compacting FUObjectHashTables data took   7.82ms
[2020.03.24-00.04.36:828][164]Cmd: MAP LOAD FILE="../../../../../GitHub/Le-VR-Project/Content/Areiazo/Maps/BlockoutV4.umap" TEMPLATE=0 SHOWPROGRESS=1 FEATURELEVEL=3
[2020.03.24-00.04.36:828][164]LightingResults: New page: Lighting Build
[2020.03.24-00.04.36:829][164]LoadErrors: New page: Loading map: BlockoutV4.umap
[2020.03.24-00.04.36:829][164]LogWorld: UWorld::CleanupWorld for Map_Demo_Menu, bSessionEnded=true, bCleanupResources=true
[2020.03.24-00.04.36:830][164]LogSlate: InvalidateAllWidgets triggered.  All widgets were invalidated
[2020.03.24-00.04.36:830][164]MapCheck: New page: Map Check
[2020.03.24-00.04.36:830][164]LightingResults: New page: Lighting Build
[2020.03.24-00.04.36:864][164]LogUObjectHash: Compacting FUObjectHashTables data took   4.38ms
[2020.03.24-00.04.37:326][164]LogEditorServer: Finished looking for orphan Actors (0.000 secs)
[2020.03.24-00.04.37:363][164]LogUObjectHash: Compacting FUObjectHashTables data took   3.38ms
[2020.03.24-00.04.37:393][164]Cmd: MAP CHECKDEP NOCLEARLOG
[2020.03.24-00.04.37:393][164]MapCheck: Map check complete: 0 Error(s), 0 Warning(s), took 0.089ms to complete.
[2020.03.24-00.04.37:393][164]LogFileHelpers: Loading map 'BlockoutV4' took 0.565
[2020.03.24-00.04.43:973][922]LogAssetEditorSubsystem: Opening Asset editor for Blueprint /Game/Areiazo/Blueprint/Ancient_Head.Ancient_Head
[2020.03.24-00.04.44:106][922]LogContentBrowser: Native class hierarchy updated for 'BlueprintGraph' in 0.0005 seconds. Added 121 classes and 0 folders.
[2020.03.24-00.04.45:263][922]LogSlate: Took 0.000247 seconds to synchronously load lazily loaded font '../../../Engine/Content/Slate/Fonts/Roboto-BoldCondensed.ttf' (158K)
[2020.03.24-00.04.45:301][923]LogSlate: Took 0.000243 seconds to synchronously load lazily loaded font '../../../Engine/Content/Slate/Fonts/Roboto-Italic.ttf' (157K)
[2020.03.24-00.05.17:625][767]LogTemp: Repeating last play command: Selected Viewport
[2020.03.24-00.05.17:640][767]LogBlueprintUserMessages: Early PlayInEditor Detection: Level '/Game/Areiazo/Maps/BlockoutV4.BlockoutV4:PersistentLevel' has LevelScriptBlueprint '/Game/Areiazo/Maps/BlockoutV4.BlockoutV4:PersistentLevel.BlockoutV4' with GeneratedClass '/Game/Areiazo/Maps/BlockoutV4.BlockoutV4_C' with ClassGeneratedBy '/Game/Areiazo/Maps/BlockoutV4.BlockoutV4:PersistentLevel.BlockoutV4'
[2020.03.24-00.05.17:640][767]LogPlayLevel: PlayLevel: No blueprints needed recompiling
[2020.03.24-00.05.17:640][767]PIE: New page: PIE session: BlockoutV4 (Mar 23, 2020, 10:05:17 AM)
[2020.03.24-00.05.17:641][767]LogOnline: OSS: Creating online subsystem instance for: NULL
[2020.03.24-00.05.17:642][767]LogOnline: OSS: TryLoadSubsystemAndSetDefault: Loaded subsystem for module [NULL]
[2020.03.24-00.05.17:642][767]LogPlayLevel: Creating play world package: /Game/Areiazo/Maps/UEDPIE_0_BlockoutV4
[2020.03.24-00.05.17:655][767]LogPlayLevel: PIE: StaticDuplicateObject took: (0.013054s)
[2020.03.24-00.05.17:656][767]LogAIModule: Creating AISystem for world BlockoutV4
[2020.03.24-00.05.17:657][767]LogPlayLevel: PIE: World Init took: (0.001679s)
[2020.03.24-00.05.17:657][767]LogPlayLevel: PIE: Created PIE world by copying editor world from /Game/Areiazo/Maps/BlockoutV4.BlockoutV4 to /Game/Areiazo/Maps/UEDPIE_0_BlockoutV4.BlockoutV4 (0.014961s)
[2020.03.24-00.05.17:708][767]LogUObjectHash: Compacting FUObjectHashTables data took   7.32ms
[2020.03.24-00.05.17:711][767]LogHMD: Initializing OVRPlugin session
[2020.03.24-00.05.20:912][767]LogHMD: Allocating Oculus 3296 x 1776 rendertarget swapchain
[2020.03.24-00.05.20:913][767]LogAudioMixer: Display: Audio Mixer Platform Settings:
[2020.03.24-00.05.20:913][767]LogAudioMixer: Display: 	Sample Rate:						  48000
[2020.03.24-00.05.20:913][767]LogAudioMixer: Display: 	Callback Buffer Frame Size Requested: 1024
[2020.03.24-00.05.20:913][767]LogAudioMixer: Display: 	Callback Buffer Frame Size To Use:	  1024
[2020.03.24-00.05.20:913][767]LogAudioMixer: Display: 	Number of buffers to queue:			  2
[2020.03.24-00.05.20:913][767]LogAudioMixer: Display: 	Max Channels (voices):				  32
[2020.03.24-00.05.20:913][767]LogAudioMixer: Display: 	Number of Async Source Workers:		  0
[2020.03.24-00.05.20:913][767]LogAudio: Display: AudioDevice MaxSources: 32
[2020.03.24-00.05.20:914][767]LogAudio: Display: Using built-in audio occlusion.
[2020.03.24-00.05.20:914][767]LogAudioMixer: Display: Initializing audio mixer.
[2020.03.24-00.05.21:028][767]LogAudioMixer: Display: Audio Device Output Speaker Info:
[2020.03.24-00.05.21:028][767]LogAudioMixer: Display: Name: Speakers (Realtek High Definition Audio)
[2020.03.24-00.05.21:028][767]LogAudioMixer: Display: Is Default: Yes
[2020.03.24-00.05.21:028][767]LogAudioMixer: Display: Sample Rate: 48000
[2020.03.24-00.05.21:028][767]LogAudioMixer: Display: Channel Count Used: 2
[2020.03.24-00.05.21:028][767]LogAudioMixer: Display: Device Channel Count: 2
[2020.03.24-00.05.21:028][767]LogAudioMixer: Display: Channel Order:
[2020.03.24-00.05.21:028][767]LogAudioMixer: Display: 0: FrontLeft
[2020.03.24-00.05.21:028][767]LogAudioMixer: Display: 1: FrontRight
[2020.03.24-00.05.21:049][767]LogAudioMixer: Display: Using Audio Device Speakers (Realtek High Definition Audio)
[2020.03.24-00.05.21:051][767]LogInit: FAudioDevice initialized.
[2020.03.24-00.05.21:093][767]LogSlate: Updating window title bar state: overlay mode, drag disabled, window buttons hidden, title bar hidden
[2020.03.24-00.05.21:094][767]LogLoad: Game class is 'BP_GameMode_Areiazo_C'
[2020.03.24-00.05.21:098][767]LogWorld: Bringing World /Game/Areiazo/Maps/UEDPIE_0_BlockoutV4.BlockoutV4 up for play (max tick rate 0) at 2020.03.23-17.05.21
[2020.03.24-00.05.21:099][767]LogWorld: Bringing up level for play took: 0.003488
[2020.03.24-00.05.21:099][767]LogOnline: OSS: Creating online subsystem instance for: :Context_2
[2020.03.24-00.05.21:100][767]LogGameMode: FindPlayerStart: PATHS NOT DEFINED or NO PLAYERSTART with positive rating
[2020.03.24-00.05.21:101][767]LogContentBrowser: Native class hierarchy updated for 'MovieSceneCapture' in 0.0003 seconds. Added 20 classes and 0 folders.
[2020.03.24-00.05.21:101][767]LogGameMode: Display: Match State Changed from EnteringMap to WaitingToStart
[2020.03.24-00.05.21:101][767]LogGameState: Match State Changed from EnteringMap to WaitingToStart
[2020.03.24-00.05.21:102][767]LogGameMode: Display: Match State Changed from WaitingToStart to InProgress
[2020.03.24-00.05.21:102][767]LogLevel: Warning: Failed to find streaming level object associated with 'Map_Pause'
[2020.03.24-00.05.21:102][767]LogGameState: Match State Changed from WaitingToStart to InProgress
[2020.03.24-00.05.21:103][767]PIE: Play in editor start time for /Game/Areiazo/Maps/UEDPIE_0_BlockoutV4 2.6
[2020.03.24-00.05.21:104][767]LogBlueprintUserMessages: Late PlayInEditor Detection: Level '/Game/Areiazo/Maps/BlockoutV4.BlockoutV4:PersistentLevel' has LevelScriptBlueprint '/Game/Areiazo/Maps/BlockoutV4.BlockoutV4:PersistentLevel.BlockoutV4' with GeneratedClass '/Game/Areiazo/Maps/BlockoutV4.BlockoutV4_C' with ClassGeneratedBy '/Game/Areiazo/Maps/BlockoutV4.BlockoutV4:PersistentLevel.BlockoutV4'
[2020.03.24-00.05.21:104][767]LogLevelStreaming: Display: FStreamLevelAction::UpdateOperation() LevelName Map_Pause, bIsLevelValid 0
[2020.03.24-00.05.21:158][768]LogRenderer: Reallocating scene render targets to support 1280x720 Format 10 NumSamples 1 (Frame:1).
[2020.03.24-00.05.37:798][257]LogBlueprintUserMessages: [BP_Teleportation_Manager_9] X=-151450.000 Y=-23490.000 Z=-760.000
[2020.03.24-00.05.44:482][988]LogBlueprintUserMessages: [Ancient_Head_2] 1
[2020.03.24-00.05.48:409][418]LogBlueprintUserMessages: [Ancient_Head_2] 2
[2020.03.24-00.05.52:732][898]LogBlueprintUserMessages: [Ancient_Head_2] 3
[2020.03.24-00.05.57:265][398]LogBlueprintUserMessages: [Ancient_Head_2] 4
[2020.03.24-00.06.00:343][737]LogBlueprintUserMessages: [Ancient_Head_2] 5
[2020.03.24-00.06.00:362][739]LogBlueprintUserMessages: [Ancient_Head_2] 6
[2020.03.24-00.06.00:362][739]LogBlueprintUserMessages: [Ancient_Head_2] Awakened
[2020.03.24-00.06.05:769][349]LogAudioMixer: Display: No commands were queued while flushing the source manager.
[2020.03.24-00.06.05:770][349]LogAudioMixer: Display: No commands were queued while flushing the source manager.
[2020.03.24-00.06.05:770][349]LogBlueprintUserMessages: Early EndPlayMap Detection: Level '/Game/Areiazo/Maps/BlockoutV4.BlockoutV4:PersistentLevel' has LevelScriptBlueprint '/Game/Areiazo/Maps/BlockoutV4.BlockoutV4:PersistentLevel.BlockoutV4' with GeneratedClass '/Game/Areiazo/Maps/BlockoutV4.BlockoutV4_C' with ClassGeneratedBy '/Game/Areiazo/Maps/BlockoutV4.BlockoutV4:PersistentLevel.BlockoutV4'
[2020.03.24-00.06.05:770][349]LogSlate: Updating window title bar state: overlay mode, drag disabled, window buttons hidden, title bar hidden
[2020.03.24-00.06.05:770][349]LogWorld: BeginTearingDown for /Game/Areiazo/Maps/UEDPIE_0_BlockoutV4
[2020.03.24-00.06.05:786][349]LogSlate: Window 'Advanced VR Framework Game Preview Standalone (64-bit/PCD3D_SM5)' being destroyed
[2020.03.24-00.06.05:791][349]LogAudioMixer: Display: No commands were queued while flushing the source manager.
[2020.03.24-00.06.05:791][349]LogWorld: UWorld::CleanupWorld for BlockoutV4, bSessionEnded=true, bCleanupResources=true
[2020.03.24-00.06.05:792][349]LogSlate: InvalidateAllWidgets triggered.  All widgets were invalidated
[2020.03.24-00.06.05:807][349]LogPlayLevel: Display: Shutting down PIE online subsystems
[2020.03.24-00.06.05:808][349]LogBlueprintUserMessages: Late EndPlayMap Detection: Level '/Game/Areiazo/Maps/BlockoutV4.BlockoutV4:PersistentLevel' has LevelScriptBlueprint '/Game/Areiazo/Maps/BlockoutV4.BlockoutV4:PersistentLevel.BlockoutV4' with GeneratedClass '/Game/Areiazo/Maps/BlockoutV4.BlockoutV4_C' with ClassGeneratedBy '/Game/Areiazo/Maps/BlockoutV4.BlockoutV4:PersistentLevel.BlockoutV4'
[2020.03.24-00.06.05:817][349]LogSlate: InvalidateAllWidgets triggered.  All widgets were invalidated
[2020.03.24-00.06.05:883][349]LogAudioMixer: Display: No commands were queued while flushing the source manager.
[2020.03.24-00.06.05:933][349]LogUObjectHash: Compacting FUObjectHashTables data took   7.08ms
[2020.03.24-00.06.05:968][350]LogPlayLevel: Display: Destroying online subsystem :Context_2
[2020.03.24-00.10.21:332][483]LogEditorViewport: Clicking on Actor (LMB): Teleport_Circle_BP_C (Teleport_Circle_BP2)
[2020.03.24-00.10.38:041][296]LogEditorViewport: Clicking on Actor (LMB): Ancient_Head_C (Ancient_Head)
