Log file open, 02/29/20 21:10:34
LogWindows: Failed to load 'aqProf.dll' (GetLastError=126)
LogWindows: File 'aqProf.dll' does not exist
LogWindows: Failed to load 'VtuneApi.dll' (GetLastError=126)
LogWindows: File 'VtuneApi.dll' does not exist
LogWindows: Failed to load 'VtuneApi32e.dll' (GetLastError=126)
LogWindows: File 'VtuneApi32e.dll' does not exist
LogConsoleResponse: Display: Failed to find resolution value strings in scalability ini. Falling back to default.
LogInit: Display: Running engine for game: AdvancedVRFrameworkV22
LogPlatformFile: Not using cached read wrapper
LogTaskGraph: Started task graph with 5 named threads and 14 total threads with 3 sets of task threads.
LogStats: Stats thread started at 1.033259
LogD3D11RHI: Loaded GFSDK_Aftermath_Lib.x64.dll
LogICUInternationalization: ICU TimeZone Detection - Raw Offset: -8:00, Platform Override: ''
LogPluginManager: Mounting plugin Paper2D
LogPluginManager: Mounting plugin AISupport
LogPluginManager: Mounting plugin LightPropagationVolume
LogPluginManager: Mounting plugin ActorLayerUtilities
LogPluginManager: Mounting plugin AnimationSharing
LogPluginManager: Mounting plugin CLionSourceCodeAccess
LogPluginManager: Mounting plugin CodeLiteSourceCodeAccess
LogPluginManager: Mounting plugin GitSourceControl
LogPluginManager: Mounting plugin KDevelopSourceCodeAccess
LogPluginManager: Mounting plugin NullSourceCodeAccess
LogPluginManager: Mounting plugin PerforceSourceControl
LogPluginManager: Mounting plugin PlasticSourceControl
LogPluginManager: Mounting plugin SubversionSourceControl
LogPluginManager: Mounting plugin UObjectPlugin
LogPluginManager: Mounting plugin VisualStudioCodeSourceCodeAccess
LogPluginManager: Mounting plugin VisualStudioSourceCodeAccess
LogPluginManager: Mounting plugin XCodeSourceCodeAccess
LogPluginManager: Mounting plugin AssetManagerEditor
LogPluginManager: Mounting plugin CryptoKeys
LogPluginManager: Mounting plugin CurveEditorTools
LogPluginManager: Mounting plugin DataValidation
LogPluginManager: Mounting plugin FacialAnimation
LogPluginManager: Mounting plugin GameplayTagsEditor
LogPluginManager: Mounting plugin MacGraphicsSwitching
LogPluginManager: Mounting plugin MaterialAnalyzer
LogPluginManager: Mounting plugin MobileLauncherProfileWizard
LogPluginManager: Mounting plugin PluginBrowser
LogPluginManager: Mounting plugin SpeedTreeImporter
LogPluginManager: Mounting plugin DatasmithContent
LogPluginManager: Mounting plugin VariantManagerContent
LogPluginManager: Mounting plugin AlembicImporter
LogPluginManager: Mounting plugin AutomationUtils
LogPluginManager: Mounting plugin BackChannel
LogPluginManager: Mounting plugin CharacterAI
LogPluginManager: Mounting plugin GeometryCache
LogPluginManager: Mounting plugin PlatformCrypto
LogPluginManager: Mounting plugin ProxyLODPlugin
LogPluginManager: Mounting plugin SkeletalReduction
LogPluginManager: Mounting plugin MagicLeap
LogPluginManager: Mounting plugin MagicLeapMedia
LogPluginManager: Mounting plugin MLSDK
LogPluginManager: Mounting plugin AndroidMedia
LogPluginManager: Mounting plugin AvfMedia
LogPluginManager: Mounting plugin ImgMedia
LogPluginManager: Mounting plugin MediaCompositing
LogPluginManager: Mounting plugin MediaPlayerEditor
LogPluginManager: Mounting plugin WebMMedia
LogPluginManager: Mounting plugin WmfMedia
LogPluginManager: Mounting plugin TcpMessaging
LogPluginManager: Mounting plugin UdpMessaging
LogPluginManager: Mounting plugin ActorSequence
LogPluginManager: Mounting plugin LevelSequenceEditor
LogPluginManager: Mounting plugin MatineeToLevelSequence
LogPluginManager: Mounting plugin NetcodeUnitTest
LogPluginManager: Mounting plugin NUTUnrealEngine4
LogPluginManager: Mounting plugin OnlineSubsystemGooglePlay
LogPluginManager: Mounting plugin OnlineSubsystemIOS
LogPluginManager: Mounting plugin OnlineSubsystem
LogPluginManager: Mounting plugin OnlineSubsystemNull
LogPluginManager: Mounting plugin OnlineSubsystemUtils
LogPluginManager: Mounting plugin LauncherChunkInstaller
LogPluginManager: Mounting plugin AndroidDeviceProfileSelector
LogPluginManager: Mounting plugin AndroidMoviePlayer
LogPluginManager: Mounting plugin AndroidPermission
LogPluginManager: Mounting plugin ApexDestruction
LogPluginManager: Mounting plugin AppleImageUtils
LogPluginManager: Mounting plugin AppleMoviePlayer
LogPluginManager: Mounting plugin ArchVisCharacter
LogPluginManager: Mounting plugin AssetTags
LogPluginManager: Mounting plugin AudioCapture
LogPluginManager: Mounting plugin CableComponent
LogPluginManager: Mounting plugin CustomMeshComponent
LogPluginManager: Mounting plugin EditableMesh
LogPluginManager: Mounting plugin ExampleDeviceProfileSelector
LogPluginManager: Mounting plugin GoogleCloudMessaging
LogPluginManager: Mounting plugin IOSDeviceProfileSelector
LogPluginManager: Mounting plugin LinuxDeviceProfileSelector
LogPluginManager: Mounting plugin LocationServicesBPLibrary
LogPluginManager: Mounting plugin MobilePatchingUtils
LogPluginManager: Mounting plugin OculusVR
LogPluginManager: Mounting plugin PhysXVehicles
LogPluginManager: Mounting plugin PostSplashScreen
LogPluginManager: Mounting plugin ProceduralMeshComponent
LogPluginManager: Mounting plugin RuntimePhysXCooking
LogPluginManager: Mounting plugin SignificanceManager
LogPluginManager: Mounting plugin SteamVR
LogPluginManager: Mounting plugin WebBrowserWidget
LogPluginManager: Mounting plugin WebMMoviePlayer
LogPluginManager: Mounting plugin WindowsMoviePlayer
LogPluginManager: Mounting plugin ScreenshotTools
LogInit: Using libcurl 7.55.1-DEV
LogInit:  - built for x86_64-pc-win32
LogInit:  - supports SSL with OpenSSL/1.1.1
LogInit:  - supports HTTP deflate (compression) using libz 1.2.8
LogInit:  - other features:
LogInit:      CURL_VERSION_SSL
LogInit:      CURL_VERSION_LIBZ
LogInit:      CURL_VERSION_IPV6
LogInit:      CURL_VERSION_ASYNCHDNS
LogInit:      CURL_VERSION_LARGEFILE
LogInit:      CURL_VERSION_IDN
LogInit:  CurlRequestOptions (configurable via config and command line):
LogInit:  - bVerifyPeer = true  - Libcurl will verify peer certificate
LogInit:  - bUseHttpProxy = false  - Libcurl will NOT use HTTP proxy
LogInit:  - bDontReuseConnections = false  - Libcurl will reuse connections
LogInit:  - MaxHostConnections = 16  - Libcurl will limit the number of connections to a host
LogInit:  - LocalHostAddr = Default
LogInit:  - BufferSize = 65536
LogOnline: OSS: Creating online subsystem instance for: NULL
LogInit: WinSock: version 1.1 (2.2), MaxSocks=32767, MaxUdp=65467
LogOnline: OSS: TryLoadSubsystemAndSetDefault: Loaded subsystem for module [NULL]
LogHMD: Failed initializing OVRPlugin 1.40.0
LogInit: Build: ++UE4+Release-4.24-CL-11590370
LogInit: Engine Version: 4.24.3-11590370+++UE4+Release-4.24
LogInit: Compatible Engine Version: 4.24.0-10570792+++UE4+Release-4.24
LogInit: Net CL: 10570792
LogInit: OS: Windows 10 (Release 1903) (), CPU: Intel(R) Core(TM) i5-4690K CPU @ 3.50GHz, GPU: NVIDIA GeForce GTX 1660 Ti
LogInit: Compiled (64-bit): Feb 24 2020 15:39:18
LogInit: Compiled with Visual C++: 19.16.27032.01
LogInit: Build Configuration: Development
LogInit: Branch Name: ++UE4+Release-4.24
LogInit: Command Line: 
LogInit: Base Directory: D:/Epic Games/UE_4.24/Engine/Binaries/Win64/
LogInit: Installed Engine Build: 1
LogDevObjectVersion: Number of dev versions registered: 25
LogDevObjectVersion:   Dev-Blueprints (B0D832E4-1F89-4F0D-ACCF-7EB736FD4AA2): 10
LogDevObjectVersion:   Dev-Build (E1C64328-A22C-4D53-A36C-8E866417BD8C): 0
LogDevObjectVersion:   Dev-Core (375EC13C-06E4-48FB-B500-84F0262A717E): 3
LogDevObjectVersion:   Dev-Editor (E4B068ED-F494-42E9-A231-DA0B2E46BB41): 37
LogDevObjectVersion:   Dev-Framework (CFFC743F-43B0-4480-9391-14DF171D2073): 36
LogDevObjectVersion:   Dev-Mobile (B02B49B5-BB20-44E9-A304-32B752E40360): 2
LogDevObjectVersion:   Dev-Networking (A4E4105C-59A1-49B5-A7C5-40C4547EDFEE): 0
LogDevObjectVersion:   Dev-Online (39C831C9-5AE6-47DC-9A44-9C173E1C8E7C): 0
LogDevObjectVersion:   Dev-Physics (78F01B33-EBEA-4F98-B9B4-84EACCB95AA2): 2
LogDevObjectVersion:   Dev-Platform (6631380F-2D4D-43E0-8009-CF276956A95A): 0
LogDevObjectVersion:   Dev-Rendering (12F88B9F-8875-4AFC-A67C-D90C383ABD29): 36
LogDevObjectVersion:   Dev-Sequencer (7B5AE74C-D270-4C10-A958-57980B212A5A): 11
LogDevObjectVersion:   Dev-VR (D7296918-1DD6-4BDD-9DE2-64A83CC13884): 2
LogDevObjectVersion:   Dev-LoadTimes (C2A15278-BFE7-4AFE-6C17-90FF531DF755): 1
LogDevObjectVersion:   Private-Geometry (6EACA3D4-40EC-4CC1-B786-8BED09428FC5): 3
LogDevObjectVersion:   Dev-AnimPhys (29E575DD-E0A3-4627-9D10-D276232CDCEA): 17
LogDevObjectVersion:   Dev-Anim (AF43A65D-7FD3-4947-9873-3E8ED9C1BB05): 2
LogDevObjectVersion:   Dev-ReflectionCapture (6B266CEC-1EC7-4B8F-A30B-E4D90942FC07): 1
LogDevObjectVersion:   Dev-Automation (0DF73D61-A23F-47EA-B727-89E90C41499A): 1
LogDevObjectVersion:   FortniteMain (601D1886-AC64-4F84-AA16-D3DE0DEAC7D6): 31
LogDevObjectVersion:   Dev-Enterprise (9DFFBCD6-494F-0158-E221-12823C92A888): 8
LogDevObjectVersion:   Dev-Niagara (F2AED0AC-9AFE-416F-8664-AA7FFA26D6FC): 1
LogDevObjectVersion:   Dev-Destruction (174F1F0B-B4C6-45A5-B13F-2EE8D0FB917D): 9
LogDevObjectVersion:   Dev-Physics-Ext (35F94A83-E258-406C-A318-09F59610247C): 8
LogDevObjectVersion:   Dev-CineCamera (B2E18506-4273-CFC2-A54E-F4BB758BBA07): 1
LogInit: Presizing for max 25165824 objects, including 0 objects not considered by GC, pre-allocating 0 bytes for permanent pool.
LogInit: Object subsystem initialized
LogConfig: Setting CVar [[con.DebugEarlyDefault:1]]
LogConfig: Setting CVar [[r.setres:1280x720]]
[2020.03.01-05.10.38:919][  0]LogConfig: Setting CVar [[r.VSync:0]]
[2020.03.01-05.10.38:919][  0]LogConfig: Setting CVar [[r.RHICmdBypass:0]]
[2020.03.01-05.10.38:924][  0]LogConfig: Applying CVar settings from Section [/Script/Engine.RendererSettings] File [D:/GitHub/Le-VR-Project/Saved/Config/Windows/Engine.ini]
[2020.03.01-05.10.38:924][  0]LogConfig: Setting CVar [[r.GPUCrashDebugging:0]]
[2020.03.01-05.10.38:924][  0]LogConfig: Setting CVar [[r.CustomDepth:3]]
[2020.03.01-05.10.38:924][  0]LogConfig: Setting CVar [[r.DefaultFeature.Bloom:1]]
[2020.03.01-05.10.38:924][  0]LogConfig: Setting CVar [[r.DefaultFeature.AutoExposure:0]]
[2020.03.01-05.10.38:924][  0]LogConfig: Setting CVar [[vr.InstancedStereo:1]]
[2020.03.01-05.10.38:924][  0]LogConfig: Setting CVar [[r.ForwardShading:0]]
[2020.03.01-05.10.38:924][  0]LogConfig: Setting CVar [[r.DefaultFeature.MotionBlur:0]]
[2020.03.01-05.10.38:924][  0]LogConfig: Setting CVar [[r.CustomDepthTemporalAAJitter:1]]
[2020.03.01-05.10.38:924][  0]LogConfig: Setting CVar [[r.MobileMSAA:1]]
[2020.03.01-05.10.38:924][  0]LogConfig: Setting CVar [[r.TextureStreaming:0]]
[2020.03.01-05.10.38:924][  0]LogConfig: Setting CVar [[r.DefaultFeature.AmbientOcclusion:1]]
[2020.03.01-05.10.38:924][  0]LogConfig: Setting CVar [[r.DefaultFeature.AmbientOcclusionStaticFraction:1]]
[2020.03.01-05.10.38:924][  0]LogConfig: Setting CVar [[r.ReflectionCaptureResolution:256]]
[2020.03.01-05.10.38:924][  0]LogConfig: Setting CVar [[r.DefaultFeature.AutoExposure.Method:0]]
[2020.03.01-05.10.38:924][  0]LogConfig: Setting CVar [[r.AllowGlobalClipPlane:0]]
[2020.03.01-05.10.38:924][  0]LogConfig: Setting CVar [[r.NormalMapsForStaticLighting:1]]
[2020.03.01-05.10.38:924][  0]LogConfig: Setting CVar [[r.DefaultFeature.AntiAliasing:2]]
[2020.03.01-05.10.38:924][  0]LogConfig: Applying CVar settings from Section [/Script/Engine.RendererOverrideSettings] File [D:/GitHub/Le-VR-Project/Saved/Config/Windows/Engine.ini]
[2020.03.01-05.10.38:924][  0]LogConfig: Applying CVar settings from Section [/Script/Engine.StreamingSettings] File [D:/GitHub/Le-VR-Project/Saved/Config/Windows/Engine.ini]
[2020.03.01-05.10.38:924][  0]LogConfig: Setting CVar [[s.MinBulkDataSizeForAsyncLoading:131072]]
[2020.03.01-05.10.38:924][  0]LogConfig: Setting CVar [[s.AsyncLoadingThreadEnabled:0]]
[2020.03.01-05.10.38:924][  0]LogConfig: Setting CVar [[s.EventDrivenLoaderEnabled:1]]
[2020.03.01-05.10.38:924][  0]LogConfig: Setting CVar [[s.WarnIfTimeLimitExceeded:0]]
[2020.03.01-05.10.38:924][  0]LogConfig: Setting CVar [[s.TimeLimitExceededMultiplier:1.5]]
[2020.03.01-05.10.38:924][  0]LogConfig: Setting CVar [[s.TimeLimitExceededMinTime:0.005]]
[2020.03.01-05.10.38:924][  0]LogConfig: Setting CVar [[s.UseBackgroundLevelStreaming:1]]
[2020.03.01-05.10.38:924][  0]LogConfig: Setting CVar [[s.PriorityAsyncLoadingExtraTime:15.0]]
[2020.03.01-05.10.38:924][  0]LogConfig: Setting CVar [[s.LevelStreamingActorsUpdateTimeLimit:5.0]]
[2020.03.01-05.10.38:924][  0]LogConfig: Setting CVar [[s.PriorityLevelStreamingActorsUpdateExtraTime:5.0]]
[2020.03.01-05.10.38:924][  0]LogConfig: Setting CVar [[s.LevelStreamingComponentsRegistrationGranularity:10]]
[2020.03.01-05.10.38:924][  0]LogConfig: Setting CVar [[s.UnregisterComponentsTimeLimit:1.0]]
[2020.03.01-05.10.38:924][  0]LogConfig: Setting CVar [[s.LevelStreamingComponentsUnregistrationGranularity:5]]
[2020.03.01-05.10.38:924][  0]LogConfig: Setting CVar [[s.FlushStreamingOnExit:1]]
[2020.03.01-05.10.38:925][  0]LogConfig: Applying CVar settings from Section [/Script/Engine.GarbageCollectionSettings] File [D:/GitHub/Le-VR-Project/Saved/Config/Windows/Engine.ini]
[2020.03.01-05.10.38:925][  0]LogConfig: Setting CVar [[gc.MaxObjectsNotConsideredByGC:1]]
[2020.03.01-05.10.38:925][  0]LogConfig: Setting CVar [[gc.SizeOfPermanentObjectPool:0]]
[2020.03.01-05.10.38:925][  0]LogConfig: Setting CVar [[gc.FlushStreamingOnGC:0]]
[2020.03.01-05.10.38:925][  0]LogConfig: Setting CVar [[gc.NumRetriesBeforeForcingGC:10]]
[2020.03.01-05.10.38:925][  0]LogConfig: Setting CVar [[gc.AllowParallelGC:1]]
[2020.03.01-05.10.38:925][  0]LogConfig: Setting CVar [[gc.TimeBetweenPurgingPendingKillObjects:61.1]]
[2020.03.01-05.10.38:925][  0]LogConfig: Setting CVar [[gc.MaxObjectsInEditor:25165824]]
[2020.03.01-05.10.38:925][  0]LogConfig: Setting CVar [[gc.IncrementalBeginDestroyEnabled:1]]
[2020.03.01-05.10.38:925][  0]LogConfig: Setting CVar [[gc.CreateGCClusters:1]]
[2020.03.01-05.10.38:925][  0]LogConfig: Setting CVar [[gc.MinGCClusterSize:5]]
[2020.03.01-05.10.38:925][  0]LogConfig: Setting CVar [[gc.ActorClusteringEnabled:0]]
[2020.03.01-05.10.38:925][  0]LogConfig: Setting CVar [[gc.BlueprintClusteringEnabled:0]]
[2020.03.01-05.10.38:925][  0]LogConfig: Setting CVar [[gc.UseDisregardForGCOnDedicatedServers:0]]
[2020.03.01-05.10.38:925][  0]LogConfig: Applying CVar settings from Section [/Script/Engine.NetworkSettings] File [D:/GitHub/Le-VR-Project/Saved/Config/Windows/Engine.ini]
[2020.03.01-05.10.38:925][  0]LogConfig: Applying CVar settings from Section [/Script/UnrealEd.CookerSettings] File [D:/GitHub/Le-VR-Project/Saved/Config/Windows/Engine.ini]
[2020.03.01-05.10.38:984][  0]LogConfig: Applying CVar settings from Section [ViewDistanceQuality@3] File [D:/GitHub/Le-VR-Project/Saved/Config/Windows/Scalability.ini]
[2020.03.01-05.10.38:984][  0]LogConfig: Setting CVar [[r.SkeletalMeshLODBias:0]]
[2020.03.01-05.10.38:984][  0]LogConfig: Setting CVar [[r.ViewDistanceScale:1.0]]
[2020.03.01-05.10.38:984][  0]LogConfig: Applying CVar settings from Section [AntiAliasingQuality@3] File [D:/GitHub/Le-VR-Project/Saved/Config/Windows/Scalability.ini]
[2020.03.01-05.10.38:984][  0]LogConfig: Setting CVar [[r.PostProcessAAQuality:4]]
[2020.03.01-05.10.38:984][  0]LogConfig: Applying CVar settings from Section [ShadowQuality@3] File [D:/GitHub/Le-VR-Project/Saved/Config/Windows/Scalability.ini]
[2020.03.01-05.10.38:984][  0]LogConfig: Setting CVar [[r.LightFunctionQuality:1]]
[2020.03.01-05.10.38:984][  0]LogConfig: Setting CVar [[r.ShadowQuality:5]]
[2020.03.01-05.10.38:985][  0]LogConfig: Setting CVar [[r.Shadow.CSM.MaxCascades:10]]
[2020.03.01-05.10.38:985][  0]LogConfig: Setting CVar [[r.Shadow.MaxResolution:2048]]
[2020.03.01-05.10.38:985][  0]LogConfig: Setting CVar [[r.Shadow.MaxCSMResolution:2048]]
[2020.03.01-05.10.38:985][  0]LogConfig: Setting CVar [[r.Shadow.RadiusThreshold:0.01]]
[2020.03.01-05.10.38:985][  0]LogConfig: Setting CVar [[r.Shadow.DistanceScale:1.0]]
[2020.03.01-05.10.38:985][  0]LogConfig: Setting CVar [[r.Shadow.CSM.TransitionScale:1.0]]
[2020.03.01-05.10.38:985][  0]LogConfig: Setting CVar [[r.Shadow.PreShadowResolutionFactor:1.0]]
[2020.03.01-05.10.38:985][  0]LogConfig: Setting CVar [[r.DistanceFieldShadowing:1]]
[2020.03.01-05.10.38:985][  0]LogConfig: Setting CVar [[r.DistanceFieldAO:1]]
[2020.03.01-05.10.38:985][  0]LogConfig: Setting CVar [[r.AOQuality:2]]
[2020.03.01-05.10.38:985][  0]LogConfig: Setting CVar [[r.VolumetricFog:1]]
[2020.03.01-05.10.38:985][  0]LogConfig: Setting CVar [[r.VolumetricFog.GridPixelSize:8]]
[2020.03.01-05.10.38:985][  0]LogConfig: Setting CVar [[r.VolumetricFog.GridSizeZ:128]]
[2020.03.01-05.10.38:985][  0]LogConfig: Setting CVar [[r.VolumetricFog.HistoryMissSupersampleCount:4]]
[2020.03.01-05.10.38:985][  0]LogConfig: Setting CVar [[r.LightMaxDrawDistanceScale:1]]
[2020.03.01-05.10.38:985][  0]LogConfig: Setting CVar [[r.CapsuleShadows:1]]
[2020.03.01-05.10.38:985][  0]LogConfig: Applying CVar settings from Section [PostProcessQuality@3] File [D:/GitHub/Le-VR-Project/Saved/Config/Windows/Scalability.ini]
[2020.03.01-05.10.38:985][  0]LogConfig: Setting CVar [[r.MotionBlurQuality:4]]
[2020.03.01-05.10.38:985][  0]LogConfig: Setting CVar [[r.AmbientOcclusionMipLevelFactor:0.4]]
[2020.03.01-05.10.38:985][  0]LogConfig: Setting CVar [[r.AmbientOcclusionMaxQuality:100]]
[2020.03.01-05.10.38:985][  0]LogConfig: Setting CVar [[r.AmbientOcclusionLevels:-1]]
[2020.03.01-05.10.38:985][  0]LogConfig: Setting CVar [[r.AmbientOcclusionRadiusScale:1.0]]
[2020.03.01-05.10.38:985][  0]LogConfig: Setting CVar [[r.DepthOfFieldQuality:2]]
[2020.03.01-05.10.38:985][  0]LogConfig: Setting CVar [[r.RenderTargetPoolMin:400]]
[2020.03.01-05.10.38:985][  0]LogConfig: Setting CVar [[r.LensFlareQuality:2]]
[2020.03.01-05.10.38:985][  0]LogConfig: Setting CVar [[r.SceneColorFringeQuality:1]]
[2020.03.01-05.10.38:985][  0]LogConfig: Setting CVar [[r.EyeAdaptationQuality:2]]
[2020.03.01-05.10.38:985][  0]LogConfig: Setting CVar [[r.BloomQuality:5]]
[2020.03.01-05.10.38:985][  0]LogConfig: Setting CVar [[r.FastBlurThreshold:100]]
[2020.03.01-05.10.38:985][  0]LogConfig: Setting CVar [[r.Upscale.Quality:3]]
[2020.03.01-05.10.38:985][  0]LogConfig: Setting CVar [[r.Tonemapper.GrainQuantization:1]]
[2020.03.01-05.10.38:985][  0]LogConfig: Setting CVar [[r.LightShaftQuality:1]]
[2020.03.01-05.10.38:985][  0]LogConfig: Setting CVar [[r.Filter.SizeScale:1]]
[2020.03.01-05.10.38:985][  0]LogConfig: Setting CVar [[r.Tonemapper.Quality:5]]
[2020.03.01-05.10.38:985][  0]LogConfig: Setting CVar [[r.DOF.Gather.AccumulatorQuality:1        ; higher gathering accumulator quality]]
[2020.03.01-05.10.38:985][  0]LogConfig: Setting CVar [[r.DOF.Gather.PostfilterMethod:1          ; Median3x3 postfilering method]]
[2020.03.01-05.10.38:985][  0]LogConfig: Setting CVar [[r.DOF.Gather.EnableBokehSettings:0       ; no bokeh simulation when gathering]]
[2020.03.01-05.10.38:985][  0]LogConfig: Setting CVar [[r.DOF.Gather.RingCount:4                 ; medium number of samples when gathering]]
[2020.03.01-05.10.38:985][  0]LogConfig: Setting CVar [[r.DOF.Scatter.ForegroundCompositing:1    ; additive foreground scattering]]
[2020.03.01-05.10.38:985][  0]LogConfig: Setting CVar [[r.DOF.Scatter.BackgroundCompositing:2    ; additive background scattering]]
[2020.03.01-05.10.38:985][  0]LogConfig: Setting CVar [[r.DOF.Scatter.EnableBokehSettings:1      ; bokeh simulation when scattering]]
[2020.03.01-05.10.38:985][  0]LogConfig: Setting CVar [[r.DOF.Scatter.MaxSpriteRatio:0.1         ; only a maximum of 10% of scattered bokeh]]
[2020.03.01-05.10.38:985][  0]LogConfig: Setting CVar [[r.DOF.Recombine.Quality:1                ; cheap slight out of focus]]
[2020.03.01-05.10.38:985][  0]LogConfig: Setting CVar [[r.DOF.Recombine.EnableBokehSettings:0    ; no bokeh simulation on slight out of focus]]
[2020.03.01-05.10.38:985][  0]LogConfig: Setting CVar [[r.DOF.TemporalAAQuality:1                ; more stable temporal accumulation]]
[2020.03.01-05.10.38:985][  0]LogConfig: Setting CVar [[r.DOF.Kernel.MaxForegroundRadius:0.025]]
[2020.03.01-05.10.38:985][  0]LogConfig: Setting CVar [[r.DOF.Kernel.MaxBackgroundRadius:0.025]]
[2020.03.01-05.10.38:985][  0]LogConfig: Applying CVar settings from Section [TextureQuality@3] File [D:/GitHub/Le-VR-Project/Saved/Config/Windows/Scalability.ini]
[2020.03.01-05.10.38:985][  0]LogConfig: Setting CVar [[r.Streaming.MipBias:0]]
[2020.03.01-05.10.38:985][  0]LogConfig: Setting CVar [[r.Streaming.AmortizeCPUToGPUCopy:0]]
[2020.03.01-05.10.38:985][  0]LogConfig: Setting CVar [[r.Streaming.MaxNumTexturesToStreamPerFrame:0]]
[2020.03.01-05.10.38:985][  0]LogConfig: Setting CVar [[r.Streaming.Boost:1]]
[2020.03.01-05.10.38:985][  0]LogConfig: Setting CVar [[r.MaxAnisotropy:8]]
[2020.03.01-05.10.38:985][  0]LogConfig: Setting CVar [[r.VT.MaxAnisotropy:8]]
[2020.03.01-05.10.38:985][  0]LogConfig: Setting CVar [[r.Streaming.LimitPoolSizeToVRAM:0]]
[2020.03.01-05.10.38:985][  0]LogConfig: Setting CVar [[r.Streaming.PoolSize:1000]]
[2020.03.01-05.10.38:985][  0]LogConfig: Setting CVar [[r.Streaming.MaxEffectiveScreenSize:0]]
[2020.03.01-05.10.38:985][  0]LogConfig: Applying CVar settings from Section [EffectsQuality@3] File [D:/GitHub/Le-VR-Project/Saved/Config/Windows/Scalability.ini]
[2020.03.01-05.10.38:985][  0]LogConfig: Setting CVar [[r.TranslucencyLightingVolumeDim:64]]
[2020.03.01-05.10.38:985][  0]LogConfig: Setting CVar [[r.RefractionQuality:2]]
[2020.03.01-05.10.38:985][  0]LogConfig: Setting CVar [[r.SSR.Quality:3]]
[2020.03.01-05.10.38:985][  0]LogConfig: Setting CVar [[r.SSR.HalfResSceneColor:0]]
[2020.03.01-05.10.38:985][  0]LogConfig: Setting CVar [[r.SceneColorFormat:4]]
[2020.03.01-05.10.38:985][  0]LogConfig: Setting CVar [[r.DetailMode:2]]
[2020.03.01-05.10.38:985][  0]LogConfig: Setting CVar [[r.TranslucencyVolumeBlur:1]]
[2020.03.01-05.10.38:985][  0]LogConfig: Setting CVar [[r.MaterialQualityLevel:1 ; High quality]]
[2020.03.01-05.10.38:985][  0]LogConfig: Setting CVar [[r.SSS.Scale:1]]
[2020.03.01-05.10.38:985][  0]LogConfig: Setting CVar [[r.SSS.SampleSet:2]]
[2020.03.01-05.10.38:985][  0]LogConfig: Setting CVar [[r.SSS.Quality:1]]
[2020.03.01-05.10.38:985][  0]LogConfig: Setting CVar [[r.SSS.HalfRes:1]]
[2020.03.01-05.10.38:985][  0]LogConfig: Setting CVar [[r.SSGI.Quality:3]]
[2020.03.01-05.10.38:985][  0]LogConfig: Setting CVar [[r.EmitterSpawnRateScale:1.0]]
[2020.03.01-05.10.38:985][  0]LogConfig: Setting CVar [[r.ParticleLightQuality:2]]
[2020.03.01-05.10.38:985][  0]LogConfig: Setting CVar [[r.SkyAtmosphere.AerialPerspectiveLUT.FastApplyOnOpaque:1 ; Always have FastSkyLUT 1 in this case to avoid wrong sky]]
[2020.03.01-05.10.38:985][  0]LogConfig: Setting CVar [[r.SkyAtmosphere.AerialPerspectiveLUT.SampleCountPerSlice:1]]
[2020.03.01-05.10.38:985][  0]LogConfig: Setting CVar [[r.SkyAtmosphere.AerialPerspectiveLUT.DepthResolution:16.0]]
[2020.03.01-05.10.38:985][  0]LogConfig: Setting CVar [[r.SkyAtmosphere.FastSkyLUT:1]]
[2020.03.01-05.10.38:985][  0]LogConfig: Setting CVar [[r.SkyAtmosphere.FastSkyLUT.SampleCountMin:4.0]]
[2020.03.01-05.10.38:985][  0]LogConfig: Setting CVar [[r.SkyAtmosphere.FastSkyLUT.SampleCountMax:32.0]]
[2020.03.01-05.10.38:985][  0]LogConfig: Setting CVar [[r.SkyAtmosphere.SampleCountMin:4.0]]
[2020.03.01-05.10.38:985][  0]LogConfig: Setting CVar [[r.SkyAtmosphere.SampleCountMax:32.0]]
[2020.03.01-05.10.38:985][  0]LogConfig: Setting CVar [[r.SkyAtmosphere.TransmittanceLUT.UseSmallFormat:0]]
[2020.03.01-05.10.38:985][  0]LogConfig: Setting CVar [[r.SkyAtmosphere.TransmittanceLUT.SampleCount:10.0]]
[2020.03.01-05.10.38:985][  0]LogConfig: Setting CVar [[r.SkyAtmosphere.MultiScatteringLUT.SampleCount:15.0]]
[2020.03.01-05.10.38:986][  0]LogConfig: Applying CVar settings from Section [FoliageQuality@3] File [D:/GitHub/Le-VR-Project/Saved/Config/Windows/Scalability.ini]
[2020.03.01-05.10.38:986][  0]LogConfig: Setting CVar [[foliage.DensityScale:1.0]]
[2020.03.01-05.10.38:986][  0]LogConfig: Setting CVar [[grass.DensityScale:1.0]]
[2020.03.01-05.10.38:986][  0]LogConfig: Applying CVar settings from Section [ShadingQuality@3] File [D:/GitHub/Le-VR-Project/Saved/Config/Windows/Scalability.ini]
[2020.03.01-05.10.38:986][  0]LogConfig: Setting CVar [[r.HairStrands.SkyLighting.SampleCount:16]]
[2020.03.01-05.10.38:986][  0]LogConfig: Setting CVar [[r.HairStrands.SkyLighting.JitterIntegration:0]]
[2020.03.01-05.10.38:986][  0]LogConfig: Setting CVar [[r.HairStrands.SkyAO.SampleCount:16]]
[2020.03.01-05.10.38:993][  0]LogInit: Selected Device Profile: [Windows]
[2020.03.01-05.10.38:994][  0]LogInit: Applying CVar settings loaded from the selected device profile: [Windows]
[2020.03.01-05.10.39:042][  0]LogHAL: Display: Platform has ~ 16 GB [16981479424 / 17179869184 / 16], which maps to Larger [LargestMinGB=32, LargerMinGB=12, DefaultMinGB=8, SmallerMinGB=6, SmallestMinGB=0)
[2020.03.01-05.10.39:042][  0]LogInit: Going up to parent DeviceProfile []
[2020.03.01-05.10.39:042][  0]LogConfig: Applying CVar settings from Section [ViewDistanceQuality@3] File [D:/GitHub/Le-VR-Project/Saved/Config/Windows/Scalability.ini]
[2020.03.01-05.10.39:042][  0]LogConfig: Setting CVar [[r.SkeletalMeshLODBias:0]]
[2020.03.01-05.10.39:042][  0]LogConfig: Setting CVar [[r.ViewDistanceScale:1.0]]
[2020.03.01-05.10.39:042][  0]LogConfig: Applying CVar settings from Section [AntiAliasingQuality@3] File [D:/GitHub/Le-VR-Project/Saved/Config/Windows/Scalability.ini]
[2020.03.01-05.10.39:042][  0]LogConfig: Setting CVar [[r.PostProcessAAQuality:4]]
[2020.03.01-05.10.39:042][  0]LogConfig: Applying CVar settings from Section [ShadowQuality@3] File [D:/GitHub/Le-VR-Project/Saved/Config/Windows/Scalability.ini]
[2020.03.01-05.10.39:042][  0]LogConfig: Setting CVar [[r.LightFunctionQuality:1]]
[2020.03.01-05.10.39:042][  0]LogConfig: Setting CVar [[r.ShadowQuality:5]]
[2020.03.01-05.10.39:042][  0]LogConfig: Setting CVar [[r.Shadow.CSM.MaxCascades:10]]
[2020.03.01-05.10.39:042][  0]LogConfig: Setting CVar [[r.Shadow.MaxResolution:2048]]
[2020.03.01-05.10.39:042][  0]LogConfig: Setting CVar [[r.Shadow.MaxCSMResolution:2048]]
[2020.03.01-05.10.39:042][  0]LogConfig: Setting CVar [[r.Shadow.RadiusThreshold:0.01]]
[2020.03.01-05.10.39:042][  0]LogConfig: Setting CVar [[r.Shadow.DistanceScale:1.0]]
[2020.03.01-05.10.39:042][  0]LogConfig: Setting CVar [[r.Shadow.CSM.TransitionScale:1.0]]
[2020.03.01-05.10.39:042][  0]LogConfig: Setting CVar [[r.Shadow.PreShadowResolutionFactor:1.0]]
[2020.03.01-05.10.39:042][  0]LogConfig: Setting CVar [[r.DistanceFieldShadowing:1]]
[2020.03.01-05.10.39:042][  0]LogConfig: Setting CVar [[r.DistanceFieldAO:1]]
[2020.03.01-05.10.39:042][  0]LogConfig: Setting CVar [[r.AOQuality:2]]
[2020.03.01-05.10.39:042][  0]LogConfig: Setting CVar [[r.VolumetricFog:1]]
[2020.03.01-05.10.39:042][  0]LogConfig: Setting CVar [[r.VolumetricFog.GridPixelSize:8]]
[2020.03.01-05.10.39:042][  0]LogConfig: Setting CVar [[r.VolumetricFog.GridSizeZ:128]]
[2020.03.01-05.10.39:042][  0]LogConfig: Setting CVar [[r.VolumetricFog.HistoryMissSupersampleCount:4]]
[2020.03.01-05.10.39:042][  0]LogConfig: Setting CVar [[r.LightMaxDrawDistanceScale:1]]
[2020.03.01-05.10.39:042][  0]LogConfig: Setting CVar [[r.CapsuleShadows:1]]
[2020.03.01-05.10.39:042][  0]LogConfig: Applying CVar settings from Section [PostProcessQuality@3] File [D:/GitHub/Le-VR-Project/Saved/Config/Windows/Scalability.ini]
[2020.03.01-05.10.39:042][  0]LogConfig: Setting CVar [[r.MotionBlurQuality:4]]
[2020.03.01-05.10.39:042][  0]LogConfig: Setting CVar [[r.AmbientOcclusionMipLevelFactor:0.4]]
[2020.03.01-05.10.39:042][  0]LogConfig: Setting CVar [[r.AmbientOcclusionMaxQuality:100]]
[2020.03.01-05.10.39:042][  0]LogConfig: Setting CVar [[r.AmbientOcclusionLevels:-1]]
[2020.03.01-05.10.39:042][  0]LogConfig: Setting CVar [[r.AmbientOcclusionRadiusScale:1.0]]
[2020.03.01-05.10.39:042][  0]LogConfig: Setting CVar [[r.DepthOfFieldQuality:2]]
[2020.03.01-05.10.39:042][  0]LogConfig: Setting CVar [[r.RenderTargetPoolMin:400]]
[2020.03.01-05.10.39:042][  0]LogConfig: Setting CVar [[r.LensFlareQuality:2]]
[2020.03.01-05.10.39:042][  0]LogConfig: Setting CVar [[r.SceneColorFringeQuality:1]]
[2020.03.01-05.10.39:042][  0]LogConfig: Setting CVar [[r.EyeAdaptationQuality:2]]
[2020.03.01-05.10.39:042][  0]LogConfig: Setting CVar [[r.BloomQuality:5]]
[2020.03.01-05.10.39:042][  0]LogConfig: Setting CVar [[r.FastBlurThreshold:100]]
[2020.03.01-05.10.39:042][  0]LogConfig: Setting CVar [[r.Upscale.Quality:3]]
[2020.03.01-05.10.39:042][  0]LogConfig: Setting CVar [[r.Tonemapper.GrainQuantization:1]]
[2020.03.01-05.10.39:043][  0]LogConfig: Setting CVar [[r.LightShaftQuality:1]]
[2020.03.01-05.10.39:043][  0]LogConfig: Setting CVar [[r.Filter.SizeScale:1]]
[2020.03.01-05.10.39:043][  0]LogConfig: Setting CVar [[r.Tonemapper.Quality:5]]
[2020.03.01-05.10.39:043][  0]LogConfig: Setting CVar [[r.DOF.Gather.AccumulatorQuality:1        ; higher gathering accumulator quality]]
[2020.03.01-05.10.39:043][  0]LogConfig: Setting CVar [[r.DOF.Gather.PostfilterMethod:1          ; Median3x3 postfilering method]]
[2020.03.01-05.10.39:043][  0]LogConfig: Setting CVar [[r.DOF.Gather.EnableBokehSettings:0       ; no bokeh simulation when gathering]]
[2020.03.01-05.10.39:043][  0]LogConfig: Setting CVar [[r.DOF.Gather.RingCount:4                 ; medium number of samples when gathering]]
[2020.03.01-05.10.39:043][  0]LogConfig: Setting CVar [[r.DOF.Scatter.ForegroundCompositing:1    ; additive foreground scattering]]
[2020.03.01-05.10.39:043][  0]LogConfig: Setting CVar [[r.DOF.Scatter.BackgroundCompositing:2    ; additive background scattering]]
[2020.03.01-05.10.39:043][  0]LogConfig: Setting CVar [[r.DOF.Scatter.EnableBokehSettings:1      ; bokeh simulation when scattering]]
[2020.03.01-05.10.39:043][  0]LogConfig: Setting CVar [[r.DOF.Scatter.MaxSpriteRatio:0.1         ; only a maximum of 10% of scattered bokeh]]
[2020.03.01-05.10.39:043][  0]LogConfig: Setting CVar [[r.DOF.Recombine.Quality:1                ; cheap slight out of focus]]
[2020.03.01-05.10.39:043][  0]LogConfig: Setting CVar [[r.DOF.Recombine.EnableBokehSettings:0    ; no bokeh simulation on slight out of focus]]
[2020.03.01-05.10.39:043][  0]LogConfig: Setting CVar [[r.DOF.TemporalAAQuality:1                ; more stable temporal accumulation]]
[2020.03.01-05.10.39:043][  0]LogConfig: Setting CVar [[r.DOF.Kernel.MaxForegroundRadius:0.025]]
[2020.03.01-05.10.39:043][  0]LogConfig: Setting CVar [[r.DOF.Kernel.MaxBackgroundRadius:0.025]]
[2020.03.01-05.10.39:043][  0]LogConfig: Applying CVar settings from Section [TextureQuality@3] File [D:/GitHub/Le-VR-Project/Saved/Config/Windows/Scalability.ini]
[2020.03.01-05.10.39:043][  0]LogConfig: Setting CVar [[r.Streaming.MipBias:0]]
[2020.03.01-05.10.39:043][  0]LogConfig: Setting CVar [[r.Streaming.AmortizeCPUToGPUCopy:0]]
[2020.03.01-05.10.39:043][  0]LogConfig: Setting CVar [[r.Streaming.MaxNumTexturesToStreamPerFrame:0]]
[2020.03.01-05.10.39:043][  0]LogConfig: Setting CVar [[r.Streaming.Boost:1]]
[2020.03.01-05.10.39:043][  0]LogConfig: Setting CVar [[r.MaxAnisotropy:8]]
[2020.03.01-05.10.39:043][  0]LogConfig: Setting CVar [[r.VT.MaxAnisotropy:8]]
[2020.03.01-05.10.39:043][  0]LogConfig: Setting CVar [[r.Streaming.LimitPoolSizeToVRAM:0]]
[2020.03.01-05.10.39:043][  0]LogConfig: Setting CVar [[r.Streaming.PoolSize:1000]]
[2020.03.01-05.10.39:043][  0]LogConfig: Setting CVar [[r.Streaming.MaxEffectiveScreenSize:0]]
[2020.03.01-05.10.39:043][  0]LogConfig: Applying CVar settings from Section [EffectsQuality@3] File [D:/GitHub/Le-VR-Project/Saved/Config/Windows/Scalability.ini]
[2020.03.01-05.10.39:043][  0]LogConfig: Setting CVar [[r.TranslucencyLightingVolumeDim:64]]
[2020.03.01-05.10.39:043][  0]LogConfig: Setting CVar [[r.RefractionQuality:2]]
[2020.03.01-05.10.39:043][  0]LogConfig: Setting CVar [[r.SSR.Quality:3]]
[2020.03.01-05.10.39:043][  0]LogConfig: Setting CVar [[r.SSR.HalfResSceneColor:0]]
[2020.03.01-05.10.39:043][  0]LogConfig: Setting CVar [[r.SceneColorFormat:4]]
[2020.03.01-05.10.39:043][  0]LogConfig: Setting CVar [[r.DetailMode:2]]
[2020.03.01-05.10.39:043][  0]LogConfig: Setting CVar [[r.TranslucencyVolumeBlur:1]]
[2020.03.01-05.10.39:043][  0]LogConfig: Setting CVar [[r.MaterialQualityLevel:1 ; High quality]]
[2020.03.01-05.10.39:043][  0]LogConfig: Setting CVar [[r.SSS.Scale:1]]
[2020.03.01-05.10.39:043][  0]LogConfig: Setting CVar [[r.SSS.SampleSet:2]]
[2020.03.01-05.10.39:043][  0]LogConfig: Setting CVar [[r.SSS.Quality:1]]
[2020.03.01-05.10.39:043][  0]LogConfig: Setting CVar [[r.SSS.HalfRes:1]]
[2020.03.01-05.10.39:043][  0]LogConfig: Setting CVar [[r.SSGI.Quality:3]]
[2020.03.01-05.10.39:043][  0]LogConfig: Setting CVar [[r.EmitterSpawnRateScale:1.0]]
[2020.03.01-05.10.39:043][  0]LogConfig: Setting CVar [[r.ParticleLightQuality:2]]
[2020.03.01-05.10.39:043][  0]LogConfig: Setting CVar [[r.SkyAtmosphere.AerialPerspectiveLUT.FastApplyOnOpaque:1 ; Always have FastSkyLUT 1 in this case to avoid wrong sky]]
[2020.03.01-05.10.39:043][  0]LogConfig: Setting CVar [[r.SkyAtmosphere.AerialPerspectiveLUT.SampleCountPerSlice:1]]
[2020.03.01-05.10.39:043][  0]LogConfig: Setting CVar [[r.SkyAtmosphere.AerialPerspectiveLUT.DepthResolution:16.0]]
[2020.03.01-05.10.39:043][  0]LogConfig: Setting CVar [[r.SkyAtmosphere.FastSkyLUT:1]]
[2020.03.01-05.10.39:043][  0]LogConfig: Setting CVar [[r.SkyAtmosphere.FastSkyLUT.SampleCountMin:4.0]]
[2020.03.01-05.10.39:043][  0]LogConfig: Setting CVar [[r.SkyAtmosphere.FastSkyLUT.SampleCountMax:32.0]]
[2020.03.01-05.10.39:043][  0]LogConfig: Setting CVar [[r.SkyAtmosphere.SampleCountMin:4.0]]
[2020.03.01-05.10.39:043][  0]LogConfig: Setting CVar [[r.SkyAtmosphere.SampleCountMax:32.0]]
[2020.03.01-05.10.39:043][  0]LogConfig: Setting CVar [[r.SkyAtmosphere.TransmittanceLUT.UseSmallFormat:0]]
[2020.03.01-05.10.39:043][  0]LogConfig: Setting CVar [[r.SkyAtmosphere.TransmittanceLUT.SampleCount:10.0]]
[2020.03.01-05.10.39:043][  0]LogConfig: Setting CVar [[r.SkyAtmosphere.MultiScatteringLUT.SampleCount:15.0]]
[2020.03.01-05.10.39:043][  0]LogConfig: Applying CVar settings from Section [FoliageQuality@3] File [D:/GitHub/Le-VR-Project/Saved/Config/Windows/Scalability.ini]
[2020.03.01-05.10.39:043][  0]LogConfig: Setting CVar [[foliage.DensityScale:1.0]]
[2020.03.01-05.10.39:043][  0]LogConfig: Setting CVar [[grass.DensityScale:1.0]]
[2020.03.01-05.10.39:043][  0]LogConfig: Applying CVar settings from Section [ShadingQuality@3] File [D:/GitHub/Le-VR-Project/Saved/Config/Windows/Scalability.ini]
[2020.03.01-05.10.39:043][  0]LogConfig: Setting CVar [[r.HairStrands.SkyLighting.SampleCount:16]]
[2020.03.01-05.10.39:043][  0]LogConfig: Setting CVar [[r.HairStrands.SkyLighting.JitterIntegration:0]]
[2020.03.01-05.10.39:043][  0]LogConfig: Setting CVar [[r.HairStrands.SkyAO.SampleCount:16]]
[2020.03.01-05.10.39:043][  0]LogConfig: Applying CVar settings from Section [Startup] File [../../../Engine/Config/ConsoleVariables.ini]
[2020.03.01-05.10.39:064][  0]LogConfig: Setting CVar [[net.UseAdaptiveNetUpdateFrequency:0]]
[2020.03.01-05.10.39:064][  0]LogConfig: Setting CVar [[p.chaos.AllowCreatePhysxBodies:1]]
[2020.03.01-05.10.39:064][  0]LogConfig: Applying CVar settings from Section [ConsoleVariables] File [D:/GitHub/Le-VR-Project/Saved/Config/Windows/Engine.ini]
[2020.03.01-05.10.39:119][  0]LogInit: Computer: XENOSEMPIRE
[2020.03.01-05.10.39:119][  0]LogInit: User: Ralphy
[2020.03.01-05.10.39:119][  0]LogInit: CPU Page size=4096, Cores=4
[2020.03.01-05.10.39:119][  0]LogInit: High frequency timer resolution =10.000000 MHz
[2020.03.01-05.10.39:119][  0]LogMemory: Memory total: Physical=15.8GB (16GB approx)
[2020.03.01-05.10.39:120][  0]LogMemory: Platform Memory Stats for Windows
[2020.03.01-05.10.39:120][  0]LogMemory: Process Physical Memory: 107.35 MB used, 107.36 MB peak
[2020.03.01-05.10.39:120][  0]LogMemory: Process Virtual Memory: 103.69 MB used, 103.69 MB peak
[2020.03.01-05.10.39:120][  0]LogMemory: Physical Memory: 5052.47 MB used,  11142.33 MB free, 16194.80 MB total
[2020.03.01-05.10.39:120][  0]LogMemory: Virtual Memory: 5162.49 MB used,  134212568.00 MB free, 134217728.00 MB total
[2020.03.01-05.10.39:147][  0]LogWindows: WindowsPlatformFeatures enabled
[2020.03.01-05.10.40:047][  0]LogInit: Using OS detected language (en-US).
[2020.03.01-05.10.40:047][  0]LogInit: Using OS detected locale (en-US).
[2020.03.01-05.10.40:154][  0]LogTextLocalizationManager: No specific localization for 'en-US' exists, so the 'en' localization will be used.
[2020.03.01-05.10.40:781][  0]LogInit: Setting process to per monitor DPI aware
[2020.03.01-05.10.41:556][  0]LogSlate: New Slate User Created.  User Index 0, Is Virtual User: 0
[2020.03.01-05.10.41:556][  0]LogSlate: Slate User Registered.  User Index 0, Is Virtual User: 0
[2020.03.01-05.10.45:545][  0]LogHMD: Failed to initialize OpenVR with code 126
[2020.03.01-05.10.45:545][  0]LogD3D11RHI: D3D11 min allowed feature level: 11_0
[2020.03.01-05.10.45:545][  0]LogD3D11RHI: D3D11 max allowed feature level: 11_0
[2020.03.01-05.10.45:545][  0]LogD3D11RHI: D3D11 adapters:
[2020.03.01-05.10.45:633][  0]LogD3D11RHI:    0. 'NVIDIA GeForce GTX 1660 Ti' (Feature Level 11_0)
[2020.03.01-05.10.45:633][  0]LogD3D11RHI:       5991/0/8097 MB DedicatedVideo/DedicatedSystem/SharedSystem, Outputs:1, VendorId:0x10de
[2020.03.01-05.10.45:640][  0]LogD3D11RHI:    1. 'Intel(R) HD Graphics 4600' (Feature Level 11_0)
[2020.03.01-05.10.45:640][  0]LogD3D11RHI:       112/0/2048 MB DedicatedVideo/DedicatedSystem/SharedSystem, Outputs:1, VendorId:0x8086
[2020.03.01-05.10.45:642][  0]LogD3D11RHI:    2. 'Microsoft Basic Render Driver' (Feature Level 11_0)
[2020.03.01-05.10.45:642][  0]LogD3D11RHI:       0/0/8097 MB DedicatedVideo/DedicatedSystem/SharedSystem, Outputs:0, VendorId:0x1414
[2020.03.01-05.10.45:642][  0]LogD3D11RHI: Chosen D3D11 Adapter: 0
[2020.03.01-05.10.45:858][  0]LogD3D11RHI: Creating new Direct3DDevice
[2020.03.01-05.10.45:860][  0]LogD3D11RHI:     GPU DeviceId: 0x2182 (for the marketing name, search the web for "GPU Device Id")
[2020.03.01-05.10.45:860][  0]LogWindows: EnumDisplayDevices:
[2020.03.01-05.10.45:860][  0]LogWindows:    0. 'NVIDIA GeForce GTX 1660 Ti' (P:1 D:1)
[2020.03.01-05.10.45:860][  0]LogWindows:    1. 'NVIDIA GeForce GTX 1660 Ti' (P:0 D:0)
[2020.03.01-05.10.45:860][  0]LogWindows:    2. 'NVIDIA GeForce GTX 1660 Ti' (P:0 D:0)
[2020.03.01-05.10.45:860][  0]LogWindows:    3. 'NVIDIA GeForce GTX 1660 Ti' (P:0 D:0)
[2020.03.01-05.10.45:861][  0]LogWindows:    4. 'Intel(R) HD Graphics 4600' (P:0 D:1)
[2020.03.01-05.10.45:861][  0]LogWindows:    5. 'Intel(R) HD Graphics 4600' (P:0 D:0)
[2020.03.01-05.10.45:861][  0]LogWindows:    6. 'Intel(R) HD Graphics 4600' (P:0 D:0)
[2020.03.01-05.10.45:861][  0]LogWindows: DebugString: PrimaryIsNotTheChoosenAdapter PrimaryIsNotTheChoosenAdapter PrimaryIsNotTheChoosenAdapter FoundDriverCount:4 
[2020.03.01-05.10.45:861][  0]LogD3D11RHI:     Adapter Name: NVIDIA GeForce GTX 1660 Ti
[2020.03.01-05.10.45:861][  0]LogD3D11RHI:   Driver Version: 442.50 (internal:26.21.14.4250, unified:442.50)
[2020.03.01-05.10.45:861][  0]LogD3D11RHI:      Driver Date: 2-24-2020
[2020.03.01-05.10.45:861][  0]LogRHI: Texture pool is 4193 MB (70% of 5991 MB)
[2020.03.01-05.10.46:130][  0]LogD3D11RHI: RHI has support for 64 bit atomics
[2020.03.01-05.10.46:130][  0]LogD3D11RHI: Async texture creation enabled
[2020.03.01-05.10.47:746][  0]LogD3D11RHI: GPU Timing Frequency: 1000.000000 (Debug: 2 1)
[2020.03.01-05.10.49:688][  0]LogTargetPlatformManager: Display: Loaded TargetPlatform 'AllDesktop'
[2020.03.01-05.10.49:876][  0]LogTargetPlatformManager: Display: Loaded TargetPlatform 'Android'
[2020.03.01-05.10.49:876][  0]LogTargetPlatformManager: Display: Loaded TargetPlatform 'Android_ASTC'
[2020.03.01-05.10.49:876][  0]LogTargetPlatformManager: Display: Loaded TargetPlatform 'Android_ATC'
[2020.03.01-05.10.49:876][  0]LogTargetPlatformManager: Display: Loaded TargetPlatform 'Android_DXT'
[2020.03.01-05.10.49:876][  0]LogTargetPlatformManager: Display: Loaded TargetPlatform 'Android_ETC1'
[2020.03.01-05.10.49:876][  0]LogTargetPlatformManager: Display: Loaded TargetPlatform 'Android_ETC1a'
[2020.03.01-05.10.49:876][  0]LogTargetPlatformManager: Display: Loaded TargetPlatform 'Android_ETC2'
[2020.03.01-05.10.49:876][  0]LogTargetPlatformManager: Display: Loaded TargetPlatform 'Android_PVRTC'
[2020.03.01-05.10.49:876][  0]LogTargetPlatformManager: Display: Loaded TargetPlatform 'AndroidClient'
[2020.03.01-05.10.49:876][  0]LogTargetPlatformManager: Display: Loaded TargetPlatform 'Android_ASTCClient'
[2020.03.01-05.10.49:876][  0]LogTargetPlatformManager: Display: Loaded TargetPlatform 'Android_ATCClient'
[2020.03.01-05.10.49:876][  0]LogTargetPlatformManager: Display: Loaded TargetPlatform 'Android_DXTClient'
[2020.03.01-05.10.49:876][  0]LogTargetPlatformManager: Display: Loaded TargetPlatform 'Android_ETC1Client'
[2020.03.01-05.10.49:876][  0]LogTargetPlatformManager: Display: Loaded TargetPlatform 'Android_ETC1aClient'
[2020.03.01-05.10.49:876][  0]LogTargetPlatformManager: Display: Loaded TargetPlatform 'Android_ETC2Client'
[2020.03.01-05.10.49:876][  0]LogTargetPlatformManager: Display: Loaded TargetPlatform 'Android_PVRTCClient'
[2020.03.01-05.10.49:876][  0]LogTargetPlatformManager: Display: Loaded TargetPlatform 'Android_Multi'
[2020.03.01-05.10.49:876][  0]LogTargetPlatformManager: Display: Loaded TargetPlatform 'Android_MultiClient'
[2020.03.01-05.10.50:132][  0]LogTargetPlatformManager: Display: Loaded TargetPlatform 'IOSClient'
[2020.03.01-05.10.50:132][  0]LogTargetPlatformManager: Display: Loaded TargetPlatform 'IOS'
[2020.03.01-05.10.50:155][  0]LogTargetPlatformManager: Display: Loaded TargetPlatform 'LinuxNoEditor'
[2020.03.01-05.10.50:192][  0]LogTargetPlatformManager: Display: Loaded TargetPlatform 'LinuxClient'
[2020.03.01-05.10.50:237][  0]LogTargetPlatformManager: Display: Loaded TargetPlatform 'LinuxServer'
[2020.03.01-05.10.50:280][  0]LogTargetPlatformManager: Display: Loaded TargetPlatform 'LinuxAArch64NoEditor'
[2020.03.01-05.10.50:326][  0]LogTargetPlatformManager: Display: Loaded TargetPlatform 'LinuxAArch64Client'
[2020.03.01-05.10.50:370][  0]LogTargetPlatformManager: Display: Loaded TargetPlatform 'LinuxAArch64Server'
[2020.03.01-05.10.50:480][  0]LogTargetPlatformManager: Display: Loaded TargetPlatform 'Lumin'
[2020.03.01-05.10.50:480][  0]LogTargetPlatformManager: Display: Loaded TargetPlatform 'LuminClient'
[2020.03.01-05.10.50:532][  0]LogTargetPlatformManager: Display: Loaded TargetPlatform 'TVOSClient'
[2020.03.01-05.10.50:532][  0]LogTargetPlatformManager: Display: Loaded TargetPlatform 'TVOS'
[2020.03.01-05.10.50:604][  0]LogTargetPlatformManager: Display: Loaded TargetPlatform 'WindowsNoEditor'
[2020.03.01-05.10.50:648][  0]LogTargetPlatformManager: Display: Loaded TargetPlatform 'Windows'
[2020.03.01-05.10.50:694][  0]LogTargetPlatformManager: Display: Loaded TargetPlatform 'WindowsClient'
[2020.03.01-05.10.50:728][  0]LogTargetPlatformManager: Display: Loaded TargetPlatform 'WindowsServer'
[2020.03.01-05.10.50:728][  0]LogTargetPlatformManager: Display: Building Assets For Windows
[2020.03.01-05.10.51:342][  0]LogAudioDebug: Display: Lib vorbis DLL was dynamically loaded.
[2020.03.01-05.10.54:405][  0]LogShaderCompilers: Guid format shader working directory is -16 characters bigger than the processId version (../../../../../GitHub/Le-VR-Project/Intermediate/Shaders/WorkingDirectory/18184/).
[2020.03.01-05.10.54:405][  0]LogShaderCompilers: Cleaned the shader compiler working directory 'D:/Temp/UnrealShaderWorkingDir/0A625AA04F4D757C0EE7B6B8CC7A705E/'.
[2020.03.01-05.10.54:429][  0]LogXGEController: Cannot use XGE Controller as Incredibuild is not installed on this machine.
[2020.03.01-05.10.54:454][  0]LogShaderCompilers: Cannot use XGE Shader Compiler as Incredibuild is not installed on this machine.
[2020.03.01-05.10.54:454][  0]LogShaderCompilers: Display: Using Local Shader Compiler.
[2020.03.01-05.11.12:244][  0]LogDerivedDataCache: Display: Max Cache Size: 512 MB
[2020.03.01-05.11.12:659][  0]LogDerivedDataCache: Loaded boot cache 0.41s 103MB C:/Users/Ralphy/AppData/Local/UnrealEngine/4.24/DerivedDataCache/Boot.ddc.
[2020.03.01-05.11.12:659][  0]LogDerivedDataCache: Display: Loaded Boot cache: C:/Users/Ralphy/AppData/Local/UnrealEngine/4.24/DerivedDataCache/Boot.ddc
[2020.03.01-05.11.12:659][  0]LogDerivedDataCache: FDerivedDataBackendGraph:  Pak pak cache file ../../../../../GitHub/Le-VR-Project/DerivedDataCache/DDC.ddp not found, will not use a pak cache.
[2020.03.01-05.11.12:659][  0]LogDerivedDataCache: Unable to find inner node Pak for hierarchical cache Hierarchy.
[2020.03.01-05.11.12:659][  0]LogDerivedDataCache: FDerivedDataBackendGraph:  CompressedPak pak cache file ../../../../../GitHub/Le-VR-Project/DerivedDataCache/Compressed.ddp not found, will not use a pak cache.
[2020.03.01-05.11.12:659][  0]LogDerivedDataCache: Unable to find inner node CompressedPak for hierarchical cache Hierarchy.
[2020.03.01-05.11.12:916][  0]LogDerivedDataCache: Display: Pak cache opened for reading ../../../Engine/DerivedDataCache/Compressed.ddp.
[2020.03.01-05.11.12:916][  0]LogDerivedDataCache: FDerivedDataBackendGraph:  EnterprisePak pak cache file ../../../Enterprise/DerivedDataCache/Compressed.ddp not found, will not use a pak cache.
[2020.03.01-05.11.12:916][  0]LogDerivedDataCache: Unable to find inner node EnterprisePak for hierarchical cache Hierarchy.
[2020.03.01-05.11.12:917][  0]LogDerivedDataCache: Using Local data cache path C:/Users/Ralphy/AppData/Local/UnrealEngine/Common/DerivedDataCache: Writable
[2020.03.01-05.11.12:917][  0]LogDerivedDataCache: Shared data cache path not found in *engine.ini, will not use an Shared cache.
[2020.03.01-05.11.12:917][  0]LogDerivedDataCache: Unable to find inner node Shared for hierarchical cache Hierarchy.
[2020.03.01-05.11.13:286][  0]LogMaterial: Verifying Global Shaders for PCD3D_SM5
[2020.03.01-05.11.13:871][  0]LogSlate: Using FreeType 2.10.0
[2020.03.01-05.11.14:343][  0]LogSlate: SlateFontServices - WITH_FREETYPE: 1, WITH_HARFBUZZ: 1
[2020.03.01-05.11.24:911][  0]LogAssetRegistry: FAssetRegistry took 0.2717 seconds to start up
[2020.03.01-05.11.38:595][  0]LogInit: Selected Device Profile: [Windows]
[2020.03.01-05.11.48:248][  0]LogMeshReduction: Using QuadricMeshReduction for automatic static mesh reduction
[2020.03.01-05.11.48:248][  0]LogMeshReduction: Using SimplygonMeshReduction for automatic skeletal mesh reduction
[2020.03.01-05.11.48:248][  0]LogMeshReduction: Using ProxyLODMeshReduction for automatic mesh merging
[2020.03.01-05.11.48:248][  0]LogMeshReduction: No distributed automatic mesh merging module available
[2020.03.01-05.11.48:248][  0]LogMeshMerging: No distributed automatic mesh merging module available
[2020.03.01-05.11.50:087][  0]LogNetVersion: AdvancedVRFrameworkV22 1.0.0, NetCL: 10570792, EngineNetVer: 13, GameNetVer: 0 (Checksum: 3434068971)
[2020.03.01-05.12.34:576][  0]LogAssetRegistry: Error: Failed to open file for write ../../../../../GitHub/Le-VR-Project/Intermediate/AssetRegistryCache/866581fd.bin
[2020.03.01-05.12.34:583][  0]LogAssetRegistry: Error: Failed to open file for write ../../../../../GitHub/Le-VR-Project/Intermediate/AssetRegistryCache/6bead350.bin
[2020.03.01-05.12.34:602][  0]LogAssetRegistry: Error: Failed to open file for write ../../../../../GitHub/Le-VR-Project/Intermediate/AssetRegistryCache/50a675f9.bin
[2020.03.01-05.12.34:628][  0]LogAssetRegistry: Error: Failed to open file for write ../../../../../GitHub/Le-VR-Project/Intermediate/AssetRegistryCache/52ed2538.bin
[2020.03.01-05.12.34:637][  0]LogAssetRegistry: Error: Failed to open file for write ../../../../../GitHub/Le-VR-Project/Intermediate/AssetRegistryCache/f0d5030c.bin
[2020.03.01-05.12.34:655][  0]LogAssetRegistry: Error: Failed to open file for write ../../../../../GitHub/Le-VR-Project/Intermediate/AssetRegistryCache/e0851462.bin
[2020.03.01-05.12.34:657][  0]LogPackageLocalizationCache: Processed 11 localized package path(s) for 1 prioritized culture(s) in 0.133522 seconds
[2020.03.01-05.12.35:013][  0]LogUObjectArray: 46750 objects as part of root set at end of initial load.
[2020.03.01-05.12.35:013][  0]LogUObjectAllocator: 8137160 out of 0 bytes used by permanent object pool.
[2020.03.01-05.12.35:013][  0]LogUObjectArray: CloseDisregardForGC: 0/0 objects in disregard for GC pool
[2020.03.01-05.12.40:035][  0]LogTcpMessaging: Initializing TcpMessaging bridge
[2020.03.01-05.12.40:136][  0]LogUdpMessaging: Initializing bridge on interface 0.0.0.0:0 to multicast group 230.0.0.1:6666.
[2020.03.01-05.12.40:911][  0]LogLinker: Warning: Asset '../../Plugins/Runtime/WebBrowserWidget/Content/WebTexture_M.uasset' has been saved with empty engine version. The asset will be loaded but may be incompatible.
[2020.03.01-05.12.40:933][  0]LogLinker: Warning: Asset '../../Plugins/Runtime/WebBrowserWidget/Content/WebTexture_T.uasset' has been saved with empty engine version. The asset will be loaded but may be incompatible.
[2020.03.01-05.12.41:050][  0]LogLinker: Warning: Asset '../../Plugins/Runtime/WebBrowserWidget/Content/WebTexture_TM.uasset' has been saved with empty engine version. The asset will be loaded but may be incompatible.
[2020.03.01-05.12.47:637][  0]SourceControl: Source control is disabled
[2020.03.01-05.12.47:647][  0]SourceControl: Source control is disabled
[2020.03.01-05.12.47:827][  0]SourceControl: Source control is disabled
[2020.03.01-05.12.47:862][  0]SourceControl: Source control is disabled
[2020.03.01-05.12.47:894][  0]SourceControl: Source control is disabled
[2020.03.01-05.12.49:430][  0]LogAndroidPermission: UAndroidPermissionCallbackProxy::GetInstance
[2020.03.01-05.12.49:602][  0]LogAudioCaptureCore: Display: No Audio Capture implementations found. Audio input will be silent.
[2020.03.01-05.12.49:602][  0]LogAudioCaptureCore: Display: No Audio Capture implementations found. Audio input will be silent.
[2020.03.01-05.12.50:293][  0]LogOcInput: OculusInput pre-init called
[2020.03.01-05.12.52:277][  0]LogEngine: Initializing Engine...
[2020.03.01-05.12.52:327][  0]LogHMD: Failed to initialize OpenVR with code 126
[2020.03.01-05.12.52:509][  0]LogStats: UGameplayTagsManager::InitializeManager -  0.158 s
[2020.03.01-05.12.53:744][  0]LogInit: Initializing FReadOnlyCVARCache
[2020.03.01-05.12.54:168][  0]LogAIModule: Creating AISystem for world Untitled
[2020.03.01-05.12.54:334][  0]LogAudioMixer: Display: Audio Mixer Platform Settings:
[2020.03.01-05.12.54:334][  0]LogAudioMixer: Display: 	Sample Rate:						  48000
[2020.03.01-05.12.54:335][  0]LogAudioMixer: Display: 	Callback Buffer Frame Size Requested: 1024
[2020.03.01-05.12.54:335][  0]LogAudioMixer: Display: 	Callback Buffer Frame Size To Use:	  1024
[2020.03.01-05.12.54:335][  0]LogAudioMixer: Display: 	Number of buffers to queue:			  2
[2020.03.01-05.12.54:335][  0]LogAudioMixer: Display: 	Max Channels (voices):				  32
[2020.03.01-05.12.54:335][  0]LogAudioMixer: Display: 	Number of Async Source Workers:		  0
[2020.03.01-05.12.54:335][  0]LogAudio: Display: AudioDevice MaxSources: 32
[2020.03.01-05.12.54:384][  0]LogAudio: Display: Using built-in audio occlusion.
[2020.03.01-05.12.54:384][  0]LogAudioMixer: Display: Initializing audio mixer.
[2020.03.01-05.12.54:468][  0]LogAudioMixer: Display: Audio Device Output Speaker Info:
[2020.03.01-05.12.54:468][  0]LogAudioMixer: Display: Name: Speakers (Realtek High Definition Audio)
[2020.03.01-05.12.54:468][  0]LogAudioMixer: Display: Is Default: Yes
[2020.03.01-05.12.54:468][  0]LogAudioMixer: Display: Sample Rate: 48000
[2020.03.01-05.12.54:468][  0]LogAudioMixer: Display: Channel Count Used: 2
[2020.03.01-05.12.54:468][  0]LogAudioMixer: Display: Device Channel Count: 2
[2020.03.01-05.12.54:468][  0]LogAudioMixer: Display: Channel Order:
[2020.03.01-05.12.54:468][  0]LogAudioMixer: Display: 0: FrontLeft
[2020.03.01-05.12.54:468][  0]LogAudioMixer: Display: 1: FrontRight
[2020.03.01-05.12.54:509][  0]LogAudioMixer: Display: Using Audio Device Speakers (Realtek High Definition Audio)
[2020.03.01-05.12.54:559][  0]LogInit: FAudioDevice initialized.
[2020.03.01-05.12.54:559][  0]LogNetVersion: Set ProjectVersion to 2.0. Version Checksum will be recalculated on next use.
[2020.03.01-05.12.54:569][  0]LogDerivedDataCache: Error: Could not save memory cache C:/Users/Ralphy/AppData/Local/UnrealEngine/4.24/DerivedDataCache/Boot.ddc.
[2020.03.01-05.12.54:571][  0]LogInit: Texture streaming: Disabled
[2020.03.01-05.12.54:772][  0]LogEngineSessionManager: EngineSessionManager initialized
[2020.03.01-05.12.54:772][  0]LogEditorSessionSummary: Verbose: Initializing EditorSessionSummaryWriter for editor session tracking
[2020.03.01-05.12.54:772][  0]LogOutputDevice: Warning: 

Script Stack (0 frames):

[2020.03.01-05.12.55:470][  0]LogStats: FPlatformStackWalk::StackWalkAndDump -  0.697 s
[2020.03.01-05.12.55:470][  0]LogOutputDevice: Error: === Handled ensure: ===
[2020.03.01-05.12.55:470][  0]LogOutputDevice: Error: 
[2020.03.01-05.12.55:470][  0]LogOutputDevice: Error: Ensure condition failed: IsLocked() [File:D:/Build/++UE4/Sync/Engine/Source/Developer/EditorAnalyticsSession/Private/EditorAnalyticsSession.cpp] [Line: 279]
[2020.03.01-05.12.55:470][  0]LogOutputDevice: Error: 
[2020.03.01-05.12.55:470][  0]LogOutputDevice: Error: Stack: 
[2020.03.01-05.12.55:470][  0]LogOutputDevice: Error: [Callstack] 0x00007ffb9f61e629 UE4Editor-EditorAnalyticsSession.dll!UnknownFunction []
[2020.03.01-05.12.55:470][  0]LogOutputDevice: Error: [Callstack] 0x00007ffb9f619835 UE4Editor-EditorAnalyticsSession.dll!UnknownFunction []
[2020.03.01-05.12.55:470][  0]LogOutputDevice: Error: [Callstack] 0x00007ffb479a8407 UE4Editor-Engine.dll!UnknownFunction []
[2020.03.01-05.12.55:470][  0]LogOutputDevice: Error: [Callstack] 0x00007ffb484d0f9b UE4Editor-Engine.dll!UnknownFunction []
[2020.03.01-05.12.55:470][  0]LogOutputDevice: Error: [Callstack] 0x00007ffb45499ccd UE4Editor-UnrealEd.dll!UnknownFunction []
[2020.03.01-05.12.55:470][  0]LogOutputDevice: Error: [Callstack] 0x00007ffb454991f3 UE4Editor-UnrealEd.dll!UnknownFunction []
[2020.03.01-05.12.55:470][  0]LogOutputDevice: Error: [Callstack] 0x00007ffb45cdf210 UE4Editor-UnrealEd.dll!UnknownFunction []
[2020.03.01-05.12.55:470][  0]LogOutputDevice: Error: [Callstack] 0x00007ff7c4bd2c2d UE4Editor.exe!UnknownFunction []
[2020.03.01-05.12.55:470][  0]LogOutputDevice: Error: [Callstack] 0x00007ffb45caca07 UE4Editor-UnrealEd.dll!UnknownFunction []
[2020.03.01-05.12.55:470][  0]LogOutputDevice: Error: [Callstack] 0x00007ff7c4bec260 UE4Editor.exe!UnknownFunction []
[2020.03.01-05.12.55:470][  0]LogOutputDevice: Error: [Callstack] 0x00007ff7c4bec4ca UE4Editor.exe!UnknownFunction []
[2020.03.01-05.12.55:470][  0]LogOutputDevice: Error: [Callstack] 0x00007ff7c4bfceae UE4Editor.exe!UnknownFunction []
[2020.03.01-05.12.55:470][  0]LogOutputDevice: Error: [Callstack] 0x00007ff7c4bffcbe UE4Editor.exe!UnknownFunction []
[2020.03.01-05.12.55:470][  0]LogOutputDevice: Error: [Callstack] 0x00007ffbb3407bd4 KERNEL32.DLL!UnknownFunction []
[2020.03.01-05.12.55:470][  0]LogOutputDevice: Error: [Callstack] 0x00007ffbb50eced1 ntdll.dll!UnknownFunction []
[2020.03.01-05.12.55:470][  0]LogOutputDevice: Error: 
[2020.03.01-05.12.55:665][  0]LogStats:                SubmitErrorReport -  0.000 s
[2020.03.01-05.12.57:383][  0]LogStats:                    SendNewReport -  1.718 s
[2020.03.01-05.12.57:383][  0]LogStats:             FDebug::EnsureFailed -  2.610 s
[2020.03.01-05.12.57:428][  0]LogInit: Transaction tracking system initialized
[2020.03.01-05.12.57:437][  0]BlueprintLog: New page: Editor Load
[2020.03.01-05.12.58:129][  0]LocalizationService: Localization service is disabled
[2020.03.01-05.13.08:179][  0]LogFileCache: Scanning file cache for directory 'D:/GitHub/Le-VR-Project/Content/' took 0.04s
[2020.03.01-05.13.08:179][  0]LogCook: Display: Max memory allowance for cook 16384mb min free memory 0mb
[2020.03.01-05.13.08:179][  0]LogCook: Display: Mobile HDR setting 1
[2020.03.01-05.13.21:758][  0]SourceControl: Source control is disabled
[2020.03.01-05.13.21:806][  0]Cmd: MAP LOAD FILE="../../../../../GitHub/Le-VR-Project/Content/AVRFramework/Experiences/Demospace/Maps/Streaming/Map_Demo_Menu.umap" TEMPLATE=0 SHOWPROGRESS=1 FEATURELEVEL=3
[2020.03.01-05.13.21:967][  0]LightingResults: New page: Lighting Build
[2020.03.01-05.13.22:064][  0]LogWorld: UWorld::CleanupWorld for Untitled, bSessionEnded=true, bCleanupResources=true
[2020.03.01-05.13.22:084][  0]LogSlate: InvalidateAllWidgets triggered.  All widgets were invalidated
[2020.03.01-05.13.22:087][  0]MapCheck: New page: Map Check
[2020.03.01-05.13.22:088][  0]LightingResults: New page: Lighting Build
[2020.03.01-05.13.22:381][  0]LogUObjectHash: Compacting FUObjectHashTables data took   1.76ms
[2020.03.01-05.13.36:207][  0]LogBlueprint: Warning: [Compiler BP_Pawn_VR] GetInputAxisKey Value specifies FKey'MotionController_Left_Thumbstick_X' which has been deprecated for  Get MotionController (L) Thumbstick X
[2020.03.01-05.13.36:207][  0]LogBlueprint: Warning: [Compiler BP_Pawn_VR] GetInputAxisKey Value specifies FKey'MotionController_Right_Thumbstick_X' which has been deprecated for  Get MotionController (R) Thumbstick X
[2020.03.01-05.13.36:207][  0]LogBlueprint: Warning: [Compiler BP_Pawn_VR] GetInputAxisKey Value specifies FKey'MotionController_Left_Thumbstick_Y' which has been deprecated for  Get MotionController (L) Thumbstick Y
[2020.03.01-05.13.36:207][  0]LogBlueprint: Warning: [Compiler BP_Pawn_VR] GetInputAxisKey Value specifies FKey'MotionController_Right_Thumbstick_Y' which has been deprecated for  Get MotionController (R) Thumbstick Y
[2020.03.01-05.13.36:208][  0]LogBlueprint: Warning: [Compiler BP_Pawn_VR] InputAxisKey Event specifies FKey'MotionController_Right_TriggerAxis' which has been deprecated for  MotionController (R) TriggerAxis
[2020.03.01-05.13.36:208][  0]LogBlueprint: Warning: [Compiler BP_Pawn_VR] InputAxisKey Event specifies FKey'MotionController_Left_TriggerAxis' which has been deprecated for  MotionController (L) TriggerAxis
[2020.03.01-05.13.36:209][  0]LogBlueprint: Warning: [Compiler BP_Pawn_VR] InputKey Event specifies FKey'MotionController_Right_Thumbstick' which has been deprecated for  MotionController (R) Thumbstick
[2020.03.01-05.13.36:210][  0]LogBlueprint: Warning: [Compiler BP_Pawn_VR] InputAxisKey Event specifies FKey'MotionController_Right_Grip1Axis' which has been deprecated for  MotionController (R) Grip1 Axis
[2020.03.01-05.13.36:210][  0]LogBlueprint: Warning: [Compiler BP_Pawn_VR] InputAxisKey Event specifies FKey'OculusTouch_Right_ThumbUp' that is not blueprint bindable for  Oculus Touch (R) Thumb Up CapTouch
[2020.03.01-05.13.36:210][  0]LogBlueprint: Warning: [Compiler BP_Pawn_VR] InputAxisKey Event specifies FKey'OculusTouch_Right_IndexPointing' that is not blueprint bindable for  Oculus Touch (R) Pointing CapTouch
[2020.03.01-05.13.36:210][  0]LogBlueprint: Warning: [Compiler BP_Pawn_VR] InputAxisKey Event specifies FKey'MotionController_Left_Grip1Axis' which has been deprecated for  MotionController (L) Grip1 Axis
[2020.03.01-05.13.36:210][  0]LogBlueprint: Warning: [Compiler BP_Pawn_VR] InputAxisKey Event specifies FKey'OculusTouch_Left_ThumbUp' that is not blueprint bindable for  Oculus Touch (L) Thumb Up CapTouch
[2020.03.01-05.13.36:210][  0]LogBlueprint: Warning: [Compiler BP_Pawn_VR] InputAxisKey Event specifies FKey'OculusTouch_Left_IndexPointing' that is not blueprint bindable for  Oculus Touch (L) Pointing CapTouch
[2020.03.01-05.13.36:210][  0]LogBlueprint: Warning: [Compiler BP_Pawn_VR] InputKey Event specifies FKey'MotionController_Right_FaceButton4' which has been deprecated for  MotionController (R) FaceButton4
[2020.03.01-05.13.36:210][  0]LogBlueprint: Warning: [Compiler BP_Pawn_VR] InputKey Event specifies FKey'MotionController_Left_FaceButton4' which has been deprecated for  MotionController (L) FaceButton4
[2020.03.01-05.13.36:210][  0]LogBlueprint: Warning: [Compiler BP_Pawn_VR] InputKey Event specifies FKey'MotionController_Right_FaceButton2' which has been deprecated for  MotionController (R) FaceButton2
[2020.03.01-05.13.36:210][  0]LogBlueprint: Warning: [Compiler BP_Pawn_VR] InputKey Event specifies FKey'MotionController_Left_FaceButton2' which has been deprecated for  MotionController (L) FaceButton2
[2020.03.01-05.13.36:210][  0]LogBlueprint: Warning: [Compiler BP_Pawn_VR] InputKey Event specifies FKey'MotionController_Left_FaceButton1' which has been deprecated for  MotionController (L) FaceButton1
[2020.03.01-05.13.36:210][  0]LogBlueprint: Warning: [Compiler BP_Pawn_VR] InputKey Event specifies FKey'MotionController_Right_FaceButton3' which has been deprecated for  MotionController (R) FaceButton3
[2020.03.01-05.13.36:210][  0]LogBlueprint: Warning: [Compiler BP_Pawn_VR] InputKey Event specifies FKey'MotionController_Left_FaceButton3' which has been deprecated for  MotionController (L) FaceButton3
[2020.03.01-05.13.36:211][  0]LogBlueprint: Warning: [Compiler BP_Pawn_VR] InputKey Event specifies FKey'MotionController_Right_FaceButton1' which has been deprecated for  MotionController (R) FaceButton1
[2020.03.01-05.13.36:211][  0]LogBlueprint: Warning: [Compiler BP_Pawn_VR] InputKey Event specifies FKey'MotionController_Left_Trigger' which has been deprecated for  MotionController (L) Trigger
[2020.03.01-05.13.36:211][  0]LogBlueprint: Warning: [Compiler BP_Pawn_VR] InputKey Event specifies FKey'MotionController_Right_Trigger' which has been deprecated for  MotionController (R) Trigger
[2020.03.01-05.13.36:211][  0]LogBlueprint: Warning: [Compiler BP_Pawn_VR] InputKey Event specifies FKey'MotionController_Right_Grip1' which has been deprecated for  MotionController (R) Grip1
[2020.03.01-05.13.36:211][  0]LogBlueprint: Warning: [Compiler BP_Pawn_VR] InputKey Event specifies FKey'MotionController_Left_Grip1' which has been deprecated for  MotionController (L) Grip1
[2020.03.01-05.13.36:211][  0]LogBlueprint: Warning: [Compiler BP_Pawn_VR] InputKey Event specifies FKey'MotionController_Right_Shoulder' which has been deprecated for  MotionController (R) Shoulder
[2020.03.01-05.13.36:211][  0]LogBlueprint: Warning: [Compiler BP_Pawn_VR] InputKey Event specifies FKey'MotionController_Left_Shoulder' which has been deprecated for  MotionController (L) Shoulder
[2020.03.01-05.13.36:211][  0]LogBlueprint: Warning: [Compiler BP_Pawn_VR] InputKey Event specifies FKey'MotionController_Left_Thumbstick' which has been deprecated for  MotionController (L) Thumbstick
[2020.03.01-05.13.36:211][  0]LogBlueprint: Warning: [Compiler BP_Pawn_VR] GetInputAxisKey Value specifies FKey'MotionController_Right_Thumbstick_X' which has been deprecated for  Get MotionController (R) Thumbstick X
[2020.03.01-05.13.36:211][  0]LogBlueprint: Warning: [Compiler BP_Pawn_VR] GetInputAxisKey Value specifies FKey'MotionController_Right_Thumbstick_Y' which has been deprecated for  Get MotionController (R) Thumbstick Y
[2020.03.01-05.13.36:211][  0]LogBlueprint: Warning: [Compiler BP_Pawn_VR] GetInputAxisKey Value specifies FKey'MotionController_Left_Thumbstick_X' which has been deprecated for  Get MotionController (L) Thumbstick X
[2020.03.01-05.13.36:211][  0]LogBlueprint: Warning: [Compiler BP_Pawn_VR] GetInputAxisKey Value specifies FKey'MotionController_Left_Thumbstick_Y' which has been deprecated for  Get MotionController (L) Thumbstick Y
[2020.03.01-05.14.02:233][  0]LogAIModule: Creating AISystem for world Map_Demo_Menu
[2020.03.01-05.14.02:803][  0]LogEditorServer: Finished looking for orphan Actors (0.000 secs)
[2020.03.01-05.14.03:171][  0]LogUObjectHash: Compacting FUObjectHashTables data took  11.36ms
[2020.03.01-05.14.03:176][  0]Cmd: MAP CHECKDEP NOCLEARLOG
[2020.03.01-05.14.03:176][  0]MapCheck: Map check complete: 0 Error(s), 0 Warning(s), took 0.083ms to complete.
[2020.03.01-05.14.03:176][  0]LogFileHelpers: Loading map 'Map_Demo_Menu' took 41.386
[2020.03.01-05.14.05:219][  0]LogSlate: Updating window title bar state: overlay mode, drag disabled, window buttons hidden, title bar hidden
[2020.03.01-05.14.05:236][  0]LogSlate: Updating window title bar state: overlay mode, drag disabled, window buttons hidden, title bar hidden
[2020.03.01-05.14.05:243][  0]LogSlate: Updating window title bar state: overlay mode, drag disabled, window buttons hidden, title bar hidden
[2020.03.01-05.14.05:250][  0]LogSlate: Updating window title bar state: overlay mode, drag disabled, window buttons hidden, title bar hidden
[2020.03.01-05.14.05:462][  0]LogCollectionManager: Loaded 0 collections in 0.002155 seconds
[2020.03.01-05.14.05:636][  0]LogFileCache: Scanning file cache for directory 'D:/GitHub/Le-VR-Project/Saved/Collections/' took 0.00s
[2020.03.01-05.14.05:636][  0]LogFileCache: Scanning file cache for directory 'D:/GitHub/Le-VR-Project/Content/Developers/Ralphy/Collections/' took 0.00s
[2020.03.01-05.14.05:636][  0]LogFileCache: Scanning file cache for directory 'D:/GitHub/Le-VR-Project/Content/Collections/' took 0.00s
[2020.03.01-05.14.05:636][  0]LogContentBrowser: Native class hierarchy populated in 0.0087 seconds. Added 3031 classes and 733 folders.
[2020.03.01-05.14.05:708][  0]LogContentBrowser: Native class hierarchy updated for 'WidgetCarousel' in 0.0003 seconds. Added 0 classes and 0 folders.
[2020.03.01-05.14.07:336][  0]LogContentBrowser: Native class hierarchy updated for 'AddContentDialog' in 0.0003 seconds. Added 0 classes and 0 folders.
[2020.03.01-05.14.08:421][  0]LogSlate: Took 0.024210 seconds to synchronously load lazily loaded font '../../../Engine/Content/Slate/Fonts/Roboto-Regular.ttf' (155K)
[2020.03.01-05.14.08:463][  0]LogSlate: Took 0.030418 seconds to synchronously load lazily loaded font '../../../Engine/Content/Slate/Fonts/Roboto-Bold.ttf' (160K)
[2020.03.01-05.14.08:507][  0]LogSlate: Took 0.020797 seconds to synchronously load lazily loaded font '../../../Engine/Content/Editor/Slate/Fonts/FontAwesome.ttf' (139K)
[2020.03.01-05.14.09:099][  0]LogRenderer: Reallocating scene render targets to support 1020x576 Format 10 NumSamples 1 (Frame:1).
[2020.03.01-05.14.09:841][  0]LogContentBrowser: Native class hierarchy updated for 'HierarchicalLODOutliner' in 0.0004 seconds. Added 0 classes and 0 folders.
[2020.03.01-05.14.09:841][  0]LogLoad: (Engine Initialization) Total time: 245.64 seconds
[2020.03.01-05.14.09:841][  0]LogLoad: (Engine Initialization) Total Blueprint compile time: 0.00 seconds
[2020.03.01-05.14.10:054][  0]LogTemp: Resetting audio stream to device id 
