Log file open, 02/29/20 21:10:34
LogWindows: Failed to load 'aqProf.dll' (GetLastError=126)
LogWindows: File 'aqProf.dll' does not exist
LogWindows: Failed to load 'VtuneApi.dll' (GetLastError=126)
LogWindows: File 'VtuneApi.dll' does not exist
LogWindows: Failed to load 'VtuneApi32e.dll' (GetLastError=126)
LogWindows: File 'VtuneApi32e.dll' does not exist
LogConsoleResponse: Display: Failed to find resolution value strings in scalability ini. Falling back to default.
LogInit: Display: Running engine for game: AdvancedVRFrameworkV22
LogPlatformFile: Not using cached read wrapper
LogTaskGraph: Started task graph with 5 named threads and 14 total threads with 3 sets of task threads.
LogStats: Stats thread started at 42.234757
LogD3D11RHI: Loaded GFSDK_Aftermath_Lib.x64.dll
LogICUInternationalization: ICU TimeZone Detection - Raw Offset: -8:00, Platform Override: ''
LogPluginManager: Mounting plugin Paper2D
LogPluginManager: Mounting plugin AISupport
LogPluginManager: Mounting plugin LightPropagationVolume
LogPluginManager: Mounting plugin ActorLayerUtilities
LogPluginManager: Mounting plugin AnimationSharing
LogPluginManager: Mounting plugin CLionSourceCodeAccess
LogPluginManager: Mounting plugin CodeLiteSourceCodeAccess
LogPluginManager: Mounting plugin GitSourceControl
LogPluginManager: Mounting plugin KDevelopSourceCodeAccess
LogPluginManager: Mounting plugin NullSourceCodeAccess
LogPluginManager: Mounting plugin PerforceSourceControl
LogPluginManager: Mounting plugin PlasticSourceControl
LogPluginManager: Mounting plugin SubversionSourceControl
LogPluginManager: Mounting plugin UObjectPlugin
LogPluginManager: Mounting plugin VisualStudioCodeSourceCodeAccess
LogPluginManager: Mounting plugin VisualStudioSourceCodeAccess
LogPluginManager: Mounting plugin XCodeSourceCodeAccess
LogPluginManager: Mounting plugin AssetManagerEditor
LogPluginManager: Mounting plugin CryptoKeys
LogPluginManager: Mounting plugin CurveEditorTools
LogPluginManager: Mounting plugin DataValidation
LogPluginManager: Mounting plugin FacialAnimation
LogPluginManager: Mounting plugin GameplayTagsEditor
LogPluginManager: Mounting plugin MacGraphicsSwitching
LogPluginManager: Mounting plugin MaterialAnalyzer
LogPluginManager: Mounting plugin MobileLauncherProfileWizard
LogPluginManager: Mounting plugin PluginBrowser
LogPluginManager: Mounting plugin SpeedTreeImporter
LogPluginManager: Mounting plugin DatasmithContent
LogPluginManager: Mounting plugin VariantManagerContent
LogPluginManager: Mounting plugin AlembicImporter
LogPluginManager: Mounting plugin AutomationUtils
LogPluginManager: Mounting plugin BackChannel
LogPluginManager: Mounting plugin CharacterAI
LogPluginManager: Mounting plugin GeometryCache
LogPluginManager: Mounting plugin PlatformCrypto
LogPluginManager: Mounting plugin ProxyLODPlugin
LogPluginManager: Mounting plugin SkeletalReduction
LogPluginManager: Mounting plugin MagicLeap
LogPluginManager: Mounting plugin MagicLeapMedia
LogPluginManager: Mounting plugin MLSDK
LogPluginManager: Mounting plugin AndroidMedia
LogPluginManager: Mounting plugin AvfMedia
LogPluginManager: Mounting plugin ImgMedia
LogPluginManager: Mounting plugin MediaCompositing
LogPluginManager: Mounting plugin MediaPlayerEditor
LogPluginManager: Mounting plugin WebMMedia
LogPluginManager: Mounting plugin WmfMedia
LogPluginManager: Mounting plugin TcpMessaging
LogPluginManager: Mounting plugin UdpMessaging
LogPluginManager: Mounting plugin ActorSequence
LogPluginManager: Mounting plugin LevelSequenceEditor
LogPluginManager: Mounting plugin MatineeToLevelSequence
LogPluginManager: Mounting plugin NetcodeUnitTest
LogPluginManager: Mounting plugin NUTUnrealEngine4
LogPluginManager: Mounting plugin OnlineSubsystemGooglePlay
LogPluginManager: Mounting plugin OnlineSubsystemIOS
LogPluginManager: Mounting plugin OnlineSubsystem
LogPluginManager: Mounting plugin OnlineSubsystemNull
LogPluginManager: Mounting plugin OnlineSubsystemUtils
LogPluginManager: Mounting plugin LauncherChunkInstaller
LogPluginManager: Mounting plugin AndroidDeviceProfileSelector
LogPluginManager: Mounting plugin AndroidMoviePlayer
LogPluginManager: Mounting plugin AndroidPermission
LogPluginManager: Mounting plugin ApexDestruction
LogPluginManager: Mounting plugin AppleImageUtils
LogPluginManager: Mounting plugin AppleMoviePlayer
LogPluginManager: Mounting plugin ArchVisCharacter
LogPluginManager: Mounting plugin AssetTags
LogPluginManager: Mounting plugin AudioCapture
LogPluginManager: Mounting plugin CableComponent
LogPluginManager: Mounting plugin CustomMeshComponent
LogPluginManager: Mounting plugin EditableMesh
LogPluginManager: Mounting plugin ExampleDeviceProfileSelector
LogPluginManager: Mounting plugin GoogleCloudMessaging
LogPluginManager: Mounting plugin IOSDeviceProfileSelector
LogPluginManager: Mounting plugin LinuxDeviceProfileSelector
LogPluginManager: Mounting plugin LocationServicesBPLibrary
LogPluginManager: Mounting plugin MobilePatchingUtils
LogPluginManager: Mounting plugin OculusVR
LogPluginManager: Mounting plugin PhysXVehicles
LogPluginManager: Mounting plugin PostSplashScreen
LogPluginManager: Mounting plugin ProceduralMeshComponent
LogPluginManager: Mounting plugin RuntimePhysXCooking
LogPluginManager: Mounting plugin SignificanceManager
LogPluginManager: Mounting plugin SteamVR
LogPluginManager: Mounting plugin WebBrowserWidget
LogPluginManager: Mounting plugin WebMMoviePlayer
LogPluginManager: Mounting plugin WindowsMoviePlayer
LogPluginManager: Mounting plugin ScreenshotTools
LogInit: Using libcurl 7.55.1-DEV
LogInit:  - built for x86_64-pc-win32
LogInit:  - supports SSL with OpenSSL/1.1.1
LogInit:  - supports HTTP deflate (compression) using libz 1.2.8
LogInit:  - other features:
LogInit:      CURL_VERSION_SSL
LogInit:      CURL_VERSION_LIBZ
LogInit:      CURL_VERSION_IPV6
LogInit:      CURL_VERSION_ASYNCHDNS
LogInit:      CURL_VERSION_LARGEFILE
LogInit:      CURL_VERSION_IDN
LogInit:  CurlRequestOptions (configurable via config and command line):
LogInit:  - bVerifyPeer = true  - Libcurl will verify peer certificate
LogInit:  - bUseHttpProxy = false  - Libcurl will NOT use HTTP proxy
LogInit:  - bDontReuseConnections = false  - Libcurl will reuse connections
LogInit:  - MaxHostConnections = 16  - Libcurl will limit the number of connections to a host
LogInit:  - LocalHostAddr = Default
LogInit:  - BufferSize = 65536
LogOnline: OSS: Creating online subsystem instance for: NULL
LogInit: WinSock: version 1.1 (2.2), MaxSocks=32767, MaxUdp=65467
LogOnline: OSS: TryLoadSubsystemAndSetDefault: Loaded subsystem for module [NULL]
LogHMD: Failed initializing OVRPlugin 1.40.0
LogInit: Build: ++UE4+Release-4.24-CL-11590370
LogInit: Engine Version: 4.24.3-11590370+++UE4+Release-4.24
LogInit: Compatible Engine Version: 4.24.0-10570792+++UE4+Release-4.24
LogInit: Net CL: 10570792
LogInit: OS: Windows 10 (Release 1903) (), CPU: Intel(R) Core(TM) i5-4690K CPU @ 3.50GHz, GPU: NVIDIA GeForce GTX 1660 Ti
LogInit: Compiled (64-bit): Feb 24 2020 15:39:18
LogInit: Compiled with Visual C++: 19.16.27032.01
LogInit: Build Configuration: Development
LogInit: Branch Name: ++UE4+Release-4.24
LogInit: Command Line: 
LogInit: Base Directory: D:/Epic Games/UE_4.24/Engine/Binaries/Win64/
LogInit: Installed Engine Build: 1
LogDevObjectVersion: Number of dev versions registered: 25
LogDevObjectVersion:   Dev-Blueprints (B0D832E4-1F89-4F0D-ACCF-7EB736FD4AA2): 10
LogDevObjectVersion:   Dev-Build (E1C64328-A22C-4D53-A36C-8E866417BD8C): 0
LogDevObjectVersion:   Dev-Core (375EC13C-06E4-48FB-B500-84F0262A717E): 3
LogDevObjectVersion:   Dev-Editor (E4B068ED-F494-42E9-A231-DA0B2E46BB41): 37
LogDevObjectVersion:   Dev-Framework (CFFC743F-43B0-4480-9391-14DF171D2073): 36
LogDevObjectVersion:   Dev-Mobile (B02B49B5-BB20-44E9-A304-32B752E40360): 2
LogDevObjectVersion:   Dev-Networking (A4E4105C-59A1-49B5-A7C5-40C4547EDFEE): 0
LogDevObjectVersion:   Dev-Online (39C831C9-5AE6-47DC-9A44-9C173E1C8E7C): 0
LogDevObjectVersion:   Dev-Physics (78F01B33-EBEA-4F98-B9B4-84EACCB95AA2): 2
LogDevObjectVersion:   Dev-Platform (6631380F-2D4D-43E0-8009-CF276956A95A): 0
LogDevObjectVersion:   Dev-Rendering (12F88B9F-8875-4AFC-A67C-D90C383ABD29): 36
LogDevObjectVersion:   Dev-Sequencer (7B5AE74C-D270-4C10-A958-57980B212A5A): 11
LogDevObjectVersion:   Dev-VR (D7296918-1DD6-4BDD-9DE2-64A83CC13884): 2
LogDevObjectVersion:   Dev-LoadTimes (C2A15278-BFE7-4AFE-6C17-90FF531DF755): 1
LogDevObjectVersion:   Private-Geometry (6EACA3D4-40EC-4CC1-B786-8BED09428FC5): 3
LogDevObjectVersion:   Dev-AnimPhys (29E575DD-E0A3-4627-9D10-D276232CDCEA): 17
LogDevObjectVersion:   Dev-Anim (AF43A65D-7FD3-4947-9873-3E8ED9C1BB05): 2
LogDevObjectVersion:   Dev-ReflectionCapture (6B266CEC-1EC7-4B8F-A30B-E4D90942FC07): 1
LogDevObjectVersion:   Dev-Automation (0DF73D61-A23F-47EA-B727-89E90C41499A): 1
LogDevObjectVersion:   FortniteMain (601D1886-AC64-4F84-AA16-D3DE0DEAC7D6): 31
LogDevObjectVersion:   Dev-Enterprise (9DFFBCD6-494F-0158-E221-12823C92A888): 8
LogDevObjectVersion:   Dev-Niagara (F2AED0AC-9AFE-416F-8664-AA7FFA26D6FC): 1
LogDevObjectVersion:   Dev-Destruction (174F1F0B-B4C6-45A5-B13F-2EE8D0FB917D): 9
LogDevObjectVersion:   Dev-Physics-Ext (35F94A83-E258-406C-A318-09F59610247C): 8
LogDevObjectVersion:   Dev-CineCamera (B2E18506-4273-CFC2-A54E-F4BB758BBA07): 1
LogInit: Presizing for max 25165824 objects, including 0 objects not considered by GC, pre-allocating 0 bytes for permanent pool.
LogInit: Object subsystem initialized
LogConfig: Setting CVar [[con.DebugEarlyDefault:1]]
LogConfig: Setting CVar [[r.setres:1280x720]]
[2020.03.01-05.10.38:919][  0]LogConfig: Setting CVar [[r.VSync:0]]
[2020.03.01-05.10.38:919][  0]LogConfig: Setting CVar [[r.RHICmdBypass:0]]
[2020.03.01-05.10.38:924][  0]LogConfig: Applying CVar settings from Section [/Script/Engine.RendererSettings] File [D:/GitHub/Le-VR-Project/Saved/Config/Windows/Engine.ini]
[2020.03.01-05.10.38:924][  0]LogConfig: Setting CVar [[r.GPUCrashDebugging:0]]
[2020.03.01-05.10.38:924][  0]LogConfig: Setting CVar [[r.CustomDepth:3]]
[2020.03.01-05.10.38:924][  0]LogConfig: Setting CVar [[r.DefaultFeature.Bloom:1]]
[2020.03.01-05.10.38:924][  0]LogConfig: Setting CVar [[r.DefaultFeature.AutoExposure:0]]
[2020.03.01-05.10.38:924][  0]LogConfig: Setting CVar [[vr.InstancedStereo:1]]
[2020.03.01-05.10.38:924][  0]LogConfig: Setting CVar [[r.ForwardShading:0]]
[2020.03.01-05.10.38:924][  0]LogConfig: Setting CVar [[r.DefaultFeature.MotionBlur:0]]
[2020.03.01-05.10.38:924][  0]LogConfig: Setting CVar [[r.CustomDepthTemporalAAJitter:1]]
[2020.03.01-05.10.38:924][  0]LogConfig: Setting CVar [[r.MobileMSAA:1]]
[2020.03.01-05.10.38:924][  0]LogConfig: Setting CVar [[r.TextureStreaming:0]]
[2020.03.01-05.10.38:924][  0]LogConfig: Setting CVar [[r.DefaultFeature.AmbientOcclusion:1]]
[2020.03.01-05.10.38:924][  0]LogConfig: Setting CVar [[r.DefaultFeature.AmbientOcclusionStaticFraction:1]]
[2020.03.01-05.10.38:924][  0]LogConfig: Setting CVar [[r.ReflectionCaptureResolution:256]]
[2020.03.01-05.10.38:924][  0]LogConfig: Setting CVar [[r.DefaultFeature.AutoExposure.Method:0]]
[2020.03.01-05.10.38:924][  0]LogConfig: Setting CVar [[r.AllowGlobalClipPlane:0]]
[2020.03.01-05.10.38:924][  0]LogConfig: Setting CVar [[r.NormalMapsForStaticLighting:1]]
[2020.03.01-05.10.38:924][  0]LogConfig: Setting CVar [[r.DefaultFeature.AntiAliasing:2]]
[2020.03.01-05.10.38:924][  0]LogConfig: Applying CVar settings from Section [/Script/Engine.RendererOverrideSettings] File [D:/GitHub/Le-VR-Project/Saved/Config/Windows/Engine.ini]
[2020.03.01-05.10.38:924][  0]LogConfig: Applying CVar settings from Section [/Script/Engine.StreamingSettings] File [D:/GitHub/Le-VR-Project/Saved/Config/Windows/Engine.ini]
[2020.03.01-05.10.38:924][  0]LogConfig: Setting CVar [[s.MinBulkDataSizeForAsyncLoading:131072]]
[2020.03.01-05.10.38:924][  0]LogConfig: Setting CVar [[s.AsyncLoadingThreadEnabled:0]]
[2020.03.01-05.10.38:924][  0]LogConfig: Setting CVar [[s.EventDrivenLoaderEnabled:1]]
[2020.03.01-05.10.38:924][  0]LogConfig: Setting CVar [[s.WarnIfTimeLimitExceeded:0]]
[2020.03.01-05.10.38:924][  0]LogConfig: Setting CVar [[s.TimeLimitExceededMultiplier:1.5]]
[2020.03.01-05.10.38:924][  0]LogConfig: Setting CVar [[s.TimeLimitExceededMinTime:0.005]]
[2020.03.01-05.10.38:924][  0]LogConfig: Setting CVar [[s.UseBackgroundLevelStreaming:1]]
[2020.03.01-05.10.38:924][  0]LogConfig: Setting CVar [[s.PriorityAsyncLoadingExtraTime:15.0]]
[2020.03.01-05.10.38:924][  0]LogConfig: Setting CVar [[s.LevelStreamingActorsUpdateTimeLimit:5.0]]
[2020.03.01-05.10.38:924][  0]LogConfig: Setting CVar [[s.PriorityLevelStreamingActorsUpdateExtraTime:5.0]]
[2020.03.01-05.10.38:924][  0]LogConfig: Setting CVar [[s.LevelStreamingComponentsRegistrationGranularity:10]]
[2020.03.01-05.10.38:924][  0]LogConfig: Setting CVar [[s.UnregisterComponentsTimeLimit:1.0]]
[2020.03.01-05.10.38:925][  0]LogConfig: Setting CVar [[s.LevelStreamingComponentsUnregistrationGranularity:5]]
[2020.03.01-05.10.38:925][  0]LogConfig: Setting CVar [[s.FlushStreamingOnExit:1]]
[2020.03.01-05.10.38:925][  0]LogConfig: Applying CVar settings from Section [/Script/Engine.GarbageCollectionSettings] File [D:/GitHub/Le-VR-Project/Saved/Config/Windows/Engine.ini]
[2020.03.01-05.10.38:925][  0]LogConfig: Setting CVar [[gc.MaxObjectsNotConsideredByGC:1]]
[2020.03.01-05.10.38:925][  0]LogConfig: Setting CVar [[gc.SizeOfPermanentObjectPool:0]]
[2020.03.01-05.10.38:925][  0]LogConfig: Setting CVar [[gc.FlushStreamingOnGC:0]]
[2020.03.01-05.10.38:925][  0]LogConfig: Setting CVar [[gc.NumRetriesBeforeForcingGC:10]]
[2020.03.01-05.10.38:925][  0]LogConfig: Setting CVar [[gc.AllowParallelGC:1]]
[2020.03.01-05.10.38:925][  0]LogConfig: Setting CVar [[gc.TimeBetweenPurgingPendingKillObjects:61.1]]
[2020.03.01-05.10.38:925][  0]LogConfig: Setting CVar [[gc.MaxObjectsInEditor:25165824]]
[2020.03.01-05.10.38:925][  0]LogConfig: Setting CVar [[gc.IncrementalBeginDestroyEnabled:1]]
[2020.03.01-05.10.38:925][  0]LogConfig: Setting CVar [[gc.CreateGCClusters:1]]
[2020.03.01-05.10.38:925][  0]LogConfig: Setting CVar [[gc.MinGCClusterSize:5]]
[2020.03.01-05.10.38:925][  0]LogConfig: Setting CVar [[gc.ActorClusteringEnabled:0]]
[2020.03.01-05.10.38:925][  0]LogConfig: Setting CVar [[gc.BlueprintClusteringEnabled:0]]
[2020.03.01-05.10.38:925][  0]LogConfig: Setting CVar [[gc.UseDisregardForGCOnDedicatedServers:0]]
[2020.03.01-05.10.38:925][  0]LogConfig: Applying CVar settings from Section [/Script/Engine.NetworkSettings] File [D:/GitHub/Le-VR-Project/Saved/Config/Windows/Engine.ini]
[2020.03.01-05.10.38:925][  0]LogConfig: Applying CVar settings from Section [/Script/UnrealEd.CookerSettings] File [D:/GitHub/Le-VR-Project/Saved/Config/Windows/Engine.ini]
[2020.03.01-05.10.38:984][  0]LogConfig: Applying CVar settings from Section [ViewDistanceQuality@3] File [D:/GitHub/Le-VR-Project/Saved/Config/Windows/Scalability.ini]
[2020.03.01-05.10.38:984][  0]LogConfig: Setting CVar [[r.SkeletalMeshLODBias:0]]
[2020.03.01-05.10.38:984][  0]LogConfig: Setting CVar [[r.ViewDistanceScale:1.0]]
[2020.03.01-05.10.38:984][  0]LogConfig: Applying CVar settings from Section [AntiAliasingQuality@3] File [D:/GitHub/Le-VR-Project/Saved/Config/Windows/Scalability.ini]
[2020.03.01-05.10.38:984][  0]LogConfig: Setting CVar [[r.PostProcessAAQuality:4]]
[2020.03.01-05.10.38:984][  0]LogConfig: Applying CVar settings from Section [ShadowQuality@3] File [D:/GitHub/Le-VR-Project/Saved/Config/Windows/Scalability.ini]
[2020.03.01-05.10.38:984][  0]LogConfig: Setting CVar [[r.LightFunctionQuality:1]]
[2020.03.01-05.10.38:985][  0]LogConfig: Setting CVar [[r.ShadowQuality:5]]
[2020.03.01-05.10.38:985][  0]LogConfig: Setting CVar [[r.Shadow.CSM.MaxCascades:10]]
[2020.03.01-05.10.38:985][  0]LogConfig: Setting CVar [[r.Shadow.MaxResolution:2048]]
[2020.03.01-05.10.38:985][  0]LogConfig: Setting CVar [[r.Shadow.MaxCSMResolution:2048]]
[2020.03.01-05.10.38:985][  0]LogConfig: Setting CVar [[r.Shadow.RadiusThreshold:0.01]]
[2020.03.01-05.10.38:985][  0]LogConfig: Setting CVar [[r.Shadow.DistanceScale:1.0]]
[2020.03.01-05.10.38:985][  0]LogConfig: Setting CVar [[r.Shadow.CSM.TransitionScale:1.0]]
[2020.03.01-05.10.38:985][  0]LogConfig: Setting CVar [[r.Shadow.PreShadowResolutionFactor:1.0]]
[2020.03.01-05.10.38:985][  0]LogConfig: Setting CVar [[r.DistanceFieldShadowing:1]]
[2020.03.01-05.10.38:985][  0]LogConfig: Setting CVar [[r.DistanceFieldAO:1]]
[2020.03.01-05.10.38:985][  0]LogConfig: Setting CVar [[r.AOQuality:2]]
[2020.03.01-05.10.38:985][  0]LogConfig: Setting CVar [[r.VolumetricFog:1]]
[2020.03.01-05.10.38:985][  0]LogConfig: Setting CVar [[r.VolumetricFog.GridPixelSize:8]]
[2020.03.01-05.10.38:985][  0]LogConfig: Setting CVar [[r.VolumetricFog.GridSizeZ:128]]
[2020.03.01-05.10.38:985][  0]LogConfig: Setting CVar [[r.VolumetricFog.HistoryMissSupersampleCount:4]]
[2020.03.01-05.10.38:985][  0]LogConfig: Setting CVar [[r.LightMaxDrawDistanceScale:1]]
[2020.03.01-05.10.38:985][  0]LogConfig: Setting CVar [[r.CapsuleShadows:1]]
[2020.03.01-05.10.38:985][  0]LogConfig: Applying CVar settings from Section [PostProcessQuality@3] File [D:/GitHub/Le-VR-Project/Saved/Config/Windows/Scalability.ini]
[2020.03.01-05.10.38:985][  0]LogConfig: Setting CVar [[r.MotionBlurQuality:4]]
[2020.03.01-05.10.38:985][  0]LogConfig: Setting CVar [[r.AmbientOcclusionMipLevelFactor:0.4]]
[2020.03.01-05.10.38:985][  0]LogConfig: Setting CVar [[r.AmbientOcclusionMaxQuality:100]]
[2020.03.01-05.10.38:985][  0]LogConfig: Setting CVar [[r.AmbientOcclusionLevels:-1]]
[2020.03.01-05.10.38:985][  0]LogConfig: Setting CVar [[r.AmbientOcclusionRadiusScale:1.0]]
[2020.03.01-05.10.38:985][  0]LogConfig: Setting CVar [[r.DepthOfFieldQuality:2]]
[2020.03.01-05.10.38:985][  0]LogConfig: Setting CVar [[r.RenderTargetPoolMin:400]]
[2020.03.01-05.10.38:985][  0]LogConfig: Setting CVar [[r.LensFlareQuality:2]]
[2020.03.01-05.10.38:985][  0]LogConfig: Setting CVar [[r.SceneColorFringeQuality:1]]
[2020.03.01-05.10.38:985][  0]LogConfig: Setting CVar [[r.EyeAdaptationQuality:2]]
[2020.03.01-05.10.38:985][  0]LogConfig: Setting CVar [[r.BloomQuality:5]]
[2020.03.01-05.10.38:985][  0]LogConfig: Setting CVar [[r.FastBlurThreshold:100]]
[2020.03.01-05.10.38:985][  0]LogConfig: Setting CVar [[r.Upscale.Quality:3]]
[2020.03.01-05.10.38:985][  0]LogConfig: Setting CVar [[r.Tonemapper.GrainQuantization:1]]
[2020.03.01-05.10.38:985][  0]LogConfig: Setting CVar [[r.LightShaftQuality:1]]
[2020.03.01-05.10.38:985][  0]LogConfig: Setting CVar [[r.Filter.SizeScale:1]]
[2020.03.01-05.10.38:985][  0]LogConfig: Setting CVar [[r.Tonemapper.Quality:5]]
[2020.03.01-05.10.38:985][  0]LogConfig: Setting CVar [[r.DOF.Gather.AccumulatorQuality:1        ; higher gathering accumulator quality]]
[2020.03.01-05.10.38:985][  0]LogConfig: Setting CVar [[r.DOF.Gather.PostfilterMethod:1          ; Median3x3 postfilering method]]
[2020.03.01-05.10.38:985][  0]LogConfig: Setting CVar [[r.DOF.Gather.EnableBokehSettings:0       ; no bokeh simulation when gathering]]
[2020.03.01-05.10.38:985][  0]LogConfig: Setting CVar [[r.DOF.Gather.RingCount:4                 ; medium number of samples when gathering]]
[2020.03.01-05.10.38:985][  0]LogConfig: Setting CVar [[r.DOF.Scatter.ForegroundCompositing:1    ; additive foreground scattering]]
[2020.03.01-05.10.38:985][  0]LogConfig: Setting CVar [[r.DOF.Scatter.BackgroundCompositing:2    ; additive background scattering]]
[2020.03.01-05.10.38:985][  0]LogConfig: Setting CVar [[r.DOF.Scatter.EnableBokehSettings:1      ; bokeh simulation when scattering]]
[2020.03.01-05.10.38:985][  0]LogConfig: Setting CVar [[r.DOF.Scatter.MaxSpriteRatio:0.1         ; only a maximum of 10% of scattered bokeh]]
[2020.03.01-05.10.38:985][  0]LogConfig: Setting CVar [[r.DOF.Recombine.Quality:1                ; cheap slight out of focus]]
[2020.03.01-05.10.38:985][  0]LogConfig: Setting CVar [[r.DOF.Recombine.EnableBokehSettings:0    ; no bokeh simulation on slight out of focus]]
[2020.03.01-05.10.38:985][  0]LogConfig: Setting CVar [[r.DOF.TemporalAAQuality:1                ; more stable temporal accumulation]]
[2020.03.01-05.10.38:985][  0]LogConfig: Setting CVar [[r.DOF.Kernel.MaxForegroundRadius:0.025]]
[2020.03.01-05.10.38:985][  0]LogConfig: Setting CVar [[r.DOF.Kernel.MaxBackgroundRadius:0.025]]
[2020.03.01-05.10.38:985][  0]LogConfig: Applying CVar settings from Section [TextureQuality@3] File [D:/GitHub/Le-VR-Project/Saved/Config/Windows/Scalability.ini]
[2020.03.01-05.10.38:985][  0]LogConfig: Setting CVar [[r.Streaming.MipBias:0]]
[2020.03.01-05.10.38:985][  0]LogConfig: Setting CVar [[r.Streaming.AmortizeCPUToGPUCopy:0]]
[2020.03.01-05.10.38:985][  0]LogConfig: Setting CVar [[r.Streaming.MaxNumTexturesToStreamPerFrame:0]]
[2020.03.01-05.10.38:985][  0]LogConfig: Setting CVar [[r.Streaming.Boost:1]]
[2020.03.01-05.10.38:985][  0]LogConfig: Setting CVar [[r.MaxAnisotropy:8]]
[2020.03.01-05.10.38:985][  0]LogConfig: Setting CVar [[r.VT.MaxAnisotropy:8]]
[2020.03.01-05.10.38:985][  0]LogConfig: Setting CVar [[r.Streaming.LimitPoolSizeToVRAM:0]]
[2020.03.01-05.10.38:985][  0]LogConfig: Setting CVar [[r.Streaming.PoolSize:1000]]
[2020.03.01-05.10.38:985][  0]LogConfig: Setting CVar [[r.Streaming.MaxEffectiveScreenSize:0]]
[2020.03.01-05.10.38:985][  0]LogConfig: Applying CVar settings from Section [EffectsQuality@3] File [D:/GitHub/Le-VR-Project/Saved/Config/Windows/Scalability.ini]
[2020.03.01-05.10.38:985][  0]LogConfig: Setting CVar [[r.TranslucencyLightingVolumeDim:64]]
[2020.03.01-05.10.38:985][  0]LogConfig: Setting CVar [[r.RefractionQuality:2]]
[2020.03.01-05.10.38:985][  0]LogConfig: Setting CVar [[r.SSR.Quality:3]]
[2020.03.01-05.10.38:985][  0]LogConfig: Setting CVar [[r.SSR.HalfResSceneColor:0]]
[2020.03.01-05.10.38:985][  0]LogConfig: Setting CVar [[r.SceneColorFormat:4]]
[2020.03.01-05.10.38:985][  0]LogConfig: Setting CVar [[r.DetailMode:2]]
[2020.03.01-05.10.38:985][  0]LogConfig: Setting CVar [[r.TranslucencyVolumeBlur:1]]
[2020.03.01-05.10.38:985][  0]LogConfig: Setting CVar [[r.MaterialQualityLevel:1 ; High quality]]
[2020.03.01-05.10.38:985][  0]LogConfig: Setting CVar [[r.SSS.Scale:1]]
[2020.03.01-05.10.38:985][  0]LogConfig: Setting CVar [[r.SSS.SampleSet:2]]
[2020.03.01-05.10.38:985][  0]LogConfig: Setting CVar [[r.SSS.Quality:1]]
[2020.03.01-05.10.38:985][  0]LogConfig: Setting CVar [[r.SSS.HalfRes:1]]
[2020.03.01-05.10.38:985][  0]LogConfig: Setting CVar [[r.SSGI.Quality:3]]
[2020.03.01-05.10.38:985][  0]LogConfig: Setting CVar [[r.EmitterSpawnRateScale:1.0]]
[2020.03.01-05.10.38:985][  0]LogConfig: Setting CVar [[r.ParticleLightQuality:2]]
[2020.03.01-05.10.38:985][  0]LogConfig: Setting CVar [[r.SkyAtmosphere.AerialPerspectiveLUT.FastApplyOnOpaque:1 ; Always have FastSkyLUT 1 in this case to avoid wrong sky]]
[2020.03.01-05.10.38:985][  0]LogConfig: Setting CVar [[r.SkyAtmosphere.AerialPerspectiveLUT.SampleCountPerSlice:1]]
[2020.03.01-05.10.38:985][  0]LogConfig: Setting CVar [[r.SkyAtmosphere.AerialPerspectiveLUT.DepthResolution:16.0]]
[2020.03.01-05.10.38:985][  0]LogConfig: Setting CVar [[r.SkyAtmosphere.FastSkyLUT:1]]
[2020.03.01-05.10.38:985][  0]LogConfig: Setting CVar [[r.SkyAtmosphere.FastSkyLUT.SampleCountMin:4.0]]
[2020.03.01-05.10.38:985][  0]LogConfig: Setting CVar [[r.SkyAtmosphere.FastSkyLUT.SampleCountMax:32.0]]
[2020.03.01-05.10.38:985][  0]LogConfig: Setting CVar [[r.SkyAtmosphere.SampleCountMin:4.0]]
[2020.03.01-05.10.38:985][  0]LogConfig: Setting CVar [[r.SkyAtmosphere.SampleCountMax:32.0]]
[2020.03.01-05.10.38:985][  0]LogConfig: Setting CVar [[r.SkyAtmosphere.TransmittanceLUT.UseSmallFormat:0]]
[2020.03.01-05.10.38:985][  0]LogConfig: Setting CVar [[r.SkyAtmosphere.TransmittanceLUT.SampleCount:10.0]]
[2020.03.01-05.10.38:986][  0]LogConfig: Setting CVar [[r.SkyAtmosphere.MultiScatteringLUT.SampleCount:15.0]]
[2020.03.01-05.10.38:986][  0]LogConfig: Applying CVar settings from Section [FoliageQuality@3] File [D:/GitHub/Le-VR-Project/Saved/Config/Windows/Scalability.ini]
[2020.03.01-05.10.38:986][  0]LogConfig: Setting CVar [[foliage.DensityScale:1.0]]
[2020.03.01-05.10.38:986][  0]LogConfig: Setting CVar [[grass.DensityScale:1.0]]
[2020.03.01-05.10.38:986][  0]LogConfig: Applying CVar settings from Section [ShadingQuality@3] File [D:/GitHub/Le-VR-Project/Saved/Config/Windows/Scalability.ini]
[2020.03.01-05.10.38:986][  0]LogConfig: Setting CVar [[r.HairStrands.SkyLighting.SampleCount:16]]
[2020.03.01-05.10.38:986][  0]LogConfig: Setting CVar [[r.HairStrands.SkyLighting.JitterIntegration:0]]
[2020.03.01-05.10.38:986][  0]LogConfig: Setting CVar [[r.HairStrands.SkyAO.SampleCount:16]]
[2020.03.01-05.10.38:993][  0]LogInit: Selected Device Profile: [Windows]
[2020.03.01-05.10.38:994][  0]LogInit: Applying CVar settings loaded from the selected device profile: [Windows]
[2020.03.01-05.10.39:042][  0]LogHAL: Display: Platform has ~ 16 GB [16981479424 / 17179869184 / 16], which maps to Larger [LargestMinGB=32, LargerMinGB=12, DefaultMinGB=8, SmallerMinGB=6, SmallestMinGB=0)
[2020.03.01-05.10.39:042][  0]LogInit: Going up to parent DeviceProfile []
[2020.03.01-05.10.39:042][  0]LogConfig: Applying CVar settings from Section [ViewDistanceQuality@3] File [D:/GitHub/Le-VR-Project/Saved/Config/Windows/Scalability.ini]
[2020.03.01-05.10.39:042][  0]LogConfig: Setting CVar [[r.SkeletalMeshLODBias:0]]
[2020.03.01-05.10.39:042][  0]LogConfig: Setting CVar [[r.ViewDistanceScale:1.0]]
[2020.03.01-05.10.39:042][  0]LogConfig: Applying CVar settings from Section [AntiAliasingQuality@3] File [D:/GitHub/Le-VR-Project/Saved/Config/Windows/Scalability.ini]
[2020.03.01-05.10.39:042][  0]LogConfig: Setting CVar [[r.PostProcessAAQuality:4]]
[2020.03.01-05.10.39:042][  0]LogConfig: Applying CVar settings from Section [ShadowQuality@3] File [D:/GitHub/Le-VR-Project/Saved/Config/Windows/Scalability.ini]
[2020.03.01-05.10.39:042][  0]LogConfig: Setting CVar [[r.LightFunctionQuality:1]]
[2020.03.01-05.10.39:042][  0]LogConfig: Setting CVar [[r.ShadowQuality:5]]
[2020.03.01-05.10.39:042][  0]LogConfig: Setting CVar [[r.Shadow.CSM.MaxCascades:10]]
[2020.03.01-05.10.39:042][  0]LogConfig: Setting CVar [[r.Shadow.MaxResolution:2048]]
[2020.03.01-05.10.39:042][  0]LogConfig: Setting CVar [[r.Shadow.MaxCSMResolution:2048]]
[2020.03.01-05.10.39:042][  0]LogConfig: Setting CVar [[r.Shadow.RadiusThreshold:0.01]]
[2020.03.01-05.10.39:042][  0]LogConfig: Setting CVar [[r.Shadow.DistanceScale:1.0]]
[2020.03.01-05.10.39:042][  0]LogConfig: Setting CVar [[r.Shadow.CSM.TransitionScale:1.0]]
[2020.03.01-05.10.39:042][  0]LogConfig: Setting CVar [[r.Shadow.PreShadowResolutionFactor:1.0]]
[2020.03.01-05.10.39:042][  0]LogConfig: Setting CVar [[r.DistanceFieldShadowing:1]]
[2020.03.01-05.10.39:042][  0]LogConfig: Setting CVar [[r.DistanceFieldAO:1]]
[2020.03.01-05.10.39:042][  0]LogConfig: Setting CVar [[r.AOQuality:2]]
[2020.03.01-05.10.39:042][  0]LogConfig: Setting CVar [[r.VolumetricFog:1]]
[2020.03.01-05.10.39:042][  0]LogConfig: Setting CVar [[r.VolumetricFog.GridPixelSize:8]]
[2020.03.01-05.10.39:042][  0]LogConfig: Setting CVar [[r.VolumetricFog.GridSizeZ:128]]
[2020.03.01-05.10.39:042][  0]LogConfig: Setting CVar [[r.VolumetricFog.HistoryMissSupersampleCount:4]]
[2020.03.01-05.10.39:042][  0]LogConfig: Setting CVar [[r.LightMaxDrawDistanceScale:1]]
[2020.03.01-05.10.39:042][  0]LogConfig: Setting CVar [[r.CapsuleShadows:1]]
[2020.03.01-05.10.39:042][  0]LogConfig: Applying CVar settings from Section [PostProcessQuality@3] File [D:/GitHub/Le-VR-Project/Saved/Config/Windows/Scalability.ini]
[2020.03.01-05.10.39:042][  0]LogConfig: Setting CVar [[r.MotionBlurQuality:4]]
[2020.03.01-05.10.39:042][  0]LogConfig: Setting CVar [[r.AmbientOcclusionMipLevelFactor:0.4]]
[2020.03.01-05.10.39:042][  0]LogConfig: Setting CVar [[r.AmbientOcclusionMaxQuality:100]]
[2020.03.01-05.10.39:042][  0]LogConfig: Setting CVar [[r.AmbientOcclusionLevels:-1]]
[2020.03.01-05.10.39:042][  0]LogConfig: Setting CVar [[r.AmbientOcclusionRadiusScale:1.0]]
[2020.03.01-05.10.39:042][  0]LogConfig: Setting CVar [[r.DepthOfFieldQuality:2]]
[2020.03.01-05.10.39:042][  0]LogConfig: Setting CVar [[r.RenderTargetPoolMin:400]]
[2020.03.01-05.10.39:042][  0]LogConfig: Setting CVar [[r.LensFlareQuality:2]]
[2020.03.01-05.10.39:042][  0]LogConfig: Setting CVar [[r.SceneColorFringeQuality:1]]
[2020.03.01-05.10.39:042][  0]LogConfig: Setting CVar [[r.EyeAdaptationQuality:2]]
[2020.03.01-05.10.39:042][  0]LogConfig: Setting CVar [[r.BloomQuality:5]]
[2020.03.01-05.10.39:042][  0]LogConfig: Setting CVar [[r.FastBlurThreshold:100]]
[2020.03.01-05.10.39:042][  0]LogConfig: Setting CVar [[r.Upscale.Quality:3]]
[2020.03.01-05.10.39:043][  0]LogConfig: Setting CVar [[r.Tonemapper.GrainQuantization:1]]
[2020.03.01-05.10.39:043][  0]LogConfig: Setting CVar [[r.LightShaftQuality:1]]
[2020.03.01-05.10.39:043][  0]LogConfig: Setting CVar [[r.Filter.SizeScale:1]]
[2020.03.01-05.10.39:043][  0]LogConfig: Setting CVar [[r.Tonemapper.Quality:5]]
[2020.03.01-05.10.39:043][  0]LogConfig: Setting CVar [[r.DOF.Gather.AccumulatorQuality:1        ; higher gathering accumulator quality]]
[2020.03.01-05.10.39:043][  0]LogConfig: Setting CVar [[r.DOF.Gather.PostfilterMethod:1          ; Median3x3 postfilering method]]
[2020.03.01-05.10.39:043][  0]LogConfig: Setting CVar [[r.DOF.Gather.EnableBokehSettings:0       ; no bokeh simulation when gathering]]
[2020.03.01-05.10.39:043][  0]LogConfig: Setting CVar [[r.DOF.Gather.RingCount:4                 ; medium number of samples when gathering]]
[2020.03.01-05.10.39:043][  0]LogConfig: Setting CVar [[r.DOF.Scatter.ForegroundCompositing:1    ; additive foreground scattering]]
[2020.03.01-05.10.39:043][  0]LogConfig: Setting CVar [[r.DOF.Scatter.BackgroundCompositing:2    ; additive background scattering]]
[2020.03.01-05.10.39:043][  0]LogConfig: Setting CVar [[r.DOF.Scatter.EnableBokehSettings:1      ; bokeh simulation when scattering]]
[2020.03.01-05.10.39:043][  0]LogConfig: Setting CVar [[r.DOF.Scatter.MaxSpriteRatio:0.1         ; only a maximum of 10% of scattered bokeh]]
[2020.03.01-05.10.39:043][  0]LogConfig: Setting CVar [[r.DOF.Recombine.Quality:1                ; cheap slight out of focus]]
[2020.03.01-05.10.39:043][  0]LogConfig: Setting CVar [[r.DOF.Recombine.EnableBokehSettings:0    ; no bokeh simulation on slight out of focus]]
[2020.03.01-05.10.39:043][  0]LogConfig: Setting CVar [[r.DOF.TemporalAAQuality:1                ; more stable temporal accumulation]]
[2020.03.01-05.10.39:043][  0]LogConfig: Setting CVar [[r.DOF.Kernel.MaxForegroundRadius:0.025]]
[2020.03.01-05.10.39:043][  0]LogConfig: Setting CVar [[r.DOF.Kernel.MaxBackgroundRadius:0.025]]
[2020.03.01-05.10.39:043][  0]LogConfig: Applying CVar settings from Section [TextureQuality@3] File [D:/GitHub/Le-VR-Project/Saved/Config/Windows/Scalability.ini]
[2020.03.01-05.10.39:043][  0]LogConfig: Setting CVar [[r.Streaming.MipBias:0]]
[2020.03.01-05.10.39:043][  0]LogConfig: Setting CVar [[r.Streaming.AmortizeCPUToGPUCopy:0]]
[2020.03.01-05.10.39:043][  0]LogConfig: Setting CVar [[r.Streaming.MaxNumTexturesToStreamPerFrame:0]]
[2020.03.01-05.10.39:043][  0]LogConfig: Setting CVar [[r.Streaming.Boost:1]]
[2020.03.01-05.10.39:043][  0]LogConfig: Setting CVar [[r.MaxAnisotropy:8]]
[2020.03.01-05.10.39:043][  0]LogConfig: Setting CVar [[r.VT.MaxAnisotropy:8]]
[2020.03.01-05.10.39:043][  0]LogConfig: Setting CVar [[r.Streaming.LimitPoolSizeToVRAM:0]]
[2020.03.01-05.10.39:043][  0]LogConfig: Setting CVar [[r.Streaming.PoolSize:1000]]
[2020.03.01-05.10.39:043][  0]LogConfig: Setting CVar [[r.Streaming.MaxEffectiveScreenSize:0]]
[2020.03.01-05.10.39:043][  0]LogConfig: Applying CVar settings from Section [EffectsQuality@3] File [D:/GitHub/Le-VR-Project/Saved/Config/Windows/Scalability.ini]
[2020.03.01-05.10.39:043][  0]LogConfig: Setting CVar [[r.TranslucencyLightingVolumeDim:64]]
[2020.03.01-05.10.39:043][  0]LogConfig: Setting CVar [[r.RefractionQuality:2]]
[2020.03.01-05.10.39:043][  0]LogConfig: Setting CVar [[r.SSR.Quality:3]]
[2020.03.01-05.10.39:043][  0]LogConfig: Setting CVar [[r.SSR.HalfResSceneColor:0]]
[2020.03.01-05.10.39:043][  0]LogConfig: Setting CVar [[r.SceneColorFormat:4]]
[2020.03.01-05.10.39:043][  0]LogConfig: Setting CVar [[r.DetailMode:2]]
[2020.03.01-05.10.39:043][  0]LogConfig: Setting CVar [[r.TranslucencyVolumeBlur:1]]
[2020.03.01-05.10.39:043][  0]LogConfig: Setting CVar [[r.MaterialQualityLevel:1 ; High quality]]
[2020.03.01-05.10.39:043][  0]LogConfig: Setting CVar [[r.SSS.Scale:1]]
[2020.03.01-05.10.39:043][  0]LogConfig: Setting CVar [[r.SSS.SampleSet:2]]
[2020.03.01-05.10.39:043][  0]LogConfig: Setting CVar [[r.SSS.Quality:1]]
[2020.03.01-05.10.39:043][  0]LogConfig: Setting CVar [[r.SSS.HalfRes:1]]
[2020.03.01-05.10.39:043][  0]LogConfig: Setting CVar [[r.SSGI.Quality:3]]
[2020.03.01-05.10.39:043][  0]LogConfig: Setting CVar [[r.EmitterSpawnRateScale:1.0]]
[2020.03.01-05.10.39:043][  0]LogConfig: Setting CVar [[r.ParticleLightQuality:2]]
[2020.03.01-05.10.39:043][  0]LogConfig: Setting CVar [[r.SkyAtmosphere.AerialPerspectiveLUT.FastApplyOnOpaque:1 ; Always have FastSkyLUT 1 in this case to avoid wrong sky]]
[2020.03.01-05.10.39:043][  0]LogConfig: Setting CVar [[r.SkyAtmosphere.AerialPerspectiveLUT.SampleCountPerSlice:1]]
[2020.03.01-05.10.39:043][  0]LogConfig: Setting CVar [[r.SkyAtmosphere.AerialPerspectiveLUT.DepthResolution:16.0]]
[2020.03.01-05.10.39:043][  0]LogConfig: Setting CVar [[r.SkyAtmosphere.FastSkyLUT:1]]
[2020.03.01-05.10.39:043][  0]LogConfig: Setting CVar [[r.SkyAtmosphere.FastSkyLUT.SampleCountMin:4.0]]
[2020.03.01-05.10.39:043][  0]LogConfig: Setting CVar [[r.SkyAtmosphere.FastSkyLUT.SampleCountMax:32.0]]
[2020.03.01-05.10.39:043][  0]LogConfig: Setting CVar [[r.SkyAtmosphere.SampleCountMin:4.0]]
[2020.03.01-05.10.39:043][  0]LogConfig: Setting CVar [[r.SkyAtmosphere.SampleCountMax:32.0]]
[2020.03.01-05.10.39:043][  0]LogConfig: Setting CVar [[r.SkyAtmosphere.TransmittanceLUT.UseSmallFormat:0]]
[2020.03.01-05.10.39:043][  0]LogConfig: Setting CVar [[r.SkyAtmosphere.TransmittanceLUT.SampleCount:10.0]]
[2020.03.01-05.10.39:043][  0]LogConfig: Setting CVar [[r.SkyAtmosphere.MultiScatteringLUT.SampleCount:15.0]]
[2020.03.01-05.10.39:043][  0]LogConfig: Applying CVar settings from Section [FoliageQuality@3] File [D:/GitHub/Le-VR-Project/Saved/Config/Windows/Scalability.ini]
[2020.03.01-05.10.39:043][  0]LogConfig: Setting CVar [[foliage.DensityScale:1.0]]
[2020.03.01-05.10.39:043][  0]LogConfig: Setting CVar [[grass.DensityScale:1.0]]
[2020.03.01-05.10.39:043][  0]LogConfig: Applying CVar settings from Section [ShadingQuality@3] File [D:/GitHub/Le-VR-Project/Saved/Config/Windows/Scalability.ini]
[2020.03.01-05.10.39:043][  0]LogConfig: Setting CVar [[r.HairStrands.SkyLighting.SampleCount:16]]
[2020.03.01-05.10.39:043][  0]LogConfig: Setting CVar [[r.HairStrands.SkyLighting.JitterIntegration:0]]
[2020.03.01-05.10.39:043][  0]LogConfig: Setting CVar [[r.HairStrands.SkyAO.SampleCount:16]]
[2020.03.01-05.10.39:043][  0]LogConfig: Applying CVar settings from Section [Startup] File [../../../Engine/Config/ConsoleVariables.ini]
[2020.03.01-05.10.39:064][  0]LogConfig: Setting CVar [[net.UseAdaptiveNetUpdateFrequency:0]]
[2020.03.01-05.10.39:064][  0]LogConfig: Setting CVar [[p.chaos.AllowCreatePhysxBodies:1]]
[2020.03.01-05.10.39:064][  0]LogConfig: Applying CVar settings from Section [ConsoleVariables] File [D:/GitHub/Le-VR-Project/Saved/Config/Windows/Engine.ini]
[2020.03.01-05.10.39:119][  0]LogInit: Computer: XENOSEMPIRE
[2020.03.01-05.10.39:119][  0]LogInit: User: Ralphy
[2020.03.01-05.10.39:119][  0]LogInit: CPU Page size=4096, Cores=4
[2020.03.01-05.10.39:119][  0]LogInit: High frequency timer resolution =10.000000 MHz
[2020.03.01-05.10.39:119][  0]LogMemory: Memory total: Physical=15.8GB (16GB approx)
[2020.03.01-05.10.39:120][  0]LogMemory: Platform Memory Stats for Windows
[2020.03.01-05.10.39:120][  0]LogMemory: Process Physical Memory: 107.38 MB used, 107.38 MB peak
[2020.03.01-05.10.39:120][  0]LogMemory: Process Virtual Memory: 103.64 MB used, 103.64 MB peak
[2020.03.01-05.10.39:120][  0]LogMemory: Physical Memory: 5052.47 MB used,  11142.33 MB free, 16194.80 MB total
[2020.03.01-05.10.39:120][  0]LogMemory: Virtual Memory: 5163.05 MB used,  134212568.00 MB free, 134217728.00 MB total
[2020.03.01-05.10.39:147][  0]LogWindows: WindowsPlatformFeatures enabled
[2020.03.01-05.10.40:047][  0]LogInit: Using OS detected language (en-US).
[2020.03.01-05.10.40:047][  0]LogInit: Using OS detected locale (en-US).
[2020.03.01-05.10.40:154][  0]LogTextLocalizationManager: No specific localization for 'en-US' exists, so the 'en' localization will be used.
[2020.03.01-05.10.40:781][  0]LogInit: Setting process to per monitor DPI aware
[2020.03.01-05.10.41:556][  0]LogSlate: New Slate User Created.  User Index 0, Is Virtual User: 0
[2020.03.01-05.10.41:556][  0]LogSlate: Slate User Registered.  User Index 0, Is Virtual User: 0
[2020.03.01-05.10.45:545][  0]LogHMD: Failed to initialize OpenVR with code 126
[2020.03.01-05.10.45:545][  0]LogD3D11RHI: D3D11 min allowed feature level: 11_0
[2020.03.01-05.10.45:545][  0]LogD3D11RHI: D3D11 max allowed feature level: 11_0
[2020.03.01-05.10.45:545][  0]LogD3D11RHI: D3D11 adapters:
[2020.03.01-05.10.45:633][  0]LogD3D11RHI:    0. 'NVIDIA GeForce GTX 1660 Ti' (Feature Level 11_0)
[2020.03.01-05.10.45:633][  0]LogD3D11RHI:       5991/0/8097 MB DedicatedVideo/DedicatedSystem/SharedSystem, Outputs:1, VendorId:0x10de
[2020.03.01-05.10.45:640][  0]LogD3D11RHI:    1. 'Intel(R) HD Graphics 4600' (Feature Level 11_0)
[2020.03.01-05.10.45:640][  0]LogD3D11RHI:       112/0/2048 MB DedicatedVideo/DedicatedSystem/SharedSystem, Outputs:1, VendorId:0x8086
[2020.03.01-05.10.45:642][  0]LogD3D11RHI:    2. 'Microsoft Basic Render Driver' (Feature Level 11_0)
[2020.03.01-05.10.45:642][  0]LogD3D11RHI:       0/0/8097 MB DedicatedVideo/DedicatedSystem/SharedSystem, Outputs:0, VendorId:0x1414
[2020.03.01-05.10.45:642][  0]LogD3D11RHI: Chosen D3D11 Adapter: 0
[2020.03.01-05.10.45:858][  0]LogD3D11RHI: Creating new Direct3DDevice
[2020.03.01-05.10.45:860][  0]LogD3D11RHI:     GPU DeviceId: 0x2182 (for the marketing name, search the web for "GPU Device Id")
[2020.03.01-05.10.45:860][  0]LogWindows: EnumDisplayDevices:
[2020.03.01-05.10.45:860][  0]LogWindows:    0. 'NVIDIA GeForce GTX 1660 Ti' (P:1 D:1)
[2020.03.01-05.10.45:860][  0]LogWindows:    1. 'NVIDIA GeForce GTX 1660 Ti' (P:0 D:0)
[2020.03.01-05.10.45:860][  0]LogWindows:    2. 'NVIDIA GeForce GTX 1660 Ti' (P:0 D:0)
[2020.03.01-05.10.45:860][  0]LogWindows:    3. 'NVIDIA GeForce GTX 1660 Ti' (P:0 D:0)
[2020.03.01-05.10.45:861][  0]LogWindows:    4. 'Intel(R) HD Graphics 4600' (P:0 D:1)
[2020.03.01-05.10.45:861][  0]LogWindows:    5. 'Intel(R) HD Graphics 4600' (P:0 D:0)
[2020.03.01-05.10.45:861][  0]LogWindows:    6. 'Intel(R) HD Graphics 4600' (P:0 D:0)
[2020.03.01-05.10.45:861][  0]LogWindows: DebugString: PrimaryIsNotTheChoosenAdapter PrimaryIsNotTheChoosenAdapter PrimaryIsNotTheChoosenAdapter FoundDriverCount:4 
[2020.03.01-05.10.45:861][  0]LogD3D11RHI:     Adapter Name: NVIDIA GeForce GTX 1660 Ti
[2020.03.01-05.10.45:861][  0]LogD3D11RHI:   Driver Version: 442.50 (internal:26.21.14.4250, unified:442.50)
[2020.03.01-05.10.45:861][  0]LogD3D11RHI:      Driver Date: 2-24-2020
[2020.03.01-05.10.45:861][  0]LogRHI: Texture pool is 4193 MB (70% of 5991 MB)
[2020.03.01-05.10.46:130][  0]LogD3D11RHI: RHI has support for 64 bit atomics
[2020.03.01-05.10.46:130][  0]LogD3D11RHI: Async texture creation enabled
[2020.03.01-05.10.47:752][  0]LogD3D11RHI: GPU Timing Frequency: 1000.000000 (Debug: 2 2)
[2020.03.01-05.10.49:688][  0]LogTargetPlatformManager: Display: Loaded TargetPlatform 'AllDesktop'
[2020.03.01-05.10.49:877][  0]LogTargetPlatformManager: Display: Loaded TargetPlatform 'Android'
[2020.03.01-05.10.49:877][  0]LogTargetPlatformManager: Display: Loaded TargetPlatform 'Android_ASTC'
[2020.03.01-05.10.49:877][  0]LogTargetPlatformManager: Display: Loaded TargetPlatform 'Android_ATC'
[2020.03.01-05.10.49:877][  0]LogTargetPlatformManager: Display: Loaded TargetPlatform 'Android_DXT'
[2020.03.01-05.10.49:877][  0]LogTargetPlatformManager: Display: Loaded TargetPlatform 'Android_ETC1'
[2020.03.01-05.10.49:877][  0]LogTargetPlatformManager: Display: Loaded TargetPlatform 'Android_ETC1a'
[2020.03.01-05.10.49:877][  0]LogTargetPlatformManager: Display: Loaded TargetPlatform 'Android_ETC2'
[2020.03.01-05.10.49:877][  0]LogTargetPlatformManager: Display: Loaded TargetPlatform 'Android_PVRTC'
[2020.03.01-05.10.49:877][  0]LogTargetPlatformManager: Display: Loaded TargetPlatform 'AndroidClient'
[2020.03.01-05.10.49:877][  0]LogTargetPlatformManager: Display: Loaded TargetPlatform 'Android_ASTCClient'
[2020.03.01-05.10.49:877][  0]LogTargetPlatformManager: Display: Loaded TargetPlatform 'Android_ATCClient'
[2020.03.01-05.10.49:877][  0]LogTargetPlatformManager: Display: Loaded TargetPlatform 'Android_DXTClient'
[2020.03.01-05.10.49:877][  0]LogTargetPlatformManager: Display: Loaded TargetPlatform 'Android_ETC1Client'
[2020.03.01-05.10.49:877][  0]LogTargetPlatformManager: Display: Loaded TargetPlatform 'Android_ETC1aClient'
[2020.03.01-05.10.49:877][  0]LogTargetPlatformManager: Display: Loaded TargetPlatform 'Android_ETC2Client'
[2020.03.01-05.10.49:877][  0]LogTargetPlatformManager: Display: Loaded TargetPlatform 'Android_PVRTCClient'
[2020.03.01-05.10.49:877][  0]LogTargetPlatformManager: Display: Loaded TargetPlatform 'Android_Multi'
[2020.03.01-05.10.49:877][  0]LogTargetPlatformManager: Display: Loaded TargetPlatform 'Android_MultiClient'
[2020.03.01-05.10.50:132][  0]LogTargetPlatformManager: Display: Loaded TargetPlatform 'IOSClient'
[2020.03.01-05.10.50:132][  0]LogTargetPlatformManager: Display: Loaded TargetPlatform 'IOS'
[2020.03.01-05.10.50:155][  0]LogTargetPlatformManager: Display: Loaded TargetPlatform 'LinuxNoEditor'
[2020.03.01-05.10.50:191][  0]LogTargetPlatformManager: Display: Loaded TargetPlatform 'LinuxClient'
[2020.03.01-05.10.50:237][  0]LogTargetPlatformManager: Display: Loaded TargetPlatform 'LinuxServer'
[2020.03.01-05.10.50:280][  0]LogTargetPlatformManager: Display: Loaded TargetPlatform 'LinuxAArch64NoEditor'
[2020.03.01-05.10.50:326][  0]LogTargetPlatformManager: Display: Loaded TargetPlatform 'LinuxAArch64Client'
[2020.03.01-05.10.50:370][  0]LogTargetPlatformManager: Display: Loaded TargetPlatform 'LinuxAArch64Server'
[2020.03.01-05.10.50:480][  0]LogTargetPlatformManager: Display: Loaded TargetPlatform 'Lumin'
[2020.03.01-05.10.50:480][  0]LogTargetPlatformManager: Display: Loaded TargetPlatform 'LuminClient'
[2020.03.01-05.10.50:532][  0]LogTargetPlatformManager: Display: Loaded TargetPlatform 'TVOSClient'
[2020.03.01-05.10.50:532][  0]LogTargetPlatformManager: Display: Loaded TargetPlatform 'TVOS'
[2020.03.01-05.10.50:604][  0]LogTargetPlatformManager: Display: Loaded TargetPlatform 'WindowsNoEditor'
[2020.03.01-05.10.50:648][  0]LogTargetPlatformManager: Display: Loaded TargetPlatform 'Windows'
[2020.03.01-05.10.50:694][  0]LogTargetPlatformManager: Display: Loaded TargetPlatform 'WindowsClient'
[2020.03.01-05.10.50:728][  0]LogTargetPlatformManager: Display: Loaded TargetPlatform 'WindowsServer'
[2020.03.01-05.10.50:728][  0]LogTargetPlatformManager: Display: Building Assets For Windows
[2020.03.01-05.10.51:342][  0]LogAudioDebug: Display: Lib vorbis DLL was dynamically loaded.
[2020.03.01-05.10.54:405][  0]LogShaderCompilers: Guid format shader working directory is -15 characters bigger than the processId version (../../../../../GitHub/Le-VR-Project/Intermediate/Shaders/WorkingDirectory/6684/).
[2020.03.01-05.10.54:405][  0]LogShaderCompilers: Cleaned the shader compiler working directory 'D:/Temp/UnrealShaderWorkingDir/A2D88D2B4833D982D5FA97981E982766/'.
[2020.03.01-05.10.54:429][  0]LogXGEController: Cleaning working directory: D:/Temp/UnrealXGEWorkingDir/
[2020.03.01-05.10.54:429][  0]LogXGEController: Cannot use XGE Controller as Incredibuild is not installed on this machine.
[2020.03.01-05.10.54:454][  0]LogShaderCompilers: Cannot use XGE Shader Compiler as Incredibuild is not installed on this machine.
[2020.03.01-05.10.54:454][  0]LogShaderCompilers: Display: Using Local Shader Compiler.
[2020.03.01-05.11.12:244][  0]LogDerivedDataCache: Display: Max Cache Size: 512 MB
[2020.03.01-05.11.12:659][  0]LogDerivedDataCache: Loaded boot cache 0.41s 103MB C:/Users/Ralphy/AppData/Local/UnrealEngine/4.24/DerivedDataCache/Boot.ddc.
[2020.03.01-05.11.12:659][  0]LogDerivedDataCache: Display: Loaded Boot cache: C:/Users/Ralphy/AppData/Local/UnrealEngine/4.24/DerivedDataCache/Boot.ddc
[2020.03.01-05.11.12:659][  0]LogDerivedDataCache: FDerivedDataBackendGraph:  Pak pak cache file ../../../../../GitHub/Le-VR-Project/DerivedDataCache/DDC.ddp not found, will not use a pak cache.
[2020.03.01-05.11.12:659][  0]LogDerivedDataCache: Unable to find inner node Pak for hierarchical cache Hierarchy.
[2020.03.01-05.11.12:659][  0]LogDerivedDataCache: FDerivedDataBackendGraph:  CompressedPak pak cache file ../../../../../GitHub/Le-VR-Project/DerivedDataCache/Compressed.ddp not found, will not use a pak cache.
[2020.03.01-05.11.12:659][  0]LogDerivedDataCache: Unable to find inner node CompressedPak for hierarchical cache Hierarchy.
[2020.03.01-05.11.12:917][  0]LogDerivedDataCache: Display: Pak cache opened for reading ../../../Engine/DerivedDataCache/Compressed.ddp.
[2020.03.01-05.11.12:917][  0]LogDerivedDataCache: FDerivedDataBackendGraph:  EnterprisePak pak cache file ../../../Enterprise/DerivedDataCache/Compressed.ddp not found, will not use a pak cache.
[2020.03.01-05.11.12:917][  0]LogDerivedDataCache: Unable to find inner node EnterprisePak for hierarchical cache Hierarchy.
[2020.03.01-05.11.12:919][  0]LogDerivedDataCache: Using Local data cache path C:/Users/Ralphy/AppData/Local/UnrealEngine/Common/DerivedDataCache: Writable
[2020.03.01-05.11.12:919][  0]LogDerivedDataCache: Shared data cache path not found in *engine.ini, will not use an Shared cache.
[2020.03.01-05.11.12:919][  0]LogDerivedDataCache: Unable to find inner node Shared for hierarchical cache Hierarchy.
[2020.03.01-05.11.13:285][  0]LogMaterial: Verifying Global Shaders for PCD3D_SM5
[2020.03.01-05.11.13:871][  0]LogSlate: Using FreeType 2.10.0
[2020.03.01-05.11.14:343][  0]LogSlate: SlateFontServices - WITH_FREETYPE: 1, WITH_HARFBUZZ: 1
[2020.03.01-05.11.24:911][  0]LogAssetRegistry: FAssetRegistry took 0.2717 seconds to start up
[2020.03.01-05.11.38:596][  0]LogInit: Selected Device Profile: [Windows]
[2020.03.01-05.11.48:248][  0]LogMeshReduction: Using QuadricMeshReduction for automatic static mesh reduction
[2020.03.01-05.11.48:248][  0]LogMeshReduction: Using SimplygonMeshReduction for automatic skeletal mesh reduction
[2020.03.01-05.11.48:248][  0]LogMeshReduction: Using ProxyLODMeshReduction for automatic mesh merging
[2020.03.01-05.11.48:248][  0]LogMeshReduction: No distributed automatic mesh merging module available
[2020.03.01-05.11.48:248][  0]LogMeshMerging: No distributed automatic mesh merging module available
[2020.03.01-05.11.50:087][  0]LogNetVersion: AdvancedVRFrameworkV22 1.0.0, NetCL: 10570792, EngineNetVer: 13, GameNetVer: 0 (Checksum: 3434068971)
[2020.03.01-05.12.34:550][  0]LogAssetRegistry: Error: Failed to open file for write ../../../../../GitHub/Le-VR-Project/Intermediate/CachedAssetRegistry.bin
[2020.03.01-05.12.34:550][  0]LogAssetRegistry: Error: Failed to open file for write ../../../../../GitHub/Le-VR-Project/Intermediate/AssetRegistryCache/2657c409.bin
[2020.03.01-05.12.34:579][  0]LogAssetRegistry: Error: Failed to open file for write ../../../../../GitHub/Le-VR-Project/Intermediate/AssetRegistryCache/8c0e1344.bin
[2020.03.01-05.12.34:605][  0]LogAssetRegistry: Error: Failed to open file for write ../../../../../GitHub/Le-VR-Project/Intermediate/AssetRegistryCache/8e9331e2.bin
[2020.03.01-05.12.34:641][  0]LogAssetRegistry: Error: Failed to open file for write ../../../../../GitHub/Le-VR-Project/Intermediate/AssetRegistryCache/d63b3057.bin
[2020.03.01-05.12.34:652][  0]LogAssetRegistry: Error: Failed to open file for write ../../../../../GitHub/Le-VR-Project/Intermediate/AssetRegistryCache/1f683343.bin
[2020.03.01-05.12.34:658][  0]LogPackageLocalizationCache: Processed 11 localized package path(s) for 1 prioritized culture(s) in 0.134255 seconds
[2020.03.01-05.12.35:013][  0]LogUObjectArray: 46750 objects as part of root set at end of initial load.
[2020.03.01-05.12.35:013][  0]LogUObjectAllocator: 8137160 out of 0 bytes used by permanent object pool.
[2020.03.01-05.12.35:013][  0]LogUObjectArray: CloseDisregardForGC: 0/0 objects in disregard for GC pool
[2020.03.01-05.12.40:035][  0]LogTcpMessaging: Initializing TcpMessaging bridge
[2020.03.01-05.12.40:136][  0]LogUdpMessaging: Initializing bridge on interface 0.0.0.0:0 to multicast group 230.0.0.1:6666.
[2020.03.01-05.12.40:911][  0]LogLinker: Warning: Asset '../../Plugins/Runtime/WebBrowserWidget/Content/WebTexture_M.uasset' has been saved with empty engine version. The asset will be loaded but may be incompatible.
[2020.03.01-05.12.40:933][  0]LogLinker: Warning: Asset '../../Plugins/Runtime/WebBrowserWidget/Content/WebTexture_T.uasset' has been saved with empty engine version. The asset will be loaded but may be incompatible.
[2020.03.01-05.12.41:050][  0]LogLinker: Warning: Asset '../../Plugins/Runtime/WebBrowserWidget/Content/WebTexture_TM.uasset' has been saved with empty engine version. The asset will be loaded but may be incompatible.
[2020.03.01-05.12.47:637][  0]SourceControl: Source control is disabled
[2020.03.01-05.12.47:647][  0]SourceControl: Source control is disabled
[2020.03.01-05.12.47:827][  0]SourceControl: Source control is disabled
[2020.03.01-05.12.47:862][  0]SourceControl: Source control is disabled
[2020.03.01-05.12.47:894][  0]SourceControl: Source control is disabled
[2020.03.01-05.12.49:430][  0]LogAndroidPermission: UAndroidPermissionCallbackProxy::GetInstance
[2020.03.01-05.12.49:602][  0]LogAudioCaptureCore: Display: No Audio Capture implementations found. Audio input will be silent.
[2020.03.01-05.12.49:602][  0]LogAudioCaptureCore: Display: No Audio Capture implementations found. Audio input will be silent.
[2020.03.01-05.12.50:293][  0]LogOcInput: OculusInput pre-init called
[2020.03.01-05.12.52:277][  0]LogEngine: Initializing Engine...
[2020.03.01-05.12.52:327][  0]LogHMD: Failed to initialize OpenVR with code 126
[2020.03.01-05.12.52:509][  0]LogStats: UGameplayTagsManager::InitializeManager -  0.158 s
[2020.03.01-05.12.53:744][  0]LogInit: Initializing FReadOnlyCVARCache
[2020.03.01-05.12.54:168][  0]LogAIModule: Creating AISystem for world Untitled
[2020.03.01-05.12.54:334][  0]LogAudioMixer: Display: Audio Mixer Platform Settings:
[2020.03.01-05.12.54:334][  0]LogAudioMixer: Display: 	Sample Rate:						  48000
[2020.03.01-05.12.54:334][  0]LogAudioMixer: Display: 	Callback Buffer Frame Size Requested: 1024
[2020.03.01-05.12.54:335][  0]LogAudioMixer: Display: 	Callback Buffer Frame Size To Use:	  1024
[2020.03.01-05.12.54:335][  0]LogAudioMixer: Display: 	Number of buffers to queue:			  2
[2020.03.01-05.12.54:335][  0]LogAudioMixer: Display: 	Max Channels (voices):				  32
[2020.03.01-05.12.54:335][  0]LogAudioMixer: Display: 	Number of Async Source Workers:		  0
[2020.03.01-05.12.54:335][  0]LogAudio: Display: AudioDevice MaxSources: 32
[2020.03.01-05.12.54:384][  0]LogAudio: Display: Using built-in audio occlusion.
[2020.03.01-05.12.54:384][  0]LogAudioMixer: Display: Initializing audio mixer.
[2020.03.01-05.12.54:466][  0]LogAudioMixer: Display: Audio Device Output Speaker Info:
[2020.03.01-05.12.54:466][  0]LogAudioMixer: Display: Name: Speakers (Realtek High Definition Audio)
[2020.03.01-05.12.54:466][  0]LogAudioMixer: Display: Is Default: Yes
[2020.03.01-05.12.54:466][  0]LogAudioMixer: Display: Sample Rate: 48000
[2020.03.01-05.12.54:466][  0]LogAudioMixer: Display: Channel Count Used: 2
[2020.03.01-05.12.54:466][  0]LogAudioMixer: Display: Device Channel Count: 2
[2020.03.01-05.12.54:466][  0]LogAudioMixer: Display: Channel Order:
[2020.03.01-05.12.54:466][  0]LogAudioMixer: Display: 0: FrontLeft
[2020.03.01-05.12.54:466][  0]LogAudioMixer: Display: 1: FrontRight
[2020.03.01-05.12.54:515][  0]LogAudioMixer: Display: Using Audio Device Speakers (Realtek High Definition Audio)
[2020.03.01-05.12.54:559][  0]LogInit: FAudioDevice initialized.
[2020.03.01-05.12.54:559][  0]LogNetVersion: Set ProjectVersion to 2.0. Version Checksum will be recalculated on next use.
[2020.03.01-05.12.54:717][  0]LogDerivedDataCache: Saved boot cache 0.16s 103MB C:/Users/Ralphy/AppData/Local/UnrealEngine/4.24/DerivedDataCache/Boot.ddc.
[2020.03.01-05.12.54:723][  0]LogInit: Texture streaming: Disabled
[2020.03.01-05.12.54:771][  0]LogEngineSessionManager: EngineSessionManager initialized
[2020.03.01-05.12.54:771][  0]LogEngineSessionManager: EngineSessionManager sent abnormal shutdown report. Type=AbnormalShutdown, SessionId={3012F58D-4538-41DC-2045-2EAA76CD081D}
[2020.03.01-05.12.54:771][  0]LogEditorSessionSummary: Verbose: Initializing EditorSessionSummaryWriter for editor session tracking
[2020.03.01-05.12.54:772][  0]LogEditorSessionSummary: EditorSessionSummaryWriter initialized
[2020.03.01-05.12.55:187][  0]LogInit: Transaction tracking system initialized
[2020.03.01-05.12.56:559][  0]BlueprintLog: New page: Editor Load
[2020.03.01-05.12.58:129][  0]LocalizationService: Localization service is disabled
[2020.03.01-05.13.08:179][  0]LogFileCache: Scanning file cache for directory 'D:/GitHub/Le-VR-Project/Content/' took 0.04s
[2020.03.01-05.13.08:179][  0]LogCook: Display: Max memory allowance for cook 16384mb min free memory 0mb
[2020.03.01-05.13.08:179][  0]LogCook: Display: Mobile HDR setting 1
[2020.03.01-05.13.21:758][  0]SourceControl: Source control is disabled
[2020.03.01-05.13.21:806][  0]Cmd: MAP LOAD FILE="../../../../../GitHub/Le-VR-Project/Content/AVRFramework/Experiences/Demospace/Maps/Streaming/Map_Demo_Menu.umap" TEMPLATE=0 SHOWPROGRESS=1 FEATURELEVEL=3
[2020.03.01-05.13.21:967][  0]LightingResults: New page: Lighting Build
[2020.03.01-05.13.22:064][  0]LogWorld: UWorld::CleanupWorld for Untitled, bSessionEnded=true, bCleanupResources=true
[2020.03.01-05.13.22:084][  0]LogSlate: InvalidateAllWidgets triggered.  All widgets were invalidated
[2020.03.01-05.13.22:087][  0]MapCheck: New page: Map Check
[2020.03.01-05.13.22:088][  0]LightingResults: New page: Lighting Build
[2020.03.01-05.13.22:381][  0]LogUObjectHash: Compacting FUObjectHashTables data took   1.78ms
[2020.03.01-05.13.36:228][  0]LogBlueprint: Warning: [Compiler BP_Pawn_VR] GetInputAxisKey Value specifies FKey'MotionController_Left_Thumbstick_X' which has been deprecated for  Get MotionController (L) Thumbstick X
[2020.03.01-05.13.36:228][  0]LogBlueprint: Warning: [Compiler BP_Pawn_VR] GetInputAxisKey Value specifies FKey'MotionController_Right_Thumbstick_X' which has been deprecated for  Get MotionController (R) Thumbstick X
[2020.03.01-05.13.36:228][  0]LogBlueprint: Warning: [Compiler BP_Pawn_VR] GetInputAxisKey Value specifies FKey'MotionController_Left_Thumbstick_Y' which has been deprecated for  Get MotionController (L) Thumbstick Y
[2020.03.01-05.13.36:228][  0]LogBlueprint: Warning: [Compiler BP_Pawn_VR] GetInputAxisKey Value specifies FKey'MotionController_Right_Thumbstick_Y' which has been deprecated for  Get MotionController (R) Thumbstick Y
[2020.03.01-05.13.36:229][  0]LogBlueprint: Warning: [Compiler BP_Pawn_VR] InputAxisKey Event specifies FKey'MotionController_Right_TriggerAxis' which has been deprecated for  MotionController (R) TriggerAxis
[2020.03.01-05.13.36:229][  0]LogBlueprint: Warning: [Compiler BP_Pawn_VR] InputAxisKey Event specifies FKey'MotionController_Left_TriggerAxis' which has been deprecated for  MotionController (L) TriggerAxis
[2020.03.01-05.13.36:230][  0]LogBlueprint: Warning: [Compiler BP_Pawn_VR] InputKey Event specifies FKey'MotionController_Right_Thumbstick' which has been deprecated for  MotionController (R) Thumbstick
[2020.03.01-05.13.36:230][  0]LogBlueprint: Warning: [Compiler BP_Pawn_VR] InputAxisKey Event specifies FKey'MotionController_Right_Grip1Axis' which has been deprecated for  MotionController (R) Grip1 Axis
[2020.03.01-05.13.36:231][  0]LogBlueprint: Warning: [Compiler BP_Pawn_VR] InputAxisKey Event specifies FKey'OculusTouch_Right_ThumbUp' that is not blueprint bindable for  Oculus Touch (R) Thumb Up CapTouch
[2020.03.01-05.13.36:231][  0]LogBlueprint: Warning: [Compiler BP_Pawn_VR] InputAxisKey Event specifies FKey'OculusTouch_Right_IndexPointing' that is not blueprint bindable for  Oculus Touch (R) Pointing CapTouch
[2020.03.01-05.13.36:231][  0]LogBlueprint: Warning: [Compiler BP_Pawn_VR] InputAxisKey Event specifies FKey'MotionController_Left_Grip1Axis' which has been deprecated for  MotionController (L) Grip1 Axis
[2020.03.01-05.13.36:231][  0]LogBlueprint: Warning: [Compiler BP_Pawn_VR] InputAxisKey Event specifies FKey'OculusTouch_Left_ThumbUp' that is not blueprint bindable for  Oculus Touch (L) Thumb Up CapTouch
[2020.03.01-05.13.36:231][  0]LogBlueprint: Warning: [Compiler BP_Pawn_VR] InputAxisKey Event specifies FKey'OculusTouch_Left_IndexPointing' that is not blueprint bindable for  Oculus Touch (L) Pointing CapTouch
[2020.03.01-05.13.36:231][  0]LogBlueprint: Warning: [Compiler BP_Pawn_VR] InputKey Event specifies FKey'MotionController_Right_FaceButton4' which has been deprecated for  MotionController (R) FaceButton4
[2020.03.01-05.13.36:231][  0]LogBlueprint: Warning: [Compiler BP_Pawn_VR] InputKey Event specifies FKey'MotionController_Left_FaceButton4' which has been deprecated for  MotionController (L) FaceButton4
[2020.03.01-05.13.36:231][  0]LogBlueprint: Warning: [Compiler BP_Pawn_VR] InputKey Event specifies FKey'MotionController_Right_FaceButton2' which has been deprecated for  MotionController (R) FaceButton2
[2020.03.01-05.13.36:231][  0]LogBlueprint: Warning: [Compiler BP_Pawn_VR] InputKey Event specifies FKey'MotionController_Left_FaceButton2' which has been deprecated for  MotionController (L) FaceButton2
[2020.03.01-05.13.36:231][  0]LogBlueprint: Warning: [Compiler BP_Pawn_VR] InputKey Event specifies FKey'MotionController_Left_FaceButton1' which has been deprecated for  MotionController (L) FaceButton1
[2020.03.01-05.13.36:231][  0]LogBlueprint: Warning: [Compiler BP_Pawn_VR] InputKey Event specifies FKey'MotionController_Right_FaceButton3' which has been deprecated for  MotionController (R) FaceButton3
[2020.03.01-05.13.36:232][  0]LogBlueprint: Warning: [Compiler BP_Pawn_VR] InputKey Event specifies FKey'MotionController_Left_FaceButton3' which has been deprecated for  MotionController (L) FaceButton3
[2020.03.01-05.13.36:232][  0]LogBlueprint: Warning: [Compiler BP_Pawn_VR] InputKey Event specifies FKey'MotionController_Right_FaceButton1' which has been deprecated for  MotionController (R) FaceButton1
[2020.03.01-05.13.36:232][  0]LogBlueprint: Warning: [Compiler BP_Pawn_VR] InputKey Event specifies FKey'MotionController_Left_Trigger' which has been deprecated for  MotionController (L) Trigger
[2020.03.01-05.13.36:232][  0]LogBlueprint: Warning: [Compiler BP_Pawn_VR] InputKey Event specifies FKey'MotionController_Right_Trigger' which has been deprecated for  MotionController (R) Trigger
[2020.03.01-05.13.36:232][  0]LogBlueprint: Warning: [Compiler BP_Pawn_VR] InputKey Event specifies FKey'MotionController_Right_Grip1' which has been deprecated for  MotionController (R) Grip1
[2020.03.01-05.13.36:232][  0]LogBlueprint: Warning: [Compiler BP_Pawn_VR] InputKey Event specifies FKey'MotionController_Left_Grip1' which has been deprecated for  MotionController (L) Grip1
[2020.03.01-05.13.36:232][  0]LogBlueprint: Warning: [Compiler BP_Pawn_VR] InputKey Event specifies FKey'MotionController_Right_Shoulder' which has been deprecated for  MotionController (R) Shoulder
[2020.03.01-05.13.36:232][  0]LogBlueprint: Warning: [Compiler BP_Pawn_VR] InputKey Event specifies FKey'MotionController_Left_Shoulder' which has been deprecated for  MotionController (L) Shoulder
[2020.03.01-05.13.36:232][  0]LogBlueprint: Warning: [Compiler BP_Pawn_VR] InputKey Event specifies FKey'MotionController_Left_Thumbstick' which has been deprecated for  MotionController (L) Thumbstick
[2020.03.01-05.13.36:232][  0]LogBlueprint: Warning: [Compiler BP_Pawn_VR] GetInputAxisKey Value specifies FKey'MotionController_Right_Thumbstick_X' which has been deprecated for  Get MotionController (R) Thumbstick X
[2020.03.01-05.13.36:232][  0]LogBlueprint: Warning: [Compiler BP_Pawn_VR] GetInputAxisKey Value specifies FKey'MotionController_Right_Thumbstick_Y' which has been deprecated for  Get MotionController (R) Thumbstick Y
[2020.03.01-05.13.36:232][  0]LogBlueprint: Warning: [Compiler BP_Pawn_VR] GetInputAxisKey Value specifies FKey'MotionController_Left_Thumbstick_X' which has been deprecated for  Get MotionController (L) Thumbstick X
[2020.03.01-05.13.36:232][  0]LogBlueprint: Warning: [Compiler BP_Pawn_VR] GetInputAxisKey Value specifies FKey'MotionController_Left_Thumbstick_Y' which has been deprecated for  Get MotionController (L) Thumbstick Y
[2020.03.01-05.14.02:233][  0]LogAIModule: Creating AISystem for world Map_Demo_Menu
[2020.03.01-05.14.02:803][  0]LogEditorServer: Finished looking for orphan Actors (0.000 secs)
[2020.03.01-05.14.03:172][  0]LogUObjectHash: Compacting FUObjectHashTables data took  10.75ms
[2020.03.01-05.14.03:174][  0]Cmd: MAP CHECKDEP NOCLEARLOG
[2020.03.01-05.14.03:175][  0]MapCheck: Map check complete: 0 Error(s), 0 Warning(s), took 0.317ms to complete.
[2020.03.01-05.14.03:175][  0]LogFileHelpers: Loading map 'Map_Demo_Menu' took 41.385
[2020.03.01-05.14.05:219][  0]LogSlate: Updating window title bar state: overlay mode, drag disabled, window buttons hidden, title bar hidden
[2020.03.01-05.14.05:237][  0]LogSlate: Updating window title bar state: overlay mode, drag disabled, window buttons hidden, title bar hidden
[2020.03.01-05.14.05:244][  0]LogSlate: Updating window title bar state: overlay mode, drag disabled, window buttons hidden, title bar hidden
[2020.03.01-05.14.05:250][  0]LogSlate: Updating window title bar state: overlay mode, drag disabled, window buttons hidden, title bar hidden
[2020.03.01-05.14.05:462][  0]LogCollectionManager: Loaded 0 collections in 0.002157 seconds
[2020.03.01-05.14.05:636][  0]LogFileCache: Scanning file cache for directory 'D:/GitHub/Le-VR-Project/Saved/Collections/' took 0.00s
[2020.03.01-05.14.05:636][  0]LogFileCache: Scanning file cache for directory 'D:/GitHub/Le-VR-Project/Content/Developers/Ralphy/Collections/' took 0.00s
[2020.03.01-05.14.05:636][  0]LogFileCache: Scanning file cache for directory 'D:/GitHub/Le-VR-Project/Content/Collections/' took 0.00s
[2020.03.01-05.14.05:636][  0]LogContentBrowser: Native class hierarchy populated in 0.0086 seconds. Added 3031 classes and 733 folders.
[2020.03.01-05.14.05:708][  0]LogContentBrowser: Native class hierarchy updated for 'WidgetCarousel' in 0.0003 seconds. Added 0 classes and 0 folders.
[2020.03.01-05.14.07:336][  0]LogContentBrowser: Native class hierarchy updated for 'AddContentDialog' in 0.0003 seconds. Added 0 classes and 0 folders.
[2020.03.01-05.14.08:421][  0]LogSlate: Took 0.024170 seconds to synchronously load lazily loaded font '../../../Engine/Content/Slate/Fonts/Roboto-Regular.ttf' (155K)
[2020.03.01-05.14.08:463][  0]LogSlate: Took 0.030421 seconds to synchronously load lazily loaded font '../../../Engine/Content/Slate/Fonts/Roboto-Bold.ttf' (160K)
[2020.03.01-05.14.08:507][  0]LogSlate: Took 0.020732 seconds to synchronously load lazily loaded font '../../../Engine/Content/Editor/Slate/Fonts/FontAwesome.ttf' (139K)
[2020.03.01-05.14.09:099][  0]LogRenderer: Reallocating scene render targets to support 1020x576 Format 10 NumSamples 1 (Frame:1).
[2020.03.01-05.14.10:048][  0]LogContentBrowser: Native class hierarchy updated for 'HierarchicalLODOutliner' in 0.0003 seconds. Added 0 classes and 0 folders.
[2020.03.01-05.14.10:048][  0]LogLoad: (Engine Initialization) Total time: 287.05 seconds
[2020.03.01-05.14.10:048][  0]LogLoad: (Engine Initialization) Total Blueprint compile time: 0.00 seconds
[2020.03.01-05.14.10:261][  0]LogSlate: Took 0.021264 seconds to synchronously load lazily loaded font '../../../Engine/Content/Slate/Fonts/Roboto-Light.ttf' (167K)
[2020.03.01-05.14.10:317][  0]LogSlate: Took 0.000194 seconds to synchronously load lazily loaded font '../../../Engine/Content/Slate/Fonts/Roboto-Light.ttf' (167K)
[2020.03.01-05.14.16:124][ 87]LogAssetRegistry: Asset discovery search completed in 171.2142 seconds
[2020.03.01-05.14.16:129][ 87]LogCollectionManager: Fixed up redirectors for 0 collections in 0.000017 seconds (updated 0 objects)
[2020.03.01-05.14.31:920][167]LogTemp: Repeating last play command: Selected Viewport
[2020.03.01-05.14.31:951][167]LogBlueprintUserMessages: Early PlayInEditor Detection: Level '/Game/AVRFramework/Experiences/Demospace/Maps/Streaming/Map_Demo_Menu.Map_Demo_Menu:PersistentLevel' has LevelScriptBlueprint '/Game/AVRFramework/Experiences/Demospace/Maps/Streaming/Map_Demo_Menu.Map_Demo_Menu:PersistentLevel.Map_Demo_Menu' with GeneratedClass '/Game/AVRFramework/Experiences/Demospace/Maps/Streaming/Map_Demo_Menu.Map_Demo_Menu_C' with ClassGeneratedBy '/Game/AVRFramework/Experiences/Demospace/Maps/Streaming/Map_Demo_Menu.Map_Demo_Menu:PersistentLevel.Map_Demo_Menu'
[2020.03.01-05.14.31:951][167]LogPlayLevel: PlayLevel: No blueprints needed recompiling
[2020.03.01-05.14.31:993][167]PIE: New page: PIE session: Map_Demo_Menu (Feb 29, 2020, 1:14:31 PM)
[2020.03.01-05.14.32:027][167]LogOnline: OSS: Creating online subsystem instance for: NULL
[2020.03.01-05.14.32:035][167]LogOnline: OSS: TryLoadSubsystemAndSetDefault: Loaded subsystem for module [NULL]
[2020.03.01-05.14.32:035][167]LogPlayLevel: Creating play world package: /Game/AVRFramework/Experiences/Demospace/Maps/Streaming/UEDPIE_0_Map_Demo_Menu
[2020.03.01-05.14.32:057][167]LogPlayLevel: PIE: StaticDuplicateObject took: (0.009985s)
[2020.03.01-05.14.32:082][167]LogAIModule: Creating AISystem for world Map_Demo_Menu
[2020.03.01-05.14.32:090][167]LogPlayLevel: PIE: World Init took: (0.033455s)
[2020.03.01-05.14.32:090][167]LogPlayLevel: PIE: Created PIE world by copying editor world from /Game/AVRFramework/Experiences/Demospace/Maps/Streaming/Map_Demo_Menu.Map_Demo_Menu to /Game/AVRFramework/Experiences/Demospace/Maps/Streaming/UEDPIE_0_Map_Demo_Menu.Map_Demo_Menu (0.054707s)
[2020.03.01-05.14.32:119][167]LogUObjectHash: Compacting FUObjectHashTables data took   2.88ms
[2020.03.01-05.14.32:121][167]LogAudioMixer: Display: Audio Mixer Platform Settings:
[2020.03.01-05.14.32:121][167]LogAudioMixer: Display: 	Sample Rate:						  48000
[2020.03.01-05.14.32:121][167]LogAudioMixer: Display: 	Callback Buffer Frame Size Requested: 1024
[2020.03.01-05.14.32:121][167]LogAudioMixer: Display: 	Callback Buffer Frame Size To Use:	  1024
[2020.03.01-05.14.32:121][167]LogAudioMixer: Display: 	Number of buffers to queue:			  2
[2020.03.01-05.14.32:121][167]LogAudioMixer: Display: 	Max Channels (voices):				  32
[2020.03.01-05.14.32:121][167]LogAudioMixer: Display: 	Number of Async Source Workers:		  0
[2020.03.01-05.14.32:121][167]LogAudio: Display: AudioDevice MaxSources: 32
[2020.03.01-05.14.32:122][167]LogAudio: Display: Using built-in audio occlusion.
[2020.03.01-05.14.32:122][167]LogAudioMixer: Display: Initializing audio mixer.
[2020.03.01-05.14.32:159][167]LogAudioMixer: Display: Audio Device Output Speaker Info:
[2020.03.01-05.14.32:159][167]LogAudioMixer: Display: Name: Speakers (Realtek High Definition Audio)
[2020.03.01-05.14.32:159][167]LogAudioMixer: Display: Is Default: Yes
[2020.03.01-05.14.32:159][167]LogAudioMixer: Display: Sample Rate: 48000
[2020.03.01-05.14.32:159][167]LogAudioMixer: Display: Channel Count Used: 2
[2020.03.01-05.14.32:159][167]LogAudioMixer: Display: Device Channel Count: 2
[2020.03.01-05.14.32:159][167]LogAudioMixer: Display: Channel Order:
[2020.03.01-05.14.32:159][167]LogAudioMixer: Display: 0: FrontLeft
[2020.03.01-05.14.32:159][167]LogAudioMixer: Display: 1: FrontRight
[2020.03.01-05.14.32:183][167]LogAudioMixer: Display: Using Audio Device Speakers (Realtek High Definition Audio)
[2020.03.01-05.14.32:185][167]LogInit: FAudioDevice initialized.
[2020.03.01-05.14.32:217][167]LogLoad: Game class is 'BP_GameMode_Demo_C'
[2020.03.01-05.14.32:245][167]LogWorld: Bringing World /Game/AVRFramework/Experiences/Demospace/Maps/Streaming/UEDPIE_0_Map_Demo_Menu.Map_Demo_Menu up for play (max tick rate 0) at 2020.02.29-21.14.32
[2020.03.01-05.14.32:263][167]LogWorld: Bringing up level for play took: 0.019659
[2020.03.01-05.14.32:263][167]LogOnline: OSS: Creating online subsystem instance for: :Context_1
[2020.03.01-05.14.32:312][167]LogContentBrowser: Native class hierarchy updated for 'MovieSceneCapture' in 0.0004 seconds. Added 20 classes and 0 folders.
[2020.03.01-05.14.32:312][167]LogGameMode: Display: Match State Changed from EnteringMap to WaitingToStart
[2020.03.01-05.14.32:312][167]LogGameState: Match State Changed from EnteringMap to WaitingToStart
[2020.03.01-05.14.32:312][167]LogGameMode: Display: Match State Changed from WaitingToStart to InProgress
[2020.03.01-05.14.32:414][167]LogSlate: New Slate User Created.  User Index 8, Is Virtual User: 1
[2020.03.01-05.14.32:414][167]LogSlate: Slate User Registered.  User Index 8, Is Virtual User: 1
[2020.03.01-05.14.32:534][167]LogLevel: Warning: Failed to find streaming level object associated with 'Map_Pause'
[2020.03.01-05.14.32:534][167]LogGameState: Match State Changed from WaitingToStart to InProgress
[2020.03.01-05.14.32:534][167]PIE: Play in editor start time for /Game/AVRFramework/Experiences/Demospace/Maps/Streaming/UEDPIE_0_Map_Demo_Menu 0.315
[2020.03.01-05.14.32:534][167]LogBlueprintUserMessages: Late PlayInEditor Detection: Level '/Game/AVRFramework/Experiences/Demospace/Maps/Streaming/Map_Demo_Menu.Map_Demo_Menu:PersistentLevel' has LevelScriptBlueprint '/Game/AVRFramework/Experiences/Demospace/Maps/Streaming/Map_Demo_Menu.Map_Demo_Menu:PersistentLevel.Map_Demo_Menu' with GeneratedClass '/Game/AVRFramework/Experiences/Demospace/Maps/Streaming/Map_Demo_Menu.Map_Demo_Menu_C' with ClassGeneratedBy '/Game/AVRFramework/Experiences/Demospace/Maps/Streaming/Map_Demo_Menu.Map_Demo_Menu:PersistentLevel.Map_Demo_Menu'
[2020.03.01-05.14.32:535][167]LogLevelStreaming: Display: FStreamLevelAction::UpdateOperation() LevelName Map_Pause, bIsLevelValid 0
[2020.03.01-05.14.44:055][503]LogAudioMixer: Display: No commands were queued while flushing the source manager.
[2020.03.01-05.14.44:066][503]LogAudioMixer: Display: Flush succeeded in the source manager command queue (1).
[2020.03.01-05.14.44:086][503]LogAudioMixer: Display: Flush succeeded the source manager command queue (2).
[2020.03.01-05.14.44:086][503]LogBlueprintUserMessages: Early EndPlayMap Detection: Level '/Game/AVRFramework/Experiences/Demospace/Maps/Streaming/Map_Demo_Menu.Map_Demo_Menu:PersistentLevel' has LevelScriptBlueprint '/Game/AVRFramework/Experiences/Demospace/Maps/Streaming/Map_Demo_Menu.Map_Demo_Menu:PersistentLevel.Map_Demo_Menu' with GeneratedClass '/Game/AVRFramework/Experiences/Demospace/Maps/Streaming/Map_Demo_Menu.Map_Demo_Menu_C' with ClassGeneratedBy '/Game/AVRFramework/Experiences/Demospace/Maps/Streaming/Map_Demo_Menu.Map_Demo_Menu:PersistentLevel.Map_Demo_Menu'
[2020.03.01-05.14.44:086][503]LogSlate: Updating window title bar state: overlay mode, drag disabled, window buttons hidden, title bar hidden
[2020.03.01-05.14.44:086][503]LogWorld: BeginTearingDown for /Game/AVRFramework/Experiences/Demospace/Maps/Streaming/UEDPIE_0_Map_Demo_Menu
[2020.03.01-05.14.44:087][503]LogAudioMixer: Display: No commands were queued while flushing the source manager.
[2020.03.01-05.14.44:118][503]LogWorld: UWorld::CleanupWorld for Map_Demo_Menu, bSessionEnded=true, bCleanupResources=true
[2020.03.01-05.14.44:119][503]LogSlate: InvalidateAllWidgets triggered.  All widgets were invalidated
[2020.03.01-05.14.44:127][503]LogPlayLevel: Display: Shutting down PIE online subsystems
[2020.03.01-05.14.44:127][503]LogBlueprintUserMessages: Late EndPlayMap Detection: Level '/Game/AVRFramework/Experiences/Demospace/Maps/Streaming/Map_Demo_Menu.Map_Demo_Menu:PersistentLevel' has LevelScriptBlueprint '/Game/AVRFramework/Experiences/Demospace/Maps/Streaming/Map_Demo_Menu.Map_Demo_Menu:PersistentLevel.Map_Demo_Menu' with GeneratedClass '/Game/AVRFramework/Experiences/Demospace/Maps/Streaming/Map_Demo_Menu.Map_Demo_Menu_C' with ClassGeneratedBy '/Game/AVRFramework/Experiences/Demospace/Maps/Streaming/Map_Demo_Menu.Map_Demo_Menu:PersistentLevel.Map_Demo_Menu'
[2020.03.01-05.14.44:134][503]LogSlate: InvalidateAllWidgets triggered.  All widgets were invalidated
[2020.03.01-05.14.44:197][503]LogAudioMixer: Display: No commands were queued while flushing the source manager.
[2020.03.01-05.14.44:200][503]LogSlate: Updating window title bar state: overlay mode, drag disabled, window buttons hidden, title bar hidden
[2020.03.01-05.14.44:215][503]LogSlate: Slate User Unregistered.  User Index 8
[2020.03.01-05.14.44:215][503]LogSlate: Slate User Destroyed.  User Index 8, Is Virtual User: 1
[2020.03.01-05.14.44:245][503]LogUObjectHash: Compacting FUObjectHashTables data took   3.58ms
[2020.03.01-05.14.44:262][504]LogPlayLevel: Display: Destroying online subsystem :Context_1
[2020.03.01-05.15.02:151][ 39]LogAIModule: Creating AISystem for world BlockoutV3
[2020.03.01-05.15.02:190][ 39]LogAssetEditorSubsystem: Opening Asset editor for World /Game/Areiazo/Maps/BlockoutV3.BlockoutV3
[2020.03.01-05.15.02:240][ 39]LogUObjectHash: Compacting FUObjectHashTables data took   4.48ms
[2020.03.01-05.15.02:259][ 39]Cmd: MAP LOAD FILE="../../../../../GitHub/Le-VR-Project/Content/Areiazo/Maps/BlockoutV3.umap" TEMPLATE=0 SHOWPROGRESS=1 FEATURELEVEL=3
[2020.03.01-05.15.02:260][ 39]LightingResults: New page: Lighting Build
[2020.03.01-05.15.02:260][ 39]LoadErrors: New page: Loading map: BlockoutV3.umap
[2020.03.01-05.15.02:261][ 39]LogWorld: UWorld::CleanupWorld for Map_Demo_Menu, bSessionEnded=true, bCleanupResources=true
[2020.03.01-05.15.02:261][ 39]LogSlate: InvalidateAllWidgets triggered.  All widgets were invalidated
[2020.03.01-05.15.02:296][ 39]MapCheck: New page: Map Check
[2020.03.01-05.15.02:296][ 39]LightingResults: New page: Lighting Build
[2020.03.01-05.15.02:328][ 39]LogUObjectHash: Compacting FUObjectHashTables data took   4.48ms
[2020.03.01-05.15.02:720][ 39]LogEditorServer: Finished looking for orphan Actors (0.000 secs)
[2020.03.01-05.15.02:761][ 39]LogUObjectHash: Compacting FUObjectHashTables data took   3.38ms
[2020.03.01-05.15.02:780][ 39]Cmd: MAP CHECKDEP NOCLEARLOG
[2020.03.01-05.15.02:780][ 39]MapCheck: Map check complete: 0 Error(s), 0 Warning(s), took 0.082ms to complete.
[2020.03.01-05.15.02:780][ 39]LogFileHelpers: Loading map 'BlockoutV3' took 0.528
[2020.03.01-05.15.08:230][593]LogTemp: Repeating last play command: Selected Viewport
[2020.03.01-05.15.08:242][593]LogBlueprintUserMessages: Early PlayInEditor Detection: Level '/Game/Areiazo/Maps/BlockoutV3.BlockoutV3:PersistentLevel' has LevelScriptBlueprint '/Game/Areiazo/Maps/BlockoutV3.BlockoutV3:PersistentLevel.BlockoutV3' with GeneratedClass '/Game/Areiazo/Maps/BlockoutV3.BlockoutV3_C' with ClassGeneratedBy '/Game/Areiazo/Maps/BlockoutV3.BlockoutV3:PersistentLevel.BlockoutV3'
[2020.03.01-05.15.08:242][593]LogPlayLevel: PlayLevel: No blueprints needed recompiling
[2020.03.01-05.15.08:242][593]PIE: New page: PIE session: BlockoutV3 (Feb 29, 2020, 1:15:08 PM)
[2020.03.01-05.15.08:243][593]LogPlayLevel: Creating play world package: /Game/Areiazo/Maps/UEDPIE_0_BlockoutV3
[2020.03.01-05.15.08:264][593]LogPlayLevel: PIE: StaticDuplicateObject took: (0.020961s)
[2020.03.01-05.15.08:265][593]LogAIModule: Creating AISystem for world BlockoutV3
[2020.03.01-05.15.08:265][593]LogPlayLevel: PIE: World Init took: (0.001045s)
[2020.03.01-05.15.08:265][593]LogPlayLevel: PIE: Created PIE world by copying editor world from /Game/Areiazo/Maps/BlockoutV3.BlockoutV3 to /Game/Areiazo/Maps/UEDPIE_0_BlockoutV3.BlockoutV3 (0.022183s)
[2020.03.01-05.15.08:293][593]LogUObjectHash: Compacting FUObjectHashTables data took   2.69ms
[2020.03.01-05.15.08:295][593]LogAudioMixer: Display: Audio Mixer Platform Settings:
[2020.03.01-05.15.08:295][593]LogAudioMixer: Display: 	Sample Rate:						  48000
[2020.03.01-05.15.08:295][593]LogAudioMixer: Display: 	Callback Buffer Frame Size Requested: 1024
[2020.03.01-05.15.08:295][593]LogAudioMixer: Display: 	Callback Buffer Frame Size To Use:	  1024
[2020.03.01-05.15.08:295][593]LogAudioMixer: Display: 	Number of buffers to queue:			  2
[2020.03.01-05.15.08:295][593]LogAudioMixer: Display: 	Max Channels (voices):				  32
[2020.03.01-05.15.08:295][593]LogAudioMixer: Display: 	Number of Async Source Workers:		  0
[2020.03.01-05.15.08:295][593]LogAudio: Display: AudioDevice MaxSources: 32
[2020.03.01-05.15.08:295][593]LogAudio: Display: Using built-in audio occlusion.
[2020.03.01-05.15.08:295][593]LogAudioMixer: Display: Initializing audio mixer.
[2020.03.01-05.15.08:330][593]LogAudioMixer: Display: Audio Device Output Speaker Info:
[2020.03.01-05.15.08:330][593]LogAudioMixer: Display: Name: Speakers (Realtek High Definition Audio)
[2020.03.01-05.15.08:330][593]LogAudioMixer: Display: Is Default: Yes
[2020.03.01-05.15.08:330][593]LogAudioMixer: Display: Sample Rate: 48000
[2020.03.01-05.15.08:331][593]LogAudioMixer: Display: Channel Count Used: 2
[2020.03.01-05.15.08:331][593]LogAudioMixer: Display: Device Channel Count: 2
[2020.03.01-05.15.08:331][593]LogAudioMixer: Display: Channel Order:
[2020.03.01-05.15.08:331][593]LogAudioMixer: Display: 0: FrontLeft
[2020.03.01-05.15.08:331][593]LogAudioMixer: Display: 1: FrontRight
[2020.03.01-05.15.08:354][593]LogAudioMixer: Display: Using Audio Device Speakers (Realtek High Definition Audio)
[2020.03.01-05.15.08:355][593]LogInit: FAudioDevice initialized.
[2020.03.01-05.15.08:360][593]LogLoad: Game class is 'BP_GameMode_Areiazo_C'
[2020.03.01-05.15.08:363][593]LogWorld: Bringing World /Game/Areiazo/Maps/UEDPIE_0_BlockoutV3.BlockoutV3 up for play (max tick rate 0) at 2020.02.29-21.15.08
[2020.03.01-05.15.08:364][593]LogWorld: Bringing up level for play took: 0.002621
[2020.03.01-05.15.08:364][593]LogOnline: OSS: Creating online subsystem instance for: :Context_2
[2020.03.01-05.15.08:366][593]LogGameMode: Display: Match State Changed from EnteringMap to WaitingToStart
[2020.03.01-05.15.08:366][593]LogGameState: Match State Changed from EnteringMap to WaitingToStart
[2020.03.01-05.15.08:366][593]LogGameMode: Display: Match State Changed from WaitingToStart to InProgress
[2020.03.01-05.15.08:366][593]LogLevel: Warning: Failed to find streaming level object associated with 'Map_Pause'
[2020.03.01-05.15.08:366][593]LogGameState: Match State Changed from WaitingToStart to InProgress
[2020.03.01-05.15.08:366][593]PIE: Play in editor start time for /Game/Areiazo/Maps/UEDPIE_0_BlockoutV3 0.147
[2020.03.01-05.15.08:366][593]LogBlueprintUserMessages: Late PlayInEditor Detection: Level '/Game/Areiazo/Maps/BlockoutV3.BlockoutV3:PersistentLevel' has LevelScriptBlueprint '/Game/Areiazo/Maps/BlockoutV3.BlockoutV3:PersistentLevel.BlockoutV3' with GeneratedClass '/Game/Areiazo/Maps/BlockoutV3.BlockoutV3_C' with ClassGeneratedBy '/Game/Areiazo/Maps/BlockoutV3.BlockoutV3:PersistentLevel.BlockoutV3'
[2020.03.01-05.15.08:367][593]LogLevelStreaming: Display: FStreamLevelAction::UpdateOperation() LevelName Map_Pause, bIsLevelValid 0
[2020.03.01-05.15.26:227][725]LogAudioMixer: Display: No commands were queued while flushing the source manager.
[2020.03.01-05.15.26:227][725]LogAudioMixer: Display: No commands were queued while flushing the source manager.
[2020.03.01-05.15.26:227][725]LogBlueprintUserMessages: Early EndPlayMap Detection: Level '/Game/Areiazo/Maps/BlockoutV3.BlockoutV3:PersistentLevel' has LevelScriptBlueprint '/Game/Areiazo/Maps/BlockoutV3.BlockoutV3:PersistentLevel.BlockoutV3' with GeneratedClass '/Game/Areiazo/Maps/BlockoutV3.BlockoutV3_C' with ClassGeneratedBy '/Game/Areiazo/Maps/BlockoutV3.BlockoutV3:PersistentLevel.BlockoutV3'
[2020.03.01-05.15.26:227][725]LogSlate: Updating window title bar state: overlay mode, drag disabled, window buttons hidden, title bar hidden
[2020.03.01-05.15.26:227][725]LogWorld: BeginTearingDown for /Game/Areiazo/Maps/UEDPIE_0_BlockoutV3
[2020.03.01-05.15.26:227][725]LogAudioMixer: Display: No commands were queued while flushing the source manager.
[2020.03.01-05.15.26:228][725]LogWorld: UWorld::CleanupWorld for BlockoutV3, bSessionEnded=true, bCleanupResources=true
[2020.03.01-05.15.26:228][725]LogSlate: InvalidateAllWidgets triggered.  All widgets were invalidated
[2020.03.01-05.15.26:239][725]LogPlayLevel: Display: Shutting down PIE online subsystems
[2020.03.01-05.15.26:239][725]LogBlueprintUserMessages: Late EndPlayMap Detection: Level '/Game/Areiazo/Maps/BlockoutV3.BlockoutV3:PersistentLevel' has LevelScriptBlueprint '/Game/Areiazo/Maps/BlockoutV3.BlockoutV3:PersistentLevel.BlockoutV3' with GeneratedClass '/Game/Areiazo/Maps/BlockoutV3.BlockoutV3_C' with ClassGeneratedBy '/Game/Areiazo/Maps/BlockoutV3.BlockoutV3:PersistentLevel.BlockoutV3'
[2020.03.01-05.15.26:245][725]LogSlate: InvalidateAllWidgets triggered.  All widgets were invalidated
[2020.03.01-05.15.26:274][725]LogAudioMixer: Display: No commands were queued while flushing the source manager.
[2020.03.01-05.15.26:277][725]LogSlate: Updating window title bar state: overlay mode, drag disabled, window buttons hidden, title bar hidden
[2020.03.01-05.15.26:282][725]LogUObjectHash: Compacting FUObjectHashTables data took   3.05ms
[2020.03.01-05.15.26:330][728]LogPlayLevel: Display: Destroying online subsystem :Context_2
[2020.03.01-05.16.26:900][539]LogEditorViewport: Clicking on Actor (LMB): BP_Helper_Debug_C (BP_Helper_Debug)
[2020.03.01-05.16.43:589][383]LogTemp: Repeating last play command: Selected Viewport
[2020.03.01-05.16.43:599][383]LogBlueprintUserMessages: Early PlayInEditor Detection: Level '/Game/Areiazo/Maps/BlockoutV3.BlockoutV3:PersistentLevel' has LevelScriptBlueprint '/Game/Areiazo/Maps/BlockoutV3.BlockoutV3:PersistentLevel.BlockoutV3' with GeneratedClass '/Game/Areiazo/Maps/BlockoutV3.BlockoutV3_C' with ClassGeneratedBy '/Game/Areiazo/Maps/BlockoutV3.BlockoutV3:PersistentLevel.BlockoutV3'
[2020.03.01-05.16.43:600][383]LogPlayLevel: PlayLevel: No blueprints needed recompiling
[2020.03.01-05.16.43:600][383]PIE: New page: PIE session: BlockoutV3 (Feb 29, 2020, 1:16:43 PM)
[2020.03.01-05.16.43:600][383]LogPlayLevel: Creating play world package: /Game/Areiazo/Maps/UEDPIE_0_BlockoutV3
[2020.03.01-05.16.43:621][383]LogPlayLevel: PIE: StaticDuplicateObject took: (0.020950s)
[2020.03.01-05.16.43:622][383]LogAIModule: Creating AISystem for world BlockoutV3
[2020.03.01-05.16.43:622][383]LogPlayLevel: PIE: World Init took: (0.000959s)
[2020.03.01-05.16.43:622][383]LogPlayLevel: PIE: Created PIE world by copying editor world from /Game/Areiazo/Maps/BlockoutV3.BlockoutV3 to /Game/Areiazo/Maps/UEDPIE_0_BlockoutV3.BlockoutV3 (0.022055s)
[2020.03.01-05.16.43:653][383]LogUObjectHash: Compacting FUObjectHashTables data took   2.84ms
[2020.03.01-05.16.43:658][383]LogAudioMixer: Display: Audio Mixer Platform Settings:
[2020.03.01-05.16.43:658][383]LogAudioMixer: Display: 	Sample Rate:						  48000
[2020.03.01-05.16.43:658][383]LogAudioMixer: Display: 	Callback Buffer Frame Size Requested: 1024
[2020.03.01-05.16.43:658][383]LogAudioMixer: Display: 	Callback Buffer Frame Size To Use:	  1024
[2020.03.01-05.16.43:658][383]LogAudioMixer: Display: 	Number of buffers to queue:			  2
[2020.03.01-05.16.43:658][383]LogAudioMixer: Display: 	Max Channels (voices):				  32
[2020.03.01-05.16.43:658][383]LogAudioMixer: Display: 	Number of Async Source Workers:		  0
[2020.03.01-05.16.43:658][383]LogAudio: Display: AudioDevice MaxSources: 32
[2020.03.01-05.16.43:659][383]LogAudio: Display: Using built-in audio occlusion.
[2020.03.01-05.16.43:659][383]LogAudioMixer: Display: Initializing audio mixer.
[2020.03.01-05.16.43:697][383]LogAudioMixer: Display: Audio Device Output Speaker Info:
[2020.03.01-05.16.43:697][383]LogAudioMixer: Display: Name: Speakers (Realtek High Definition Audio)
[2020.03.01-05.16.43:697][383]LogAudioMixer: Display: Is Default: Yes
[2020.03.01-05.16.43:697][383]LogAudioMixer: Display: Sample Rate: 48000
[2020.03.01-05.16.43:697][383]LogAudioMixer: Display: Channel Count Used: 2
[2020.03.01-05.16.43:697][383]LogAudioMixer: Display: Device Channel Count: 2
[2020.03.01-05.16.43:697][383]LogAudioMixer: Display: Channel Order:
[2020.03.01-05.16.43:697][383]LogAudioMixer: Display: 0: FrontLeft
[2020.03.01-05.16.43:697][383]LogAudioMixer: Display: 1: FrontRight
[2020.03.01-05.16.43:722][383]LogAudioMixer: Display: Using Audio Device Speakers (Realtek High Definition Audio)
[2020.03.01-05.16.43:723][383]LogInit: FAudioDevice initialized.
[2020.03.01-05.16.43:731][383]LogLoad: Game class is 'BP_GameMode_Areiazo_C'
[2020.03.01-05.16.43:734][383]LogWorld: Bringing World /Game/Areiazo/Maps/UEDPIE_0_BlockoutV3.BlockoutV3 up for play (max tick rate 0) at 2020.02.29-21.16.43
[2020.03.01-05.16.43:735][383]LogWorld: Bringing up level for play took: 0.002793
[2020.03.01-05.16.43:735][383]LogOnline: OSS: Creating online subsystem instance for: :Context_5
[2020.03.01-05.16.43:736][383]LogGameMode: Display: Match State Changed from EnteringMap to WaitingToStart
[2020.03.01-05.16.43:736][383]LogGameState: Match State Changed from EnteringMap to WaitingToStart
[2020.03.01-05.16.43:736][383]LogGameMode: Display: Match State Changed from WaitingToStart to InProgress
[2020.03.01-05.16.43:737][383]LogLevel: Warning: Failed to find streaming level object associated with 'Map_Pause'
[2020.03.01-05.16.43:737][383]LogGameState: Match State Changed from WaitingToStart to InProgress
[2020.03.01-05.16.43:737][383]PIE: Play in editor start time for /Game/Areiazo/Maps/UEDPIE_0_BlockoutV3 -0.482
[2020.03.01-05.16.43:737][383]LogBlueprintUserMessages: Late PlayInEditor Detection: Level '/Game/Areiazo/Maps/BlockoutV3.BlockoutV3:PersistentLevel' has LevelScriptBlueprint '/Game/Areiazo/Maps/BlockoutV3.BlockoutV3:PersistentLevel.BlockoutV3' with GeneratedClass '/Game/Areiazo/Maps/BlockoutV3.BlockoutV3_C' with ClassGeneratedBy '/Game/Areiazo/Maps/BlockoutV3.BlockoutV3:PersistentLevel.BlockoutV3'
[2020.03.01-05.16.43:737][383]LogLevelStreaming: Display: FStreamLevelAction::UpdateOperation() LevelName Map_Pause, bIsLevelValid 0
[2020.03.01-05.16.56:460][906]LogAudioMixer: Display: No commands were queued while flushing the source manager.
[2020.03.01-05.16.56:460][906]LogAudioMixer: Display: No commands were queued while flushing the source manager.
[2020.03.01-05.16.56:460][906]LogBlueprintUserMessages: Early EndPlayMap Detection: Level '/Game/Areiazo/Maps/BlockoutV3.BlockoutV3:PersistentLevel' has LevelScriptBlueprint '/Game/Areiazo/Maps/BlockoutV3.BlockoutV3:PersistentLevel.BlockoutV3' with GeneratedClass '/Game/Areiazo/Maps/BlockoutV3.BlockoutV3_C' with ClassGeneratedBy '/Game/Areiazo/Maps/BlockoutV3.BlockoutV3:PersistentLevel.BlockoutV3'
[2020.03.01-05.16.56:461][906]LogSlate: Updating window title bar state: overlay mode, drag disabled, window buttons hidden, title bar hidden
[2020.03.01-05.16.56:461][906]LogWorld: BeginTearingDown for /Game/Areiazo/Maps/UEDPIE_0_BlockoutV3
[2020.03.01-05.16.56:461][906]LogAudioMixer: Display: No commands were queued while flushing the source manager.
[2020.03.01-05.16.56:461][906]LogWorld: UWorld::CleanupWorld for BlockoutV3, bSessionEnded=true, bCleanupResources=true
[2020.03.01-05.16.56:461][906]LogSlate: InvalidateAllWidgets triggered.  All widgets were invalidated
[2020.03.01-05.16.56:466][906]LogPlayLevel: Display: Shutting down PIE online subsystems
[2020.03.01-05.16.56:467][906]LogBlueprintUserMessages: Late EndPlayMap Detection: Level '/Game/Areiazo/Maps/BlockoutV3.BlockoutV3:PersistentLevel' has LevelScriptBlueprint '/Game/Areiazo/Maps/BlockoutV3.BlockoutV3:PersistentLevel.BlockoutV3' with GeneratedClass '/Game/Areiazo/Maps/BlockoutV3.BlockoutV3_C' with ClassGeneratedBy '/Game/Areiazo/Maps/BlockoutV3.BlockoutV3:PersistentLevel.BlockoutV3'
[2020.03.01-05.16.56:473][906]LogSlate: InvalidateAllWidgets triggered.  All widgets were invalidated
[2020.03.01-05.16.56:499][906]LogAudioMixer: Display: No commands were queued while flushing the source manager.
[2020.03.01-05.16.56:502][906]LogSlate: Updating window title bar state: overlay mode, drag disabled, window buttons hidden, title bar hidden
[2020.03.01-05.16.56:507][906]LogUObjectHash: Compacting FUObjectHashTables data took   2.92ms
[2020.03.01-05.16.56:563][910]LogPlayLevel: Display: Destroying online subsystem :Context_5
[2020.03.01-05.16.57:829][ 51]Cmd: OBJ SAVEPACKAGE PACKAGE="/Game/Areiazo/Maps/BlockoutV3" FILE="../../../../../GitHub/Le-VR-Project/Content/Areiazo/Maps/BlockoutV3.umap" SILENT=true AUTOSAVING=false KEEPDIRTY=false
[2020.03.01-05.16.57:869][ 51]LogUObjectHash: Compacting FUObjectHashTables data took   1.12ms
[2020.03.01-05.16.58:360][ 51]LogSavePackage: Moving '../../../../../GitHub/Le-VR-Project/Saved/BlockoutV324322CF64CFBDB1E047A52BD2D61BD77.tmp' to '../../../../../GitHub/Le-VR-Project/Content/Areiazo/Maps/BlockoutV3.umap'
[2020.03.01-05.16.58:399][ 51]Cmd: OBJ SAVEPACKAGE PACKAGE="/Game/Areiazo/Maps/BlockoutV3_BuiltData" FILE="../../../../../GitHub/Le-VR-Project/Content/Areiazo/Maps/BlockoutV3_BuiltData.uasset" SILENT=true
[2020.03.01-05.16.58:590][ 51]LogSavePackage: Moving '../../../../../GitHub/Le-VR-Project/Saved/BlockoutV3_BuiltData76C6927A4F55B041D93AD29F11ADB40A.tmp' to '../../../../../GitHub/Le-VR-Project/Content/Areiazo/Maps/BlockoutV3_BuiltData.uasset'
[2020.03.01-05.16.58:611][ 51]AssetCheck: New page: Asset Save: multiple assets
[2020.03.01-05.16.58:611][ 51]LogContentValidation: Display: Validating World /Game/Areiazo/Maps/BlockoutV3.BlockoutV3
[2020.03.01-05.16.58:611][ 51]LogContentValidation: Display: Validating MapBuildDataRegistry /Game/Areiazo/Maps/BlockoutV3_BuiltData.BlockoutV3_BuiltData
[2020.03.01-05.17.00:893][305]LogEditorViewport: Clicking on Actor (LMB): StaticMeshActor (full_rough_map_v2_world)
[2020.03.01-05.17.10:514][373]LogUObjectHash: Compacting FUObjectHashTables data took   3.60ms
[2020.03.01-05.17.10:590][373]LogSlate: Window 'AdvancedVRFrameworkV22 - Unreal Editor' being destroyed
[2020.03.01-05.17.10:591][373]LogWindowsTextInputMethodSystem: Display: IME system now deactivated.
[2020.03.01-05.17.10:774][374]Cmd: QUIT_EDITOR
[2020.03.01-05.17.10:774][374]LogCore: Engine exit requested (reason: UUnrealEdEngine::CloseEditor())
[2020.03.01-05.17.10:782][374]LogCore: Engine exit requested (reason: EngineExit() was called; note: exit was already requested)
[2020.03.01-05.17.10:782][374]LogAudioMixer: Display: No commands were queued while flushing the source manager.
